
*** Running vivado
    with args -log sub_BD_mdm_1_0.vds -m64 -product Vivado -mode batch -messageDb vivado.pb -notrace -source sub_BD_mdm_1_0.tcl


****** Vivado v2017.2 (64-bit)
  **** SW Build 1909853 on Thu Jun 15 18:39:09 MDT 2017
  **** IP Build 1909766 on Thu Jun 15 19:58:00 MDT 2017
    ** Copyright 1986-2017 Xilinx, Inc. All Rights Reserved.

source sub_BD_mdm_1_0.tcl -notrace
Starting RTL Elaboration : Time (s): cpu = 00:00:03 ; elapsed = 00:00:03 . Memory (MB): peak = 350.262 ; gain = 78.840
INFO: [Synth 8-638] synthesizing module 'sub_BD_mdm_1_0' [e:/Xilinx/XD58_Project/XD58_Artix_100T_project_microblaze/Project.srcs/sources_1/bd/sub_BD/ip/sub_BD_mdm_1_0/synth/sub_BD_mdm_1_0.vhd:74]
INFO: [Synth 8-638] synthesizing module 'MDM' [e:/Xilinx/XD58_Project/XD58_Artix_100T_project_microblaze/Project.srcs/sources_1/bd/sub_BD/ipshared/5967/hdl/mdm_v3_2_vh_rfs.vhd:13762]
INFO: [Synth 8-638] synthesizing module 'MB_BSCANE2' [e:/Xilinx/XD58_Project/XD58_Artix_100T_project_microblaze/Project.srcs/sources_1/bd/sub_BD/ipshared/5967/hdl/mdm_v3_2_vh_rfs.vhd:277]
INFO: [Synth 8-256] done synthesizing module 'MB_BSCANE2' (1#1) [e:/Xilinx/XD58_Project/XD58_Artix_100T_project_microblaze/Project.srcs/sources_1/bd/sub_BD/ipshared/5967/hdl/mdm_v3_2_vh_rfs.vhd:277]
INFO: [Synth 8-638] synthesizing module 'MB_BUFG' [e:/Xilinx/XD58_Project/XD58_Artix_100T_project_microblaze/Project.srcs/sources_1/bd/sub_BD/ipshared/5967/hdl/mdm_v3_2_vh_rfs.vhd:328]
INFO: [Synth 8-256] done synthesizing module 'MB_BUFG' (2#1) [e:/Xilinx/XD58_Project/XD58_Artix_100T_project_microblaze/Project.srcs/sources_1/bd/sub_BD/ipshared/5967/hdl/mdm_v3_2_vh_rfs.vhd:328]
INFO: [Synth 8-638] synthesizing module 'MDM_Core' [e:/Xilinx/XD58_Project/XD58_Artix_100T_project_microblaze/Project.srcs/sources_1/bd/sub_BD/ipshared/5967/hdl/mdm_v3_2_vh_rfs.vhd:6642]
INFO: [Synth 8-638] synthesizing module 'JTAG_CONTROL' [e:/Xilinx/XD58_Project/XD58_Artix_100T_project_microblaze/Project.srcs/sources_1/bd/sub_BD/ipshared/5967/hdl/mdm_v3_2_vh_rfs.vhd:3115]
INFO: [Synth 8-638] synthesizing module 'MB_FDC_1' [e:/Xilinx/XD58_Project/XD58_Artix_100T_project_microblaze/Project.srcs/sources_1/bd/sub_BD/ipshared/5967/hdl/mdm_v3_2_vh_rfs.vhd:630]
INFO: [Synth 8-256] done synthesizing module 'MB_FDC_1' (3#1) [e:/Xilinx/XD58_Project/XD58_Artix_100T_project_microblaze/Project.srcs/sources_1/bd/sub_BD/ipshared/5967/hdl/mdm_v3_2_vh_rfs.vhd:630]
INFO: [Synth 8-638] synthesizing module 'MB_FDRE_1' [e:/Xilinx/XD58_Project/XD58_Artix_100T_project_microblaze/Project.srcs/sources_1/bd/sub_BD/ipshared/5967/hdl/mdm_v3_2_vh_rfs.vhd:690]
INFO: [Synth 8-256] done synthesizing module 'MB_FDRE_1' (4#1) [e:/Xilinx/XD58_Project/XD58_Artix_100T_project_microblaze/Project.srcs/sources_1/bd/sub_BD/ipshared/5967/hdl/mdm_v3_2_vh_rfs.vhd:690]
INFO: [Synth 8-638] synthesizing module 'MB_SRL16E' [e:/Xilinx/XD58_Project/XD58_Artix_100T_project_microblaze/Project.srcs/sources_1/bd/sub_BD/ipshared/5967/hdl/mdm_v3_2_vh_rfs.vhd:759]
INFO: [Synth 8-256] done synthesizing module 'MB_SRL16E' (5#1) [e:/Xilinx/XD58_Project/XD58_Artix_100T_project_microblaze/Project.srcs/sources_1/bd/sub_BD/ipshared/5967/hdl/mdm_v3_2_vh_rfs.vhd:759]
INFO: [Synth 8-638] synthesizing module 'MB_SRL16E__parameterized1' [e:/Xilinx/XD58_Project/XD58_Artix_100T_project_microblaze/Project.srcs/sources_1/bd/sub_BD/ipshared/5967/hdl/mdm_v3_2_vh_rfs.vhd:759]
INFO: [Synth 8-256] done synthesizing module 'MB_SRL16E__parameterized1' (5#1) [e:/Xilinx/XD58_Project/XD58_Artix_100T_project_microblaze/Project.srcs/sources_1/bd/sub_BD/ipshared/5967/hdl/mdm_v3_2_vh_rfs.vhd:759]
INFO: [Synth 8-638] synthesizing module 'MB_SRL16E__parameterized3' [e:/Xilinx/XD58_Project/XD58_Artix_100T_project_microblaze/Project.srcs/sources_1/bd/sub_BD/ipshared/5967/hdl/mdm_v3_2_vh_rfs.vhd:759]
INFO: [Synth 8-256] done synthesizing module 'MB_SRL16E__parameterized3' (5#1) [e:/Xilinx/XD58_Project/XD58_Artix_100T_project_microblaze/Project.srcs/sources_1/bd/sub_BD/ipshared/5967/hdl/mdm_v3_2_vh_rfs.vhd:759]
INFO: [Synth 8-638] synthesizing module 'MB_SRL16E__parameterized5' [e:/Xilinx/XD58_Project/XD58_Artix_100T_project_microblaze/Project.srcs/sources_1/bd/sub_BD/ipshared/5967/hdl/mdm_v3_2_vh_rfs.vhd:759]
INFO: [Synth 8-256] done synthesizing module 'MB_SRL16E__parameterized5' (5#1) [e:/Xilinx/XD58_Project/XD58_Artix_100T_project_microblaze/Project.srcs/sources_1/bd/sub_BD/ipshared/5967/hdl/mdm_v3_2_vh_rfs.vhd:759]
INFO: [Synth 8-256] done synthesizing module 'JTAG_CONTROL' (6#1) [e:/Xilinx/XD58_Project/XD58_Artix_100T_project_microblaze/Project.srcs/sources_1/bd/sub_BD/ipshared/5967/hdl/mdm_v3_2_vh_rfs.vhd:3115]
INFO: [Synth 8-256] done synthesizing module 'MDM_Core' (7#1) [e:/Xilinx/XD58_Project/XD58_Artix_100T_project_microblaze/Project.srcs/sources_1/bd/sub_BD/ipshared/5967/hdl/mdm_v3_2_vh_rfs.vhd:6642]
INFO: [Synth 8-256] done synthesizing module 'MDM' (8#1) [e:/Xilinx/XD58_Project/XD58_Artix_100T_project_microblaze/Project.srcs/sources_1/bd/sub_BD/ipshared/5967/hdl/mdm_v3_2_vh_rfs.vhd:13762]
INFO: [Synth 8-256] done synthesizing module 'sub_BD_mdm_1_0' (9#1) [e:/Xilinx/XD58_Project/XD58_Artix_100T_project_microblaze/Project.srcs/sources_1/bd/sub_BD/ip/sub_BD_mdm_1_0/synth/sub_BD_mdm_1_0.vhd:74]
Finished RTL Elaboration : Time (s): cpu = 00:00:07 ; elapsed = 00:00:06 . Memory (MB): peak = 401.363 ; gain = 129.941
Finished RTL Optimization Phase 1 : Time (s): cpu = 00:00:07 ; elapsed = 00:00:07 . Memory (MB): peak = 401.363 ; gain = 129.941
INFO: [Device 21-403] Loading part xc7a100tfgg484-2L
Constraint Validation Runtime : Time (s): cpu = 00:00:00 ; elapsed = 00:00:00.023 . Memory (MB): peak = 709.582 ; gain = 0.000
Finished Constraint Validation : Time (s): cpu = 00:00:16 ; elapsed = 00:00:17 . Memory (MB): peak = 709.582 ; gain = 438.160
Finished Loading Part and Timing Information : Time (s): cpu = 00:00:16 ; elapsed = 00:00:17 . Memory (MB): peak = 709.582 ; gain = 438.160
Finished applying 'set_property' XDC Constraints : Time (s): cpu = 00:00:16 ; elapsed = 00:00:17 . Memory (MB): peak = 709.582 ; gain = 438.160
Finished RTL Optimization Phase 2 : Time (s): cpu = 00:00:17 ; elapsed = 00:00:17 . Memory (MB): peak = 709.582 ; gain = 438.160
Finished Cross Boundary and Area Optimization : Time (s): cpu = 00:00:18 ; elapsed = 00:00:18 . Memory (MB): peak = 709.582 ; gain = 438.160
Finished Applying XDC Timing Constraints : Time (s): cpu = 00:00:27 ; elapsed = 00:00:28 . Memory (MB): peak = 709.582 ; gain = 438.160
Finished Timing Optimization : Time (s): cpu = 00:00:28 ; elapsed = 00:00:28 . Memory (MB): peak = 709.582 ; gain = 438.160
Finished Technology Mapping : Time (s): cpu = 00:00:28 ; elapsed = 00:00:29 . Memory (MB): peak = 709.582 ; gain = 438.160
Finished IO Insertion : Time (s): cpu = 00:00:29 ; elapsed = 00:00:29 . Memory (MB): peak = 709.582 ; gain = 438.160
Finished Renaming Generated Instances : Time (s): cpu = 00:00:29 ; elapsed = 00:00:29 . Memory (MB): peak = 709.582 ; gain = 438.160
Finished Rebuilding User Hierarchy : Time (s): cpu = 00:00:29 ; elapsed = 00:00:29 . Memory (MB): peak = 709.582 ; gain = 438.160
Finished Renaming Generated Ports : Time (s): cpu = 00:00:29 ; elapsed = 00:00:29 . Memory (MB): peak = 709.582 ; gain = 438.160
Finished Handling Custom Attributes : Time (s): cpu = 00:00:29 ; elapsed = 00:00:29 . Memory (MB): peak = 709.582 ; gain = 438.160
Finished Renaming Generated Nets : Time (s): cpu = 00:00:29 ; elapsed = 00:00:29 . Memory (MB): peak = 709.582 ; gain = 438.160

Report Cell Usage: 
+------+--------+------+
|      |Cell    |Count |
+------+--------+------+
|1     |BSCANE2 |     1|
|2     |BUFG    |     1|
|3     |LUT1    |     2|
|4     |LUT2    |    14|
|5     |LUT3    |    28|
|6     |LUT4    |    14|
|7     |LUT5    |    17|
|8     |LUT6    |    34|
|9     |SRL16E  |     7|
|10    |FDCE    |   100|
|11    |FDC_1   |     1|
|12    |FDPE    |     7|
|13    |FDRE    |     3|
|14    |FDRE_1  |     1|
+------+--------+------+
Finished Writing Synthesis Report : Time (s): cpu = 00:00:29 ; elapsed = 00:00:29 . Memory (MB): peak = 709.582 ; gain = 438.160
synth_design: Time (s): cpu = 00:00:30 ; elapsed = 00:00:31 . Memory (MB): peak = 709.582 ; gain = 440.289
