
*** Running vivado
    with args -log sub_BD_microblaze_0_axi_intc_0.vds -m64 -product Vivado -mode batch -messageDb vivado.pb -notrace -source sub_BD_microblaze_0_axi_intc_0.tcl


****** Vivado v2017.2 (64-bit)
  **** SW Build 1909853 on Thu Jun 15 18:39:09 MDT 2017
  **** IP Build 1909766 on Thu Jun 15 19:58:00 MDT 2017
    ** Copyright 1986-2017 Xilinx, Inc. All Rights Reserved.

source sub_BD_microblaze_0_axi_intc_0.tcl -notrace
Starting RTL Elaboration : Time (s): cpu = 00:00:03 ; elapsed = 00:00:03 . Memory (MB): peak = 340.172 ; gain = 80.828
INFO: [Synth 8-638] synthesizing module 'sub_BD_microblaze_0_axi_intc_0' [e:/Xilinx/XD58_Project/XD58_Artix_100T_project_microblaze/Project.srcs/sources_1/bd/sub_BD/ip/sub_BD_microblaze_0_axi_intc_0/synth/sub_BD_microblaze_0_axi_intc_0.vhd:89]
INFO: [Synth 8-638] synthesizing module 'axi_intc' [e:/Xilinx/XD58_Project/XD58_Artix_100T_project_microblaze/Project.srcs/sources_1/bd/sub_BD/ipshared/d685/hdl/axi_intc_v4_1_vh_rfs.vhd:3769]
INFO: [Synth 8-638] synthesizing module 'intc_core' [e:/Xilinx/XD58_Project/XD58_Artix_100T_project_microblaze/Project.srcs/sources_1/bd/sub_BD/ipshared/d685/hdl/axi_intc_v4_1_vh_rfs.vhd:782]
INFO: [Synth 8-638] synthesizing module 'shared_ram_ivar' [e:/Xilinx/XD58_Project/XD58_Artix_100T_project_microblaze/Project.srcs/sources_1/bd/sub_BD/ipshared/d685/hdl/axi_intc_v4_1_vh_rfs.vhd:321]
INFO: [Synth 8-256] done synthesizing module 'shared_ram_ivar' (1#1) [e:/Xilinx/XD58_Project/XD58_Artix_100T_project_microblaze/Project.srcs/sources_1/bd/sub_BD/ipshared/d685/hdl/axi_intc_v4_1_vh_rfs.vhd:321]
INFO: [Synth 8-256] done synthesizing module 'intc_core' (2#1) [e:/Xilinx/XD58_Project/XD58_Artix_100T_project_microblaze/Project.srcs/sources_1/bd/sub_BD/ipshared/d685/hdl/axi_intc_v4_1_vh_rfs.vhd:782]
INFO: [Synth 8-638] synthesizing module 'axi_lite_ipif' [e:/Xilinx/XD58_Project/XD58_Artix_100T_project_microblaze/Project.srcs/sources_1/bd/sub_BD/ipshared/0ba0/hdl/axi_lite_ipif_v3_0_vh_rfs.vhd:2948]
INFO: [Synth 8-638] synthesizing module 'slave_attachment' [e:/Xilinx/XD58_Project/XD58_Artix_100T_project_microblaze/Project.srcs/sources_1/bd/sub_BD/ipshared/0ba0/hdl/axi_lite_ipif_v3_0_vh_rfs.vhd:2341]
INFO: [Synth 8-638] synthesizing module 'address_decoder' [e:/Xilinx/XD58_Project/XD58_Artix_100T_project_microblaze/Project.srcs/sources_1/bd/sub_BD/ipshared/0ba0/hdl/axi_lite_ipif_v3_0_vh_rfs.vhd:1775]
INFO: [Synth 8-638] synthesizing module 'pselect_f' [e:/Xilinx/XD58_Project/XD58_Artix_100T_project_microblaze/Project.srcs/sources_1/bd/sub_BD/ipshared/0ba0/hdl/axi_lite_ipif_v3_0_vh_rfs.vhd:1534]
INFO: [Synth 8-256] done synthesizing module 'pselect_f' (3#1) [e:/Xilinx/XD58_Project/XD58_Artix_100T_project_microblaze/Project.srcs/sources_1/bd/sub_BD/ipshared/0ba0/hdl/axi_lite_ipif_v3_0_vh_rfs.vhd:1534]
INFO: [Synth 8-638] synthesizing module 'pselect_f__parameterized0' [e:/Xilinx/XD58_Project/XD58_Artix_100T_project_microblaze/Project.srcs/sources_1/bd/sub_BD/ipshared/0ba0/hdl/axi_lite_ipif_v3_0_vh_rfs.vhd:1534]
INFO: [Synth 8-256] done synthesizing module 'pselect_f__parameterized0' (3#1) [e:/Xilinx/XD58_Project/XD58_Artix_100T_project_microblaze/Project.srcs/sources_1/bd/sub_BD/ipshared/0ba0/hdl/axi_lite_ipif_v3_0_vh_rfs.vhd:1534]
INFO: [Synth 8-638] synthesizing module 'pselect_f__parameterized1' [e:/Xilinx/XD58_Project/XD58_Artix_100T_project_microblaze/Project.srcs/sources_1/bd/sub_BD/ipshared/0ba0/hdl/axi_lite_ipif_v3_0_vh_rfs.vhd:1534]
INFO: [Synth 8-256] done synthesizing module 'pselect_f__parameterized1' (3#1) [e:/Xilinx/XD58_Project/XD58_Artix_100T_project_microblaze/Project.srcs/sources_1/bd/sub_BD/ipshared/0ba0/hdl/axi_lite_ipif_v3_0_vh_rfs.vhd:1534]
INFO: [Synth 8-638] synthesizing module 'pselect_f__parameterized2' [e:/Xilinx/XD58_Project/XD58_Artix_100T_project_microblaze/Project.srcs/sources_1/bd/sub_BD/ipshared/0ba0/hdl/axi_lite_ipif_v3_0_vh_rfs.vhd:1534]
INFO: [Synth 8-256] done synthesizing module 'pselect_f__parameterized2' (3#1) [e:/Xilinx/XD58_Project/XD58_Artix_100T_project_microblaze/Project.srcs/sources_1/bd/sub_BD/ipshared/0ba0/hdl/axi_lite_ipif_v3_0_vh_rfs.vhd:1534]
INFO: [Synth 8-638] synthesizing module 'pselect_f__parameterized3' [e:/Xilinx/XD58_Project/XD58_Artix_100T_project_microblaze/Project.srcs/sources_1/bd/sub_BD/ipshared/0ba0/hdl/axi_lite_ipif_v3_0_vh_rfs.vhd:1534]
INFO: [Synth 8-256] done synthesizing module 'pselect_f__parameterized3' (3#1) [e:/Xilinx/XD58_Project/XD58_Artix_100T_project_microblaze/Project.srcs/sources_1/bd/sub_BD/ipshared/0ba0/hdl/axi_lite_ipif_v3_0_vh_rfs.vhd:1534]
INFO: [Synth 8-638] synthesizing module 'pselect_f__parameterized4' [e:/Xilinx/XD58_Project/XD58_Artix_100T_project_microblaze/Project.srcs/sources_1/bd/sub_BD/ipshared/0ba0/hdl/axi_lite_ipif_v3_0_vh_rfs.vhd:1534]
INFO: [Synth 8-256] done synthesizing module 'pselect_f__parameterized4' (3#1) [e:/Xilinx/XD58_Project/XD58_Artix_100T_project_microblaze/Project.srcs/sources_1/bd/sub_BD/ipshared/0ba0/hdl/axi_lite_ipif_v3_0_vh_rfs.vhd:1534]
INFO: [Synth 8-638] synthesizing module 'pselect_f__parameterized5' [e:/Xilinx/XD58_Project/XD58_Artix_100T_project_microblaze/Project.srcs/sources_1/bd/sub_BD/ipshared/0ba0/hdl/axi_lite_ipif_v3_0_vh_rfs.vhd:1534]
INFO: [Synth 8-256] done synthesizing module 'pselect_f__parameterized5' (3#1) [e:/Xilinx/XD58_Project/XD58_Artix_100T_project_microblaze/Project.srcs/sources_1/bd/sub_BD/ipshared/0ba0/hdl/axi_lite_ipif_v3_0_vh_rfs.vhd:1534]
INFO: [Synth 8-638] synthesizing module 'pselect_f__parameterized6' [e:/Xilinx/XD58_Project/XD58_Artix_100T_project_microblaze/Project.srcs/sources_1/bd/sub_BD/ipshared/0ba0/hdl/axi_lite_ipif_v3_0_vh_rfs.vhd:1534]
INFO: [Synth 8-256] done synthesizing module 'pselect_f__parameterized6' (3#1) [e:/Xilinx/XD58_Project/XD58_Artix_100T_project_microblaze/Project.srcs/sources_1/bd/sub_BD/ipshared/0ba0/hdl/axi_lite_ipif_v3_0_vh_rfs.vhd:1534]
INFO: [Synth 8-638] synthesizing module 'pselect_f__parameterized7' [e:/Xilinx/XD58_Project/XD58_Artix_100T_project_microblaze/Project.srcs/sources_1/bd/sub_BD/ipshared/0ba0/hdl/axi_lite_ipif_v3_0_vh_rfs.vhd:1534]
INFO: [Synth 8-256] done synthesizing module 'pselect_f__parameterized7' (3#1) [e:/Xilinx/XD58_Project/XD58_Artix_100T_project_microblaze/Project.srcs/sources_1/bd/sub_BD/ipshared/0ba0/hdl/axi_lite_ipif_v3_0_vh_rfs.vhd:1534]
INFO: [Synth 8-638] synthesizing module 'pselect_f__parameterized8' [e:/Xilinx/XD58_Project/XD58_Artix_100T_project_microblaze/Project.srcs/sources_1/bd/sub_BD/ipshared/0ba0/hdl/axi_lite_ipif_v3_0_vh_rfs.vhd:1534]
INFO: [Synth 8-256] done synthesizing module 'pselect_f__parameterized8' (3#1) [e:/Xilinx/XD58_Project/XD58_Artix_100T_project_microblaze/Project.srcs/sources_1/bd/sub_BD/ipshared/0ba0/hdl/axi_lite_ipif_v3_0_vh_rfs.vhd:1534]
INFO: [Synth 8-638] synthesizing module 'pselect_f__parameterized9' [e:/Xilinx/XD58_Project/XD58_Artix_100T_project_microblaze/Project.srcs/sources_1/bd/sub_BD/ipshared/0ba0/hdl/axi_lite_ipif_v3_0_vh_rfs.vhd:1534]
INFO: [Synth 8-256] done synthesizing module 'pselect_f__parameterized9' (3#1) [e:/Xilinx/XD58_Project/XD58_Artix_100T_project_microblaze/Project.srcs/sources_1/bd/sub_BD/ipshared/0ba0/hdl/axi_lite_ipif_v3_0_vh_rfs.vhd:1534]
INFO: [Synth 8-638] synthesizing module 'pselect_f__parameterized10' [e:/Xilinx/XD58_Project/XD58_Artix_100T_project_microblaze/Project.srcs/sources_1/bd/sub_BD/ipshared/0ba0/hdl/axi_lite_ipif_v3_0_vh_rfs.vhd:1534]
INFO: [Synth 8-256] done synthesizing module 'pselect_f__parameterized10' (3#1) [e:/Xilinx/XD58_Project/XD58_Artix_100T_project_microblaze/Project.srcs/sources_1/bd/sub_BD/ipshared/0ba0/hdl/axi_lite_ipif_v3_0_vh_rfs.vhd:1534]
INFO: [Synth 8-638] synthesizing module 'pselect_f__parameterized11' [e:/Xilinx/XD58_Project/XD58_Artix_100T_project_microblaze/Project.srcs/sources_1/bd/sub_BD/ipshared/0ba0/hdl/axi_lite_ipif_v3_0_vh_rfs.vhd:1534]
INFO: [Synth 8-256] done synthesizing module 'pselect_f__parameterized11' (3#1) [e:/Xilinx/XD58_Project/XD58_Artix_100T_project_microblaze/Project.srcs/sources_1/bd/sub_BD/ipshared/0ba0/hdl/axi_lite_ipif_v3_0_vh_rfs.vhd:1534]
INFO: [Synth 8-638] synthesizing module 'pselect_f__parameterized12' [e:/Xilinx/XD58_Project/XD58_Artix_100T_project_microblaze/Project.srcs/sources_1/bd/sub_BD/ipshared/0ba0/hdl/axi_lite_ipif_v3_0_vh_rfs.vhd:1534]
INFO: [Synth 8-256] done synthesizing module 'pselect_f__parameterized12' (3#1) [e:/Xilinx/XD58_Project/XD58_Artix_100T_project_microblaze/Project.srcs/sources_1/bd/sub_BD/ipshared/0ba0/hdl/axi_lite_ipif_v3_0_vh_rfs.vhd:1534]
INFO: [Synth 8-638] synthesizing module 'pselect_f__parameterized13' [e:/Xilinx/XD58_Project/XD58_Artix_100T_project_microblaze/Project.srcs/sources_1/bd/sub_BD/ipshared/0ba0/hdl/axi_lite_ipif_v3_0_vh_rfs.vhd:1534]
INFO: [Synth 8-256] done synthesizing module 'pselect_f__parameterized13' (3#1) [e:/Xilinx/XD58_Project/XD58_Artix_100T_project_microblaze/Project.srcs/sources_1/bd/sub_BD/ipshared/0ba0/hdl/axi_lite_ipif_v3_0_vh_rfs.vhd:1534]
INFO: [Synth 8-638] synthesizing module 'pselect_f__parameterized14' [e:/Xilinx/XD58_Project/XD58_Artix_100T_project_microblaze/Project.srcs/sources_1/bd/sub_BD/ipshared/0ba0/hdl/axi_lite_ipif_v3_0_vh_rfs.vhd:1534]
INFO: [Synth 8-256] done synthesizing module 'pselect_f__parameterized14' (3#1) [e:/Xilinx/XD58_Project/XD58_Artix_100T_project_microblaze/Project.srcs/sources_1/bd/sub_BD/ipshared/0ba0/hdl/axi_lite_ipif_v3_0_vh_rfs.vhd:1534]
INFO: [Synth 8-638] synthesizing module 'pselect_f__parameterized15' [e:/Xilinx/XD58_Project/XD58_Artix_100T_project_microblaze/Project.srcs/sources_1/bd/sub_BD/ipshared/0ba0/hdl/axi_lite_ipif_v3_0_vh_rfs.vhd:1534]
INFO: [Synth 8-256] done synthesizing module 'pselect_f__parameterized15' (3#1) [e:/Xilinx/XD58_Project/XD58_Artix_100T_project_microblaze/Project.srcs/sources_1/bd/sub_BD/ipshared/0ba0/hdl/axi_lite_ipif_v3_0_vh_rfs.vhd:1534]
INFO: [Synth 8-638] synthesizing module 'pselect_f__parameterized16' [e:/Xilinx/XD58_Project/XD58_Artix_100T_project_microblaze/Project.srcs/sources_1/bd/sub_BD/ipshared/0ba0/hdl/axi_lite_ipif_v3_0_vh_rfs.vhd:1534]
INFO: [Synth 8-256] done synthesizing module 'pselect_f__parameterized16' (3#1) [e:/Xilinx/XD58_Project/XD58_Artix_100T_project_microblaze/Project.srcs/sources_1/bd/sub_BD/ipshared/0ba0/hdl/axi_lite_ipif_v3_0_vh_rfs.vhd:1534]
INFO: [Synth 8-256] done synthesizing module 'address_decoder' (4#1) [e:/Xilinx/XD58_Project/XD58_Artix_100T_project_microblaze/Project.srcs/sources_1/bd/sub_BD/ipshared/0ba0/hdl/axi_lite_ipif_v3_0_vh_rfs.vhd:1775]
INFO: [Synth 8-256] done synthesizing module 'slave_attachment' (5#1) [e:/Xilinx/XD58_Project/XD58_Artix_100T_project_microblaze/Project.srcs/sources_1/bd/sub_BD/ipshared/0ba0/hdl/axi_lite_ipif_v3_0_vh_rfs.vhd:2341]
INFO: [Synth 8-256] done synthesizing module 'axi_lite_ipif' (6#1) [e:/Xilinx/XD58_Project/XD58_Artix_100T_project_microblaze/Project.srcs/sources_1/bd/sub_BD/ipshared/0ba0/hdl/axi_lite_ipif_v3_0_vh_rfs.vhd:2948]
INFO: [Synth 8-256] done synthesizing module 'axi_intc' (7#1) [e:/Xilinx/XD58_Project/XD58_Artix_100T_project_microblaze/Project.srcs/sources_1/bd/sub_BD/ipshared/d685/hdl/axi_intc_v4_1_vh_rfs.vhd:3769]
INFO: [Synth 8-256] done synthesizing module 'sub_BD_microblaze_0_axi_intc_0' (8#1) [e:/Xilinx/XD58_Project/XD58_Artix_100T_project_microblaze/Project.srcs/sources_1/bd/sub_BD/ip/sub_BD_microblaze_0_axi_intc_0/synth/sub_BD_microblaze_0_axi_intc_0.vhd:89]
Finished RTL Elaboration : Time (s): cpu = 00:00:04 ; elapsed = 00:00:05 . Memory (MB): peak = 382.254 ; gain = 122.910
Finished RTL Optimization Phase 1 : Time (s): cpu = 00:00:04 ; elapsed = 00:00:05 . Memory (MB): peak = 382.254 ; gain = 122.910
INFO: [Device 21-403] Loading part xc7a100tfgg484-2L
Constraint Validation Runtime : Time (s): cpu = 00:00:00 ; elapsed = 00:00:00.030 . Memory (MB): peak = 693.484 ; gain = 0.000
Finished Constraint Validation : Time (s): cpu = 00:00:13 ; elapsed = 00:00:15 . Memory (MB): peak = 693.484 ; gain = 434.141
Finished Loading Part and Timing Information : Time (s): cpu = 00:00:13 ; elapsed = 00:00:15 . Memory (MB): peak = 693.484 ; gain = 434.141
Finished applying 'set_property' XDC Constraints : Time (s): cpu = 00:00:13 ; elapsed = 00:00:15 . Memory (MB): peak = 693.484 ; gain = 434.141
Finished RTL Optimization Phase 2 : Time (s): cpu = 00:00:14 ; elapsed = 00:00:15 . Memory (MB): peak = 693.484 ; gain = 434.141
Finished Cross Boundary and Area Optimization : Time (s): cpu = 00:00:15 ; elapsed = 00:00:17 . Memory (MB): peak = 693.484 ; gain = 434.141
---------------------------------------------------------------------------------
Start ROM, RAM, DSP and Shift Register Reporting
---------------------------------------------------------------------------------

Distributed RAM: Preliminary Mapping  Report (see note below)
+------------+--------------------------------------------------------------------------------+----------------+----------------------+-----------------+
|Module Name | RTL Object                                                                     | Inference      | Size (Depth x Width) | Primitives      | 
+------------+--------------------------------------------------------------------------------+----------------+----------------------+-----------------+
|U0          | INTC_CORE_I/IVAR_FAST_MODE_GEN.IVAR_REG_MEM_AXI_CLK_GEN.IVAR_REG_MEM_I/ram_reg | User Attribute | 16 x 32              | RAM16X1D x 32   | 
+------------+--------------------------------------------------------------------------------+----------------+----------------------+-----------------+

Note: The table above is a preliminary report that shows the Distributed RAMs at the current stage of the synthesis flow. Some Distributed RAMs may be reimplemented as non Distributed RAM primitives later in the synthesis flow. Multiple instantiated RAMs are reported only once.
---------------------------------------------------------------------------------
Finished ROM, RAM, DSP and Shift Register Reporting
---------------------------------------------------------------------------------
Finished Applying XDC Timing Constraints : Time (s): cpu = 00:00:25 ; elapsed = 00:00:27 . Memory (MB): peak = 693.484 ; gain = 434.141
Finished Timing Optimization : Time (s): cpu = 00:00:25 ; elapsed = 00:00:27 . Memory (MB): peak = 693.484 ; gain = 434.141
Finished Technology Mapping : Time (s): cpu = 00:00:25 ; elapsed = 00:00:27 . Memory (MB): peak = 693.484 ; gain = 434.141
Finished IO Insertion : Time (s): cpu = 00:00:26 ; elapsed = 00:00:28 . Memory (MB): peak = 693.484 ; gain = 434.141
Finished Renaming Generated Instances : Time (s): cpu = 00:00:26 ; elapsed = 00:00:28 . Memory (MB): peak = 693.484 ; gain = 434.141
Finished Rebuilding User Hierarchy : Time (s): cpu = 00:00:26 ; elapsed = 00:00:28 . Memory (MB): peak = 693.484 ; gain = 434.141
Finished Renaming Generated Ports : Time (s): cpu = 00:00:26 ; elapsed = 00:00:28 . Memory (MB): peak = 693.484 ; gain = 434.141
Finished Handling Custom Attributes : Time (s): cpu = 00:00:26 ; elapsed = 00:00:28 . Memory (MB): peak = 693.484 ; gain = 434.141
Finished Renaming Generated Nets : Time (s): cpu = 00:00:26 ; elapsed = 00:00:28 . Memory (MB): peak = 693.484 ; gain = 434.141

Report Cell Usage: 
+------+---------+------+
|      |Cell     |Count |
+------+---------+------+
|1     |LUT1     |     2|
|2     |LUT2     |    15|
|3     |LUT3     |    44|
|4     |LUT4     |    32|
|5     |LUT5     |    21|
|6     |LUT6     |    30|
|7     |RAM16X1D |    32|
|8     |FDRE     |   177|
|9     |FDSE     |     1|
+------+---------+------+
Finished Writing Synthesis Report : Time (s): cpu = 00:00:26 ; elapsed = 00:00:28 . Memory (MB): peak = 693.484 ; gain = 434.141
synth_design: Time (s): cpu = 00:00:28 ; elapsed = 00:00:30 . Memory (MB): peak = 693.484 ; gain = 436.770
