
*** Running vivado
    with args -log sub_BD_lmb_bram_1.vds -m64 -product Vivado -mode batch -messageDb vivado.pb -notrace -source sub_BD_lmb_bram_1.tcl


****** Vivado v2017.2 (64-bit)
  **** SW Build 1909853 on Thu Jun 15 18:39:09 MDT 2017
  **** IP Build 1909766 on Thu Jun 15 19:58:00 MDT 2017
    ** Copyright 1986-2017 Xilinx, Inc. All Rights Reserved.

source sub_BD_lmb_bram_1.tcl -notrace
Starting RTL Elaboration : Time (s): cpu = 00:00:04 ; elapsed = 00:00:05 . Memory (MB): peak = 341.730 ; gain = 81.570
INFO: [Synth 8-638] synthesizing module 'sub_BD_lmb_bram_1' [e:/Xilinx/XD58_Project/XD58_Artix_100T_project_microblaze/Project.srcs/sources_1/bd/sub_BD/ip/sub_BD_lmb_bram_1/synth/sub_BD_lmb_bram_1.vhd:78]
INFO: [Synth 8-256] done synthesizing module 'sub_BD_lmb_bram_1' (9#1) [e:/Xilinx/XD58_Project/XD58_Artix_100T_project_microblaze/Project.srcs/sources_1/bd/sub_BD/ip/sub_BD_lmb_bram_1/synth/sub_BD_lmb_bram_1.vhd:78]
Finished RTL Elaboration : Time (s): cpu = 00:00:41 ; elapsed = 00:00:42 . Memory (MB): peak = 547.387 ; gain = 287.227
Finished RTL Optimization Phase 1 : Time (s): cpu = 00:00:41 ; elapsed = 00:00:42 . Memory (MB): peak = 547.387 ; gain = 287.227
INFO: [Device 21-403] Loading part xc7a100tfgg484-2L
Constraint Validation Runtime : Time (s): cpu = 00:00:00 ; elapsed = 00:00:00.017 . Memory (MB): peak = 621.715 ; gain = 0.000
Finished Constraint Validation : Time (s): cpu = 00:00:49 ; elapsed = 00:00:50 . Memory (MB): peak = 621.715 ; gain = 361.555
Finished Loading Part and Timing Information : Time (s): cpu = 00:00:49 ; elapsed = 00:00:50 . Memory (MB): peak = 621.715 ; gain = 361.555
Finished applying 'set_property' XDC Constraints : Time (s): cpu = 00:00:49 ; elapsed = 00:00:50 . Memory (MB): peak = 621.715 ; gain = 361.555
Finished RTL Optimization Phase 2 : Time (s): cpu = 00:00:49 ; elapsed = 00:00:50 . Memory (MB): peak = 621.715 ; gain = 361.555
Finished Cross Boundary and Area Optimization : Time (s): cpu = 00:00:49 ; elapsed = 00:00:50 . Memory (MB): peak = 621.715 ; gain = 361.555
Finished Applying XDC Timing Constraints : Time (s): cpu = 00:00:57 ; elapsed = 00:00:58 . Memory (MB): peak = 642.535 ; gain = 382.375
Finished Timing Optimization : Time (s): cpu = 00:00:57 ; elapsed = 00:00:58 . Memory (MB): peak = 642.535 ; gain = 382.375
Finished Technology Mapping : Time (s): cpu = 00:00:57 ; elapsed = 00:00:58 . Memory (MB): peak = 653.680 ; gain = 393.520
Finished IO Insertion : Time (s): cpu = 00:00:58 ; elapsed = 00:00:59 . Memory (MB): peak = 653.680 ; gain = 393.520
Finished Renaming Generated Instances : Time (s): cpu = 00:00:58 ; elapsed = 00:00:59 . Memory (MB): peak = 653.680 ; gain = 393.520
Finished Rebuilding User Hierarchy : Time (s): cpu = 00:00:58 ; elapsed = 00:00:59 . Memory (MB): peak = 653.680 ; gain = 393.520
Finished Renaming Generated Ports : Time (s): cpu = 00:00:58 ; elapsed = 00:00:59 . Memory (MB): peak = 653.680 ; gain = 393.520
Finished Handling Custom Attributes : Time (s): cpu = 00:00:58 ; elapsed = 00:00:59 . Memory (MB): peak = 653.680 ; gain = 393.520
Finished Renaming Generated Nets : Time (s): cpu = 00:00:58 ; elapsed = 00:00:59 . Memory (MB): peak = 653.680 ; gain = 393.520

Report Cell Usage: 
+------+---------+------+
|      |Cell     |Count |
+------+---------+------+
|1     |RAMB36E1 |     2|
+------+---------+------+
Finished Writing Synthesis Report : Time (s): cpu = 00:00:58 ; elapsed = 00:00:59 . Memory (MB): peak = 653.680 ; gain = 393.520
synth_design: Time (s): cpu = 00:00:59 ; elapsed = 00:01:00 . Memory (MB): peak = 666.211 ; gain = 407.676
