
*** Running vivado
    with args -log sub_BD_microblaze_0_0.vds -m64 -product Vivado -mode batch -messageDb vivado.pb -notrace -source sub_BD_microblaze_0_0.tcl


****** Vivado v2017.2 (64-bit)
  **** SW Build 1909853 on Thu Jun 15 18:39:09 MDT 2017
  **** IP Build 1909766 on Thu Jun 15 19:58:00 MDT 2017
    ** Copyright 1986-2017 Xilinx, Inc. All Rights Reserved.

source sub_BD_microblaze_0_0.tcl -notrace
Starting RTL Elaboration : Time (s): cpu = 00:00:04 ; elapsed = 00:00:05 . Memory (MB): peak = 346.129 ; gain = 81.797
INFO: [Synth 8-638] synthesizing module 'sub_BD_microblaze_0_0' [e:/Xilinx/XD58_Project/XD58_Artix_100T_project_microblaze/Project.srcs/sources_1/bd/sub_BD/ip/sub_BD_microblaze_0_0/synth/sub_BD_microblaze_0_0.vhd:190]
INFO: [Synth 8-256] done synthesizing module 'sub_BD_microblaze_0_0' (63#1) [e:/Xilinx/XD58_Project/XD58_Artix_100T_project_microblaze/Project.srcs/sources_1/bd/sub_BD/ip/sub_BD_microblaze_0_0/synth/sub_BD_microblaze_0_0.vhd:190]
Finished RTL Elaboration : Time (s): cpu = 00:00:16 ; elapsed = 00:00:16 . Memory (MB): peak = 661.281 ; gain = 396.949
Finished RTL Optimization Phase 1 : Time (s): cpu = 00:00:17 ; elapsed = 00:00:18 . Memory (MB): peak = 661.281 ; gain = 396.949
INFO: [Device 21-403] Loading part xc7a100tfgg484-2L
Constraint Validation Runtime : Time (s): cpu = 00:00:00 ; elapsed = 00:00:00.148 . Memory (MB): peak = 924.613 ; gain = 0.000
Finished Constraint Validation : Time (s): cpu = 00:00:35 ; elapsed = 00:00:37 . Memory (MB): peak = 924.613 ; gain = 660.281
Finished Loading Part and Timing Information : Time (s): cpu = 00:00:35 ; elapsed = 00:00:37 . Memory (MB): peak = 924.613 ; gain = 660.281
Finished applying 'set_property' XDC Constraints : Time (s): cpu = 00:00:35 ; elapsed = 00:00:37 . Memory (MB): peak = 924.613 ; gain = 660.281
Finished RTL Optimization Phase 2 : Time (s): cpu = 00:00:41 ; elapsed = 00:00:42 . Memory (MB): peak = 924.613 ; gain = 660.281
Finished Cross Boundary and Area Optimization : Time (s): cpu = 00:00:55 ; elapsed = 00:00:57 . Memory (MB): peak = 924.613 ; gain = 660.281
Finished Applying XDC Timing Constraints : Time (s): cpu = 00:01:05 ; elapsed = 00:01:07 . Memory (MB): peak = 924.613 ; gain = 660.281
Finished Timing Optimization : Time (s): cpu = 00:01:08 ; elapsed = 00:01:10 . Memory (MB): peak = 924.613 ; gain = 660.281
Finished Technology Mapping : Time (s): cpu = 00:01:11 ; elapsed = 00:01:13 . Memory (MB): peak = 924.613 ; gain = 660.281
Finished IO Insertion : Time (s): cpu = 00:01:12 ; elapsed = 00:01:14 . Memory (MB): peak = 924.613 ; gain = 660.281
Finished Renaming Generated Instances : Time (s): cpu = 00:01:12 ; elapsed = 00:01:14 . Memory (MB): peak = 924.613 ; gain = 660.281
Finished Rebuilding User Hierarchy : Time (s): cpu = 00:01:13 ; elapsed = 00:01:15 . Memory (MB): peak = 924.613 ; gain = 660.281
Finished Renaming Generated Ports : Time (s): cpu = 00:01:13 ; elapsed = 00:01:15 . Memory (MB): peak = 924.613 ; gain = 660.281
Finished Handling Custom Attributes : Time (s): cpu = 00:01:13 ; elapsed = 00:01:15 . Memory (MB): peak = 924.613 ; gain = 660.281
Finished Renaming Generated Nets : Time (s): cpu = 00:01:13 ; elapsed = 00:01:15 . Memory (MB): peak = 924.613 ; gain = 660.281

Report Cell Usage: 
+------+-----------+------+
|      |Cell       |Count |
+------+-----------+------+
|1     |AND2B1L    |     4|
|2     |CARRY4     |     1|
|3     |LUT1       |    32|
|4     |LUT2       |   102|
|5     |LUT3       |   325|
|6     |LUT4       |   195|
|7     |LUT5       |   372|
|8     |LUT6       |   484|
|9     |LUT6_2     |    64|
|10    |MULT_AND   |     1|
|11    |MUXCY_L    |   173|
|12    |MUXF7      |   113|
|13    |RAM32M     |    16|
|14    |RAM32X1D   |    32|
|15    |RAMB36E1   |     2|
|16    |RAMB36E1_1 |     4|
|17    |SRL16E     |   166|
|18    |SRLC16E    |     8|
|19    |XORCY      |    94|
|20    |FDCE       |   143|
|21    |FDE        |    32|
|22    |FDR        |   125|
|23    |FDRE       |  1745|
|24    |FDS        |     1|
|25    |FDSE       |    60|
+------+-----------+------+
Finished Writing Synthesis Report : Time (s): cpu = 00:01:13 ; elapsed = 00:01:15 . Memory (MB): peak = 924.613 ; gain = 660.281
synth_design: Time (s): cpu = 00:01:18 ; elapsed = 00:01:19 . Memory (MB): peak = 924.613 ; gain = 664.352
