#-----------------------------------------------------------
# Webtalk v2017.2 (64-bit)
# SW Build 1909853 on Thu Jun 15 18:39:09 MDT 2017
# 
# Start of session at: Sat Nov 11 14:27:48 2017
# Process ID: 3828
# Current directory: E:/Xilinx/XD58_Project/XD58_Artix_100T_project_microblaze_new/XD58_Artix_100T_project_microblaze/Project.sdk/webtalk
# Command line: wbtcv.exe -mode batch -source sdk_webtalk.tcl
# Log file: E:/Xilinx/XD58_Project/XD58_Artix_100T_project_microblaze_new/XD58_Artix_100T_project_microblaze/Project.sdk/webtalk/webtalk.log
# Journal file: E:/Xilinx/XD58_Project/XD58_Artix_100T_project_microblaze_new/XD58_Artix_100T_project_microblaze/Project.sdk/webtalk\webtalk.jou
#-----------------------------------------------------------
source sdk_webtalk.tcl
# webtalk_init -webtalk_dir E:\\Xilinx\\XD58_Project\\XD58_Artix_100T_project_microblaze_new\\XD58_Artix_100T_project_microblaze\\Project.sdk\\webtalk
# webtalk_register_client -client project
# webtalk_add_data -client project -key date_generated -value "2017-11-11 14:27:46" -context "software_version_and_target_device"
# webtalk_add_data -client project -key product_version -value "SDK v2017.2" -context "software_version_and_target_device"
# webtalk_add_data -client project -key build_version -value "2017.2" -context "software_version_and_target_device"
# webtalk_add_data -client project -key os_platform -value "amd64" -context "software_version_and_target_device"
# webtalk_add_data -client project -key registration_id -value "" -context "software_version_and_target_device"
# webtalk_add_data -client project -key tool_flow -value "SDK" -context "software_version_and_target_device"
# webtalk_add_data -client project -key beta -value "false" -context "software_version_and_target_device"
# webtalk_add_data -client project -key route_design -value "NA" -context "software_version_and_target_device"
# webtalk_add_data -client project -key target_family -value "NA" -context "software_version_and_target_device"
# webtalk_add_data -client project -key target_device -value "NA" -context "software_version_and_target_device"
# webtalk_add_data -client project -key target_package -value "NA" -context "software_version_and_target_device"
# webtalk_add_data -client project -key target_speed -value "NA" -context "software_version_and_target_device"
# webtalk_add_data -client project -key random_id -value "3el4etdfvo2r8kjgv0ggitq1ah" -context "software_version_and_target_device"
# webtalk_add_data -client project -key project_id -value "2017.2_14" -context "software_version_and_target_device"
# webtalk_add_data -client project -key project_iteration -value "14" -context "software_version_and_target_device"
# webtalk_add_data -client project -key os_name -value "Microsoft Windows 7 , 64-bit" -context "user_environment"
# webtalk_add_data -client project -key os_release -value "major release  (build 7600)" -context "user_environment"
# webtalk_add_data -client project -key cpu_name -value "Intel(R) Core(TM) i7-6700K CPU @ 4.00GHz" -context "user_environment"
# webtalk_add_data -client project -key cpu_speed -value "4008 MHz" -context "user_environment"
# webtalk_add_data -client project -key total_processors -value "1" -context "user_environment"
# webtalk_add_data -client project -key system_ram -value "8.000 GB" -context "user_environment"
# webtalk_register_client -client sdk
# webtalk_add_data -client sdk -key uid -value "1510381264288" -context "sdk\\\\hardware/1510381264288"
# webtalk_add_data -client sdk -key isZynq -value "false" -context "sdk\\\\hardware/1510381264288"
# webtalk_add_data -client sdk -key isZynqMP -value "false" -context "sdk\\\\hardware/1510381264288"
# webtalk_add_data -client sdk -key Processors -value "1" -context "sdk\\\\hardware/1510381264288"
# webtalk_add_data -client sdk -key VivadoVersion -value "2017.2" -context "sdk\\\\hardware/1510381264288"
# webtalk_add_data -client sdk -key Arch -value "artix7" -context "sdk\\\\hardware/1510381264288"
# webtalk_add_data -client sdk -key Device -value "7a100t" -context "sdk\\\\hardware/1510381264288"
# webtalk_add_data -client sdk -key IsHandoff -value "true" -context "sdk\\\\hardware/1510381264288"
# webtalk_add_data -client sdk -key os -value "NA" -context "sdk\\\\hardware/1510381264288"
# webtalk_add_data -client sdk -key apptemplate -value "NA" -context "sdk\\\\hardware/1510381264288"
# webtalk_add_data -client sdk -key RecordType -value "HWCreation" -context "sdk\\\\hardware/1510381264288"
# webtalk_add_data -client sdk -key uid -value "1510381407152" -context "sdk\\\\bsp/1510381407152"
# webtalk_add_data -client sdk -key hwid -value "1510381264288" -context "sdk\\\\bsp/1510381407152"
# webtalk_add_data -client sdk -key os -value "standalone" -context "sdk\\\\bsp/1510381407152"
# webtalk_add_data -client sdk -key apptemplate -value "peripheral_tests" -context "sdk\\\\bsp/1510381407152"
# webtalk_add_data -client sdk -key RecordType -value "BSPCreation" -context "sdk\\\\bsp/1510381407152"
# webtalk_add_data -client sdk -key uid -value "1510381411396" -context "sdk\\\\application/1510381411396"
# webtalk_add_data -client sdk -key hwid -value "1510381264288" -context "sdk\\\\application/1510381411396"
# webtalk_add_data -client sdk -key bspid -value "1510381407152" -context "sdk\\\\application/1510381411396"
# webtalk_add_data -client sdk -key newbsp -value "true" -context "sdk\\\\application/1510381411396"
# webtalk_add_data -client sdk -key os -value "standalone" -context "sdk\\\\application/1510381411396"
# webtalk_add_data -client sdk -key apptemplate -value "peripheral_tests" -context "sdk\\\\application/1510381411396"
# webtalk_add_data -client sdk -key RecordType -value "APPCreation" -context "sdk\\\\application/1510381411396"
# webtalk_add_data -client sdk -key LangUsed -value "C" -context "sdk\\\\application/1510381411396"
# webtalk_add_data -client sdk -key Procused -value "microblaze" -context "sdk\\\\application/1510381411396"
# webtalk_add_data -client sdk -key projSize -value "163.30078125" -context "sdk\\\\application/1510381411396"
# webtalk_add_data -client sdk -key uid -value "NA" -context "sdk\\\\bsp/1510381666824"
# webtalk_add_data -client sdk -key RecordType -value "ToolUsage" -context "sdk\\\\bsp/1510381666824"
# webtalk_add_data -client sdk -key BootgenCount -value "0" -context "sdk\\\\bsp/1510381666824"
# webtalk_add_data -client sdk -key DebugCount -value "1" -context "sdk\\\\bsp/1510381666824"
# webtalk_add_data -client sdk -key PerfCount -value "0" -context "sdk\\\\bsp/1510381666824"
# webtalk_add_data -client sdk -key FlashCount -value "0" -context "sdk\\\\bsp/1510381666824"
# webtalk_add_data -client sdk -key CrossTriggCount -value "0" -context "sdk\\\\bsp/1510381666824"
# webtalk_add_data -client sdk -key QemuDebugCount -value "0" -context "sdk\\\\bsp/1510381666824"
# webtalk_transmit -clientid 2407506022 -regid "" -xml E:\\Xilinx\\XD58_Project\\XD58_Artix_100T_project_microblaze_new\\XD58_Artix_100T_project_microblaze\\Project.sdk\\webtalk\\usage_statistics_ext_sdk.xml -html E:\\Xilinx\\XD58_Project\\XD58_Artix_100T_project_microblaze_new\\XD58_Artix_100T_project_microblaze\\Project.sdk\\webtalk\\usage_statistics_ext_sdk.html -wdm E:\\Xilinx\\XD58_Project\\XD58_Artix_100T_project_microblaze_new\\XD58_Artix_100T_project_microblaze\\Project.sdk\\webtalk\\sdk_webtalk.wdm -intro "<H3>SDK Usage Report</H3><BR>"
# webtalk_terminate
INFO: [Common 17-206] Exiting Webtalk at Sat Nov 11 14:27:50 2017...
