#-----------------------------------------------------------
# Webtalk v2017.2 (64-bit)
# SW Build 1909853 on Thu Jun 15 18:39:09 MDT 2017
# 
# Start of session at: Sun Nov 12 15:42:05 2017
# Process ID: 7324
# Current directory: E:/Xilinx/XD58_Project/XD58/XD58_Artix_100T_project/Project.sdk/webtalk
# Command line: wbtcv.exe -mode batch -source sdk_webtalk.tcl
# Log file: E:/Xilinx/XD58_Project/XD58/XD58_Artix_100T_project/Project.sdk/webtalk/webtalk.log
# Journal file: E:/Xilinx/XD58_Project/XD58/XD58_Artix_100T_project/Project.sdk/webtalk\webtalk.jou
#-----------------------------------------------------------
source sdk_webtalk.tcl
# webtalk_init -webtalk_dir E:\\Xilinx\\XD58_Project\\XD58\\XD58_Artix_100T_project\\Project.sdk\\webtalk
# webtalk_register_client -client project
# webtalk_add_data -client project -key date_generated -value "2017-11-12 15:42:05" -context "software_version_and_target_device"
# webtalk_add_data -client project -key product_version -value "SDK v2017.2" -context "software_version_and_target_device"
# webtalk_add_data -client project -key build_version -value "2017.2" -context "software_version_and_target_device"
# webtalk_add_data -client project -key os_platform -value "amd64" -context "software_version_and_target_device"
# webtalk_add_data -client project -key registration_id -value "" -context "software_version_and_target_device"
# webtalk_add_data -client project -key tool_flow -value "SDK" -context "software_version_and_target_device"
# webtalk_add_data -client project -key beta -value "false" -context "software_version_and_target_device"
# webtalk_add_data -client project -key route_design -value "NA" -context "software_version_and_target_device"
# webtalk_add_data -client project -key target_family -value "NA" -context "software_version_and_target_device"
# webtalk_add_data -client project -key target_device -value "NA" -context "software_version_and_target_device"
# webtalk_add_data -client project -key target_package -value "NA" -context "software_version_and_target_device"
# webtalk_add_data -client project -key target_speed -value "NA" -context "software_version_and_target_device"
# webtalk_add_data -client project -key random_id -value "b50eeufpqriqh7b9374kh23mam" -context "software_version_and_target_device"
# webtalk_add_data -client project -key project_id -value "2017.2_2" -context "software_version_and_target_device"
# webtalk_add_data -client project -key project_iteration -value "2" -context "software_version_and_target_device"
# webtalk_add_data -client project -key os_name -value "Microsoft Windows 7 , 64-bit" -context "user_environment"
# webtalk_add_data -client project -key os_release -value "Service Pack 1  (build 7601)" -context "user_environment"
# webtalk_add_data -client project -key cpu_name -value "Intel(R) Core(TM) i7-6700K CPU @ 4.00GHz" -context "user_environment"
# webtalk_add_data -client project -key cpu_speed -value "4008 MHz" -context "user_environment"
# webtalk_add_data -client project -key total_processors -value "1" -context "user_environment"
# webtalk_add_data -client project -key system_ram -value "8.000 GB" -context "user_environment"
# webtalk_register_client -client sdk
# webtalk_add_data -client sdk -key uid -value "1510471524472" -context "sdk\\\\hardware/1510471524472"
# webtalk_add_data -client sdk -key isZynq -value "false" -context "sdk\\\\hardware/1510471524472"
# webtalk_add_data -client sdk -key isZynqMP -value "false" -context "sdk\\\\hardware/1510471524472"
# webtalk_add_data -client sdk -key Processors -value "1" -context "sdk\\\\hardware/1510471524472"
# webtalk_add_data -client sdk -key VivadoVersion -value "2017.2" -context "sdk\\\\hardware/1510471524472"
# webtalk_add_data -client sdk -key Arch -value "artix7" -context "sdk\\\\hardware/1510471524472"
# webtalk_add_data -client sdk -key Device -value "7a100t" -context "sdk\\\\hardware/1510471524472"
# webtalk_add_data -client sdk -key IsHandoff -value "true" -context "sdk\\\\hardware/1510471524472"
# webtalk_add_data -client sdk -key os -value "NA" -context "sdk\\\\hardware/1510471524472"
# webtalk_add_data -client sdk -key apptemplate -value "NA" -context "sdk\\\\hardware/1510471524472"
# webtalk_add_data -client sdk -key RecordType -value "HWCreation" -context "sdk\\\\hardware/1510471524472"
# webtalk_add_data -client sdk -key uid -value "1510471537257" -context "sdk\\\\bsp/1510471537257"
# webtalk_add_data -client sdk -key hwid -value "1510471524472" -context "sdk\\\\bsp/1510471537257"
# webtalk_add_data -client sdk -key os -value "standalone" -context "sdk\\\\bsp/1510471537257"
# webtalk_add_data -client sdk -key apptemplate -value "memory_tests" -context "sdk\\\\bsp/1510471537257"
# webtalk_add_data -client sdk -key RecordType -value "BSPCreation" -context "sdk\\\\bsp/1510471537257"
# webtalk_add_data -client sdk -key uid -value "1510471539688" -context "sdk\\\\application/1510471539688"
# webtalk_add_data -client sdk -key hwid -value "1510471524472" -context "sdk\\\\application/1510471539688"
# webtalk_add_data -client sdk -key bspid -value "1510471537257" -context "sdk\\\\application/1510471539688"
# webtalk_add_data -client sdk -key newbsp -value "true" -context "sdk\\\\application/1510471539688"
# webtalk_add_data -client sdk -key os -value "standalone" -context "sdk\\\\application/1510471539688"
# webtalk_add_data -client sdk -key apptemplate -value "memory_tests" -context "sdk\\\\application/1510471539688"
# webtalk_add_data -client sdk -key RecordType -value "APPCreation" -context "sdk\\\\application/1510471539688"
# webtalk_add_data -client sdk -key LangUsed -value "C" -context "sdk\\\\application/1510471539688"
# webtalk_add_data -client sdk -key Procused -value "microblaze" -context "sdk\\\\application/1510471539688"
# webtalk_add_data -client sdk -key projSize -value "96.18359375" -context "sdk\\\\application/1510471539688"
# webtalk_add_data -client sdk -key uid -value "NA" -context "sdk\\\\bsp/1510472525475"
# webtalk_add_data -client sdk -key RecordType -value "ToolUsage" -context "sdk\\\\bsp/1510472525475"
# webtalk_add_data -client sdk -key BootgenCount -value "0" -context "sdk\\\\bsp/1510472525475"
# webtalk_add_data -client sdk -key DebugCount -value "1" -context "sdk\\\\bsp/1510472525475"
# webtalk_add_data -client sdk -key PerfCount -value "0" -context "sdk\\\\bsp/1510472525475"
# webtalk_add_data -client sdk -key FlashCount -value "0" -context "sdk\\\\bsp/1510472525475"
# webtalk_add_data -client sdk -key CrossTriggCount -value "0" -context "sdk\\\\bsp/1510472525475"
# webtalk_add_data -client sdk -key QemuDebugCount -value "0" -context "sdk\\\\bsp/1510472525475"
# webtalk_transmit -clientid 3985594719 -regid "" -xml E:\\Xilinx\\XD58_Project\\XD58\\XD58_Artix_100T_project\\Project.sdk\\webtalk\\usage_statistics_ext_sdk.xml -html E:\\Xilinx\\XD58_Project\\XD58\\XD58_Artix_100T_project\\Project.sdk\\webtalk\\usage_statistics_ext_sdk.html -wdm E:\\Xilinx\\XD58_Project\\XD58\\XD58_Artix_100T_project\\Project.sdk\\webtalk\\sdk_webtalk.wdm -intro "<H3>SDK Usage Report</H3><BR>"
webtalk_transmit: Time (s): cpu = 00:00:00 ; elapsed = 00:00:06 . Memory (MB): peak = 62.617 ; gain = 0.246
# webtalk_terminate
INFO: [Common 17-206] Exiting Webtalk at Sun Nov 12 15:42:13 2017...
