14:20:57 INFO  : Registering command handlers for SDK TCF services
14:20:58 INFO  : Launching XSCT server: xsct.bat -interactive E:\Xilinx\XD58_Project\XD58_Artix_100T_project_microblaze_new\XD58_Artix_100T_project_microblaze\Project.sdk\temp_xsdb_launch_script.tcl
14:21:01 INFO  : XSCT server has started successfully.
14:21:03 INFO  : Successfully done setting XSCT server connection channel  
14:21:03 INFO  : Processing command line option -hwspec E:/Xilinx/XD58_Project/XD58_Artix_100T_project_microblaze_new/XD58_Artix_100T_project_microblaze/Project.sdk/Project_top.hdf.
14:21:03 INFO  : Successfully done setting SDK workspace  
14:25:22 INFO  : Connected to target on host '127.0.0.1' and port '3121'.
14:25:22 INFO  : 'targets -set -filter {jtag_cable_name =~ "Digilent JTAG-HS1 210512180066" && level==0} -index 0' command is executed.
14:25:23 INFO  : FPGA configured successfully with bitstream "E:/Xilinx/XD58_Project/XD58_Artix_100T_project_microblaze_new/XD58_Artix_100T_project_microblaze/Project.sdk/Project_top_hw_platform_0/download.bit"
14:25:31 INFO  : 'targets -set -filter {jtag_cable_name =~ "Digilent JTAG-HS1 210512180066" && level==0} -index 0' command is executed.
14:25:31 INFO  : 'fpga -state' command is executed.
14:25:31 INFO  : Connected to target on host '127.0.0.1' and port '3121'.
14:25:31 INFO  : Jtag cable 'Digilent JTAG-HS1 210512180066' is selected.
14:25:31 INFO  : 'jtag frequency' command is executed.
14:25:31 INFO  : Context for processor 'microblaze_0' is selected.
14:25:31 ERROR : Cannot stop MicroBlaze. MicroBlaze is held in reset
14:25:31 INFO  : ----------------XSDB Script----------------
connect -url tcp:127.0.0.1:3121
targets -set -nocase -filter {name =~ "microblaze*#0" && bscan=="USER2"  && jtag_cable_name =~ "Digilent JTAG-HS1 210512180066"} -index 0
rst -processor
----------------End of Script----------------

15:22:15 INFO  : Registering command handlers for SDK TCF services
15:22:16 INFO  : Launching XSCT server: xsct.bat -interactive E:\Xilinx\XD58_Project\XD58\XD58_Artix_100T_project\Project.sdk\temp_xsdb_launch_script.tcl
15:22:18 INFO  : XSCT server has started successfully.
15:22:18 INFO  : Successfully done setting XSCT server connection channel  
15:22:19 INFO  : Processing command line option -hwspec E:/Xilinx/XD58_Project/XD58/XD58_Artix_100T_project/Project.sdk/Project_top.hdf.
15:22:19 INFO  : Successfully done setting SDK workspace  
15:23:23 INFO  : Connected to target on host '127.0.0.1' and port '3121'.
15:23:23 INFO  : 'targets -set -filter {jtag_cable_name =~ "Digilent JTAG-HS1 210512180066" && level==0} -index 0' command is executed.
15:23:25 INFO  : FPGA configured successfully with bitstream "E:/Xilinx/XD58_Project/XD58/XD58_Artix_100T_project/Project.sdk/Project_top_hw_platform_0/download.bit"
15:24:12 INFO  : 'targets -set -filter {jtag_cable_name =~ "Digilent JTAG-HS1 210512180066" && level==0} -index 0' command is executed.
15:24:12 INFO  : 'fpga -state' command is executed.
15:24:12 INFO  : Connected to target on host '127.0.0.1' and port '3121'.
15:24:12 INFO  : Jtag cable 'Digilent JTAG-HS1 210512180066' is selected.
15:24:12 INFO  : 'jtag frequency' command is executed.
15:24:12 INFO  : Context for processor 'microblaze_0' is selected.
15:24:12 ERROR : Cannot stop MicroBlaze. MicroBlaze is held in reset
15:24:12 INFO  : ----------------XSDB Script----------------
connect -url tcp:127.0.0.1:3121
targets -set -nocase -filter {name =~ "microblaze*#0" && bscan=="USER2"  && jtag_cable_name =~ "Digilent JTAG-HS1 210512180066"} -index 0
rst -processor
----------------End of Script----------------

15:25:22 INFO  : Registering command handlers for SDK TCF services
15:25:22 INFO  : Launching XSCT server: xsct.bat -interactive E:\Xilinx\XD58_Project\XD58\XD58_Artix_100T_project\Project.sdk\temp_xsdb_launch_script.tcl
15:25:23 INFO  : XSCT server has started successfully.
15:25:24 INFO  : Processing command line option -hwspec E:/Xilinx/XD58_Project/XD58/XD58_Artix_100T_project/Project.sdk/Project_top.hdf.
15:25:24 INFO  : Successfully done setting XSCT server connection channel  
15:25:24 INFO  : Successfully done setting SDK workspace  
15:26:08 INFO  : Successfully generated E:\Xilinx\XD58_Project\XD58\XD58_Artix_100T_project\Project.sdk\ddr3_test\src\lscript.ld.
15:26:08 INFO  : Applying linker script to all configurations of project ddr3_test.
15:26:08 INFO  : Setting rebuild state to true for all configurations of project ddr3_test.
15:36:56 INFO  : Connected to target on host '127.0.0.1' and port '3121'.
15:36:56 INFO  : 'targets -set -filter {jtag_cable_name =~ "Digilent JTAG-HS1 210512180066" && level==0} -index 0' command is executed.
15:36:58 INFO  : FPGA configured successfully with bitstream "E:/Xilinx/XD58_Project/XD58/XD58_Artix_100T_project/Project.sdk/Project_top_hw_platform_0/download.bit"
15:38:25 INFO  : 'targets -set -filter {jtag_cable_name =~ "Digilent JTAG-HS1 210512180066" && level==0} -index 0' command is executed.
15:38:25 INFO  : 'fpga -state' command is executed.
15:38:25 INFO  : Connected to target on host '127.0.0.1' and port '3121'.
15:38:26 INFO  : Jtag cable 'Digilent JTAG-HS1 210512180066' is selected.
15:38:26 INFO  : 'jtag frequency' command is executed.
15:38:26 INFO  : Context for processor 'microblaze_0' is selected.
15:38:26 ERROR : Cannot stop MicroBlaze. MicroBlaze is held in reset
15:38:26 INFO  : ----------------XSDB Script----------------
connect -url tcp:127.0.0.1:3121
targets -set -nocase -filter {name =~ "microblaze*#0" && bscan=="USER2"  && jtag_cable_name =~ "Digilent JTAG-HS1 210512180066"} -index 0
rst -processor
----------------End of Script----------------

16:12:39 INFO  : Launching XSCT server: xsct.bat -interactive E:\Xilinx\XD58_Project\XD58\XD58_Artix_100T_project\Project.sdk\temp_xsdb_launch_script.tcl
16:12:40 INFO  : XSCT server has started successfully.
16:12:40 INFO  : Successfully done setting XSCT server connection channel  
16:12:40 INFO  : Successfully done setting SDK workspace  
16:12:41 INFO  : Registering command handlers for SDK TCF services
16:12:41 INFO  : Processing command line option -hwspec E:/Xilinx/XD58_Project/XD58/XD58_Artix_100T_project/Project.sdk/Project_top.hdf.
16:12:42 INFO  : Checking for hwspec changes in the project Project_top_hw_platform_0.
16:12:42 INFO  : SDK has detected change in the last modified timestamps for source hardware specification file Source:1510473819483,  Project:1510385736379
16:12:42 INFO  : The hardware specification for project 'Project_top_hw_platform_0' is different from E:/Xilinx/XD58_Project/XD58/XD58_Artix_100T_project/Project.sdk/Project_top.hdf.
16:12:42 INFO  : Copied contents of E:/Xilinx/XD58_Project/XD58/XD58_Artix_100T_project/Project.sdk/Project_top.hdf into \Project_top_hw_platform_0\system.hdf.
16:12:42 INFO  : Synchronizing projects in the workspace with the hardware platform specification changes.
16:12:44 INFO  : 
16:12:45 INFO  : Updating hardware inferred compiler options for ddr3_test.
16:12:45 INFO  : Clearing existing target manager status.
16:12:46 INFO  : Closing and re-opening the MSS file of ther project ddr3_test_bsp
16:12:46 INFO  : Workspace synchronized with the new hardware specification file. Cleaning dependent projects...
16:12:47 WARN  : Linker script will not be updated automatically. Users need to update it manually.
16:15:00 INFO  : Connected to target on host '127.0.0.1' and port '3121'.
16:15:00 INFO  : 'targets -set -filter {jtag_cable_name =~ "Digilent JTAG-HS1 210512180066" && level==0} -index 0' command is executed.
16:15:02 INFO  : FPGA configured successfully with bitstream "E:/Xilinx/XD58_Project/XD58/XD58_Artix_100T_project/Project.sdk/Project_top_hw_platform_0/download.bit"
16:15:58 INFO  : 'targets -set -filter {jtag_cable_name =~ "Digilent JTAG-HS1 210512180066" && level==0} -index 0' command is executed.
16:15:58 INFO  : 'fpga -state' command is executed.
16:15:58 INFO  : Connected to target on host '127.0.0.1' and port '3121'.
16:15:58 INFO  : Jtag cable 'Digilent JTAG-HS1 210512180066' is selected.
16:15:58 INFO  : 'jtag frequency' command is executed.
16:15:58 INFO  : Context for processor 'microblaze_0' is selected.
16:15:58 ERROR : Cannot stop MicroBlaze. MicroBlaze is held in reset
16:15:58 INFO  : ----------------XSDB Script----------------
connect -url tcp:127.0.0.1:3121
targets -set -nocase -filter {name =~ "microblaze*#0" && bscan=="USER2"  && jtag_cable_name =~ "Digilent JTAG-HS1 210512180066"} -index 0
rst -processor
----------------End of Script----------------

16:16:46 INFO  : 'targets -set -filter {jtag_cable_name =~ "Digilent JTAG-HS1 210512180066" && level==0} -index 0' command is executed.
16:16:46 INFO  : 'fpga -state' command is executed.
16:16:46 INFO  : Connected to target on host '127.0.0.1' and port '3121'.
16:16:46 INFO  : Jtag cable 'Digilent JTAG-HS1 210512180066' is selected.
16:16:46 INFO  : 'jtag frequency' command is executed.
16:16:46 INFO  : Context for processor 'microblaze_0' is selected.
16:16:46 ERROR : Cannot stop MicroBlaze. MicroBlaze is held in reset
16:16:46 INFO  : ----------------XSDB Script----------------
connect -url tcp:127.0.0.1:3121
targets -set -nocase -filter {name =~ "microblaze*#0" && bscan=="USER2"  && jtag_cable_name =~ "Digilent JTAG-HS1 210512180066"} -index 0
rst -processor
----------------End of Script----------------

16:24:05 ERROR : Unexpected error while parsing XMD response ?: com.google.gson.JsonSyntaxException: com.google.gson.stream.MalformedJsonException: invalid number or unquoted string near 
19:23:15 INFO  : Launching XSCT server: xsct.bat -interactive E:\Xilinx\XD58_Project\XD58\XD58_Artix_100T_project\Project.sdk\temp_xsdb_launch_script.tcl
19:23:16 INFO  : XSCT server has started successfully.
19:23:16 INFO  : Successfully done setting XSCT server connection channel  
19:23:16 INFO  : Successfully done setting SDK workspace  
19:23:17 INFO  : Registering command handlers for SDK TCF services
19:23:17 INFO  : Processing command line option -hwspec E:/Xilinx/XD58_Project/XD58/XD58_Artix_100T_project/Project.sdk/Project_top.hdf.
19:23:18 INFO  : Checking for hwspec changes in the project Project_top_hw_platform_0.
19:23:18 INFO  : SDK has detected change in the last modified timestamps for source hardware specification file Source:1510485191576,  Project:1510473819483
19:23:18 INFO  : The hardware specification for project 'Project_top_hw_platform_0' is different from E:/Xilinx/XD58_Project/XD58/XD58_Artix_100T_project/Project.sdk/Project_top.hdf.
19:23:18 INFO  : Copied contents of E:/Xilinx/XD58_Project/XD58/XD58_Artix_100T_project/Project.sdk/Project_top.hdf into \Project_top_hw_platform_0\system.hdf.
19:23:18 INFO  : Synchronizing projects in the workspace with the hardware platform specification changes.
19:23:20 INFO  : 
19:23:21 INFO  : Updating hardware inferred compiler options for ddr3_test.
19:23:21 INFO  : Clearing existing target manager status.
19:23:21 INFO  : Closing and re-opening the MSS file of ther project ddr3_test_bsp
19:23:22 INFO  : Workspace synchronized with the new hardware specification file. Cleaning dependent projects...
19:23:23 WARN  : Linker script will not be updated automatically. Users need to update it manually.
19:49:22 INFO  : Connected to target on host '127.0.0.1' and port '3121'.
19:49:22 INFO  : 'targets -set -filter {jtag_cable_name =~ "Digilent JTAG-HS1 210512180066" && level==0} -index 0' command is executed.
19:49:23 INFO  : FPGA configured successfully with bitstream "E:/Xilinx/XD58_Project/XD58/XD58_Artix_100T_project/Project.sdk/Project_top_hw_platform_0/download.bit"
19:50:17 INFO  : 'targets -set -filter {jtag_cable_name =~ "Digilent JTAG-HS1 210512180066" && level==0} -index 0' command is executed.
19:50:17 INFO  : 'fpga -state' command is executed.
19:50:17 INFO  : Connected to target on host '127.0.0.1' and port '3121'.
19:50:17 INFO  : Jtag cable 'Digilent JTAG-HS1 210512180066' is selected.
19:50:17 INFO  : 'jtag frequency' command is executed.
19:50:17 INFO  : Context for processor 'microblaze_0' is selected.
19:50:17 ERROR : Cannot stop MicroBlaze. MicroBlaze is held in reset
19:50:17 INFO  : ----------------XSDB Script----------------
connect -url tcp:127.0.0.1:3121
targets -set -nocase -filter {name =~ "microblaze*#0" && bscan=="USER2"  && jtag_cable_name =~ "Digilent JTAG-HS1 210512180066"} -index 0
rst -processor
----------------End of Script----------------

19:50:35 ERROR : Unexpected error while parsing XMD response ?: com.google.gson.JsonSyntaxException: com.google.gson.stream.MalformedJsonException: invalid number or unquoted string near 
19:56:23 INFO  : Registering command handlers for SDK TCF services
19:56:23 INFO  : Launching XSCT server: xsct.bat -interactive E:\Xilinx\XD58_Project\XD58\XD58_Artix_100T_project\Project.sdk\temp_xsdb_launch_script.tcl
19:56:24 INFO  : XSCT server has started successfully.
19:56:24 INFO  : Successfully done setting XSCT server connection channel  
19:56:24 INFO  : Processing command line option -hwspec E:/Xilinx/XD58_Project/XD58/XD58_Artix_100T_project/Project.sdk/Project_top.hdf.
19:56:24 INFO  : Successfully done setting SDK workspace  
19:57:29 INFO  : Successfully generated E:\Xilinx\XD58_Project\XD58\XD58_Artix_100T_project\Project.sdk\ddr3_test\src\lscript.ld.
19:57:29 INFO  : Applying linker script to all configurations of project ddr3_test.
19:57:29 INFO  : Setting rebuild state to true for all configurations of project ddr3_test.
19:57:50 INFO  : Connected to target on host '127.0.0.1' and port '3121'.
19:57:50 INFO  : 'targets -set -filter {jtag_cable_name =~ "Digilent JTAG-HS1 210512180066" && level==0} -index 0' command is executed.
19:57:52 INFO  : FPGA configured successfully with bitstream "E:/Xilinx/XD58_Project/XD58/XD58_Artix_100T_project/Project.sdk/Project_top_hw_platform_0/download.bit"
19:58:53 INFO  : Connected to target on host '127.0.0.1' and port '3121'.
19:58:53 INFO  : 'targets -set -filter {jtag_cable_name =~ "Digilent JTAG-HS1 210512180066" && level==0} -index 0' command is executed.
19:58:55 INFO  : FPGA configured successfully with bitstream "E:/Xilinx/XD58_Project/XD58/XD58_Artix_100T_project/Project.sdk/Project_top_hw_platform_0/download.bit"
19:59:11 INFO  : 'targets -set -filter {jtag_cable_name =~ "Digilent JTAG-HS1 210512180066" && level==0} -index 0' command is executed.
19:59:11 INFO  : 'fpga -state' command is executed.
19:59:11 INFO  : Connected to target on host '127.0.0.1' and port '3121'.
19:59:12 INFO  : Jtag cable 'Digilent JTAG-HS1 210512180066' is selected.
19:59:12 INFO  : 'jtag frequency' command is executed.
19:59:12 INFO  : Context for processor 'microblaze_0' is selected.
19:59:12 INFO  : Processor reset is completed for 'microblaze_0'.
19:59:12 INFO  : Context for processor 'microblaze_0' is selected.
19:59:12 INFO  : The application 'E:/Xilinx/XD58_Project/XD58/XD58_Artix_100T_project/Project.sdk/ddr3_test/Debug/ddr3_test.elf' is downloaded to processor 'microblaze_0'.
19:59:12 INFO  : ----------------XSDB Script----------------
connect -url tcp:127.0.0.1:3121
targets -set -nocase -filter {name =~ "microblaze*#0" && bscan=="USER2"  && jtag_cable_name =~ "Digilent JTAG-HS1 210512180066"} -index 0
rst -processor
targets -set -nocase -filter {name =~ "microblaze*#0" && bscan=="USER2"  && jtag_cable_name =~ "Digilent JTAG-HS1 210512180066"} -index 0
dow E:/Xilinx/XD58_Project/XD58/XD58_Artix_100T_project/Project.sdk/ddr3_test/Debug/ddr3_test.elf
----------------End of Script----------------

19:59:12 INFO  : Memory regions updated for context MicroBlaze #0
19:59:12 INFO  : Memory regions updated for context MicroBlaze #0
19:59:12 INFO  : Context for processor 'microblaze_0' is selected.
19:59:12 INFO  : 'con' command is executed.
19:59:12 INFO  : ----------------XSDB Script (After Launch)----------------
targets -set -nocase -filter {name =~ "microblaze*#0" && bscan=="USER2"  && jtag_cable_name =~ "Digilent JTAG-HS1 210512180066"} -index 0
con
----------------End of Script----------------

19:59:12 INFO  : Launch script is exported to file 'E:\Xilinx\XD58_Project\XD58\XD58_Artix_100T_project\Project.sdk\.sdk\launch_scripts\xilinx_c-c++_application_(system_debugger)\system_debugger_using_debug_ddr3_test.elf_on_local.tcl'
19:59:58 INFO  : Disconnected from the channel tcfchan#1.
