Copyright 1986-2017 Xilinx, Inc. All Rights Reserved.
----------------------------------------------------------------------------------------------
| Tool Version      : Vivado v.2017.2 (win64) Build 1909853 Thu Jun 15 18:39:09 MDT 2017
| Date              : Wed Nov 29 15:52:28 2017
| Host              : Fred-PC running 64-bit Service Pack 1  (build 7601)
| Command           : report_clock_utilization -file Project_top_clock_utilization_routed.rpt
| Design            : Project_top
| Device            : 7a100t-fgg484
| Speed File        : -2L  PRODUCTION 1.17 2017-05-11
| Temperature Grade : E
----------------------------------------------------------------------------------------------

Clock Utilization Report

Table of Contents
-----------------
1. Clock Primitive Utilization
2. Global Clock Resources
3. Global Clock Source Details
4. Local Clock Details
5. Clock Regions: Key Resource Utilization
6. Clock Regions : Global Clock Summary
7. Device Cell Placement Summary for Global Clock g0
8. Device Cell Placement Summary for Global Clock g1
9. Device Cell Placement Summary for Global Clock g2
10. Device Cell Placement Summary for Global Clock g3
11. Device Cell Placement Summary for Global Clock g4
12. Device Cell Placement Summary for Global Clock g5
13. Device Cell Placement Summary for Global Clock g6
14. Device Cell Placement Summary for Global Clock g7
15. Device Cell Placement Summary for Global Clock g8
16. Device Cell Placement Summary for Global Clock g9
17. Device Cell Placement Summary for Global Clock g10
18. Device Cell Placement Summary for Global Clock g11
19. Device Cell Placement Summary for Global Clock g12
20. Device Cell Placement Summary for Global Clock g13
21. Device Cell Placement Summary for Global Clock g14
22. Clock Region Cell Placement per Global Clock: Region X0Y0
23. Clock Region Cell Placement per Global Clock: Region X1Y0
24. Clock Region Cell Placement per Global Clock: Region X0Y1
25. Clock Region Cell Placement per Global Clock: Region X1Y1
26. Clock Region Cell Placement per Global Clock: Region X0Y2
27. Clock Region Cell Placement per Global Clock: Region X1Y2
28. Clock Region Cell Placement per Global Clock: Region X0Y3
29. Clock Region Cell Placement per Global Clock: Region X1Y3

1. Clock Primitive Utilization
------------------------------

+----------+------+-----------+-----+--------------+--------+
| Type     | Used | Available | LOC | Clock Region | Pblock |
+----------+------+-----------+-----+--------------+--------+
| BUFGCTRL |   13 |        32 |   0 |            0 |      0 |
| BUFH     |    1 |        96 |   0 |            0 |      0 |
| BUFIO    |    0 |        24 |   0 |            0 |      0 |
| BUFMR    |    0 |        12 |   0 |            0 |      0 |
| BUFR     |    1 |        24 |   0 |            0 |      0 |
| MMCM     |    2 |         6 |   1 |            0 |      0 |
| PLL      |    1 |         6 |   1 |            0 |      0 |
+----------+------+-----------+-----+--------------+--------+


2. Global Clock Resources
-------------------------

+-----------+-----------+-----------------+------------+----------------+--------------+-------------------+-------------+-----------------+--------------+--------------------------------------------------------------------------------------------+---------------------------------------------------------------------------------------------------------+------------------------------------------------------------------------------------------------+
| Global Id | Source Id | Driver Type/Pin | Constraint | Site           | Clock Region | Load Clock Region | Clock Loads | Non-Clock Loads | Clock Period | Clock                                                                                      | Driver Pin                                                                                              | Net                                                                                            |
+-----------+-----------+-----------------+------------+----------------+--------------+-------------------+-------------+-----------------+--------------+--------------------------------------------------------------------------------------------+---------------------------------------------------------------------------------------------------------+------------------------------------------------------------------------------------------------+
| g0        | src0      | BUFG/O          | None       | BUFGCTRL_X0Y0  | n/a          |                 8 |       15852 |               0 |       12.000 | clk_pll_i                                                                                  | sub_BD_inst/sub_BD_i/mig_7series_0/u_sub_BD_mig_7series_0_1_mig/u_ddr3_infrastructure/u_bufg_clkdiv0/O  | sub_BD_inst/sub_BD_i/mig_7series_0/u_sub_BD_mig_7series_0_1_mig/u_ddr3_infrastructure/ui_clk   |
| g1        | src1      | BUFG/O          | None       | BUFGCTRL_X0Y7  | n/a          |                 7 |       13665 |               0 |       10.000 | clk_out2_PLL_ip                                                                            | PLL_ip_inst/inst/clkout2_buf/O                                                                          | PLL_ip_inst/inst/clk_out2                                                                      |
| g2        | src2      | BUFG/O          | None       | BUFGCTRL_X0Y8  | n/a          |                 2 |         439 |               0 |       33.000 | dbg_hub/inst/BSCANID.u_xsdbm_id/SWITCH_N_EXT_BSCAN.bscan_inst/SERIES7_BSCAN.bscan_inst/TCK | dbg_hub/inst/BSCANID.u_xsdbm_id/SWITCH_N_EXT_BSCAN.u_bufg_icon_tck/O                                    | dbg_hub/inst/BSCANID.u_xsdbm_id/itck_i                                                         |
| g3        | src3      | BUFG/O          | None       | BUFGCTRL_X0Y9  | n/a          |                 2 |         234 |               0 |       33.333 | sub_BD_inst/sub_BD_i/mdm_1/U0/Use_E2.BSCAN_I/Use_E2.BSCANE2_I/DRCK                         | sub_BD_inst/sub_BD_i/mdm_1/U0/No_Dbg_Reg_Access.BUFG_DRCK/Using_FPGA.Native/O                           | sub_BD_inst/sub_BD_i/mdm_1/U0/No_Dbg_Reg_Access.BUFG_DRCK/Dbg_Clk_31                           |
| g4        | src4      | BUFR/O          | None       | BUFR_X1Y9      | X1Y2         |                 1 |          84 |               0 |              |                                                                                            | AD_deal_block_inst/AD_inst/DCO_buf_inst/O                                                               | AD_deal_block_inst/AD_inst/DCO                                                                 |
| g5        | src5      | BUFG/O          | None       | BUFGCTRL_X0Y10 | n/a          |                 2 |          79 |               0 |              |                                                                                            | user_wr_en_reg_i_2/O                                                                                    | user_wr_en_reg_i_2_n_0                                                                         |
| g6        | src6      | BUFG/O          | None       | BUFGCTRL_X0Y1  | n/a          |                 1 |          63 |               1 |       40.000 | mii_rtl_tx_clk                                                                             | sub_BD_inst/sub_BD_i/axi_ethernetlite_0/U0/NO_LOOPBACK_GEN.INCLUDE_BUFG_GEN.CLOCK_BUFG_TX/O             | sub_BD_inst/sub_BD_i/axi_ethernetlite_0/U0/phy_tx_clk_core                                     |
| g7        | src7      | BUFG/O          | None       | BUFGCTRL_X0Y2  | n/a          |                 1 |          56 |               0 |       40.000 | mii_rtl_rx_clk                                                                             | sub_BD_inst/sub_BD_i/axi_ethernetlite_0/U0/NO_LOOPBACK_GEN.INCLUDE_BUFG_GEN.CLOCK_BUFG_RX/O             | sub_BD_inst/sub_BD_i/axi_ethernetlite_0/U0/C                                                   |
| g8        | src1      | BUFG/O          | None       | BUFGCTRL_X0Y3  | n/a          |                 1 |          16 |               0 |        5.000 | clk_out3_PLL_ip                                                                            | PLL_ip_inst/inst/clkout3_buf/O                                                                          | PLL_ip_inst/inst/clk_out3                                                                      |
| g9        | src1      | BUFG/O          | None       | BUFGCTRL_X0Y5  | n/a          |                 1 |           1 |               0 |        6.000 | clk_out4_PLL_ip                                                                            | PLL_ip_inst/inst/clkout4_buf/O                                                                          | PLL_ip_inst/inst/clk_out4                                                                      |
| g10       | src1      | BUFG/O          | None       | BUFGCTRL_X0Y12 | n/a          |                 1 |           1 |               0 |       40.000 | clkfbout_PLL_ip                                                                            | PLL_ip_inst/inst/clkf_buf/O                                                                             | PLL_ip_inst/inst/clkfbout_buf_PLL_ip                                                           |
| g11       | src8      | BUFG/O          | None       | BUFGCTRL_X0Y11 | n/a          |                 3 |           1 |               3 |              |                                                                                            | ddr3_block_inst/wr_ddr3_ctrl_block/wr_ddr3_ctrl_A/rden_sel_BUFG_inst/O                                  | ddr3_block_inst/wr_ddr3_ctrl_block/wr_ddr3_ctrl_A/rden_sel_w                                   |
| g12       | src9      | BUFH/O          | None       | BUFHCE_X1Y12   | X1Y1         |                 1 |           1 |               0 |       12.000 | pll_clk3_out                                                                               | sub_BD_inst/sub_BD_i/mig_7series_0/u_sub_BD_mig_7series_0_1_mig/u_ddr3_infrastructure/u_bufh_pll_clk3/O | sub_BD_inst/sub_BD_i/mig_7series_0/u_sub_BD_mig_7series_0_1_mig/u_ddr3_infrastructure/pll_clk3 |
| g13       | src1      | BUFG/O          | None       | BUFGCTRL_X0Y4  | n/a          |                 1 |           0 |               1 |       50.000 | clk_out1_PLL_ip                                                                            | PLL_ip_inst/inst/clkout1_buf/O                                                                          | PLL_ip_inst/inst/clk_out1                                                                      |
| g14       | src1      | BUFG/O          | None       | BUFGCTRL_X0Y6  | n/a          |                 1 |           0 |               1 |       50.000 | clk_out5_PLL_ip                                                                            | PLL_ip_inst/inst/clkout5_buf/O                                                                          | PLL_ip_inst/inst/clk_out5                                                                      |
+-----------+-----------+-----------------+------------+----------------+--------------+-------------------+-------------+-----------------+--------------+--------------------------------------------------------------------------------------------+---------------------------------------------------------------------------------------------------------+------------------------------------------------------------------------------------------------+
* Clock Loads column represents the clock pin loads (pin count)
** Non-Clock Loads column represents the non-clock pin loads (pin count)


3. Global Clock Source Details
------------------------------

+-----------+-----------+---------------------+-----------------+-----------------+--------------+-------------+-----------------+---------------------+--------------------------------------------------------------------------------------------+----------------------------------------------------------------------------------------------------------------+----------------------------------------------------------------------------------------------------+
| Source Id | Global Id | Driver Type/Pin     | Constraint      | Site            | Clock Region | Clock Loads | Non-Clock Loads | Source Clock Period | Source Clock                                                                               | Driver Pin                                                                                                     | Net                                                                                                |
+-----------+-----------+---------------------+-----------------+-----------------+--------------+-------------+-----------------+---------------------+--------------------------------------------------------------------------------------------+----------------------------------------------------------------------------------------------------------------+----------------------------------------------------------------------------------------------------+
| src0      | g0        | MMCME2_ADV/CLKFBOUT | MMCME2_ADV_X1Y1 | MMCME2_ADV_X1Y1 | X1Y1         |           1 |               0 |              12.000 | clk_pll_i                                                                                  | sub_BD_inst/sub_BD_i/mig_7series_0/u_sub_BD_mig_7series_0_1_mig/u_ddr3_infrastructure/gen_mmcm.mmcm_i/CLKFBOUT | sub_BD_inst/sub_BD_i/mig_7series_0/u_sub_BD_mig_7series_0_1_mig/u_ddr3_infrastructure/clk_pll_i    |
| src1      | g13       | MMCME2_ADV/CLKOUT0  | None            | MMCME2_ADV_X0Y1 | X0Y1         |           1 |               0 |              50.000 | clk_out1_PLL_ip                                                                            | PLL_ip_inst/inst/mmcm_adv_inst/CLKOUT0                                                                         | PLL_ip_inst/inst/clk_out1_PLL_ip                                                                   |
| src1      | g1        | MMCME2_ADV/CLKOUT1  | None            | MMCME2_ADV_X0Y1 | X0Y1         |           1 |               0 |              10.000 | clk_out2_PLL_ip                                                                            | PLL_ip_inst/inst/mmcm_adv_inst/CLKOUT1                                                                         | PLL_ip_inst/inst/clk_out2_PLL_ip                                                                   |
| src1      | g8        | MMCME2_ADV/CLKOUT2  | None            | MMCME2_ADV_X0Y1 | X0Y1         |           1 |               0 |               5.000 | clk_out3_PLL_ip                                                                            | PLL_ip_inst/inst/mmcm_adv_inst/CLKOUT2                                                                         | PLL_ip_inst/inst/clk_out3_PLL_ip                                                                   |
| src1      | g9        | MMCME2_ADV/CLKOUT3  | None            | MMCME2_ADV_X0Y1 | X0Y1         |           1 |               0 |               6.000 | clk_out4_PLL_ip                                                                            | PLL_ip_inst/inst/mmcm_adv_inst/CLKOUT3                                                                         | PLL_ip_inst/inst/clk_out4_PLL_ip                                                                   |
| src1      | g14       | MMCME2_ADV/CLKOUT4  | None            | MMCME2_ADV_X0Y1 | X0Y1         |           1 |               0 |              50.000 | clk_out5_PLL_ip                                                                            | PLL_ip_inst/inst/mmcm_adv_inst/CLKOUT4                                                                         | PLL_ip_inst/inst/clk_out5_PLL_ip                                                                   |
| src1      | g10       | MMCME2_ADV/CLKFBOUT | None            | MMCME2_ADV_X0Y1 | X0Y1         |           1 |               0 |              40.000 | clkfbout_PLL_ip                                                                            | PLL_ip_inst/inst/mmcm_adv_inst/CLKFBOUT                                                                        | PLL_ip_inst/inst/clkfbout_PLL_ip                                                                   |
| src2      | g2        | BSCANE2/TCK         | None            | BSCAN_X0Y0      | X0Y1         |           1 |               0 |              33.000 | dbg_hub/inst/BSCANID.u_xsdbm_id/SWITCH_N_EXT_BSCAN.bscan_inst/SERIES7_BSCAN.bscan_inst/TCK | dbg_hub/inst/BSCANID.u_xsdbm_id/SWITCH_N_EXT_BSCAN.bscan_inst/SERIES7_BSCAN.bscan_inst/TCK                     | dbg_hub/inst/BSCANID.u_xsdbm_id/SWITCH_N_EXT_BSCAN.bscan_inst/tck_bs                               |
| src3      | g3        | BSCANE2/DRCK        | None            | BSCAN_X0Y1      | X0Y1         |           1 |               0 |              33.333 | sub_BD_inst/sub_BD_i/mdm_1/U0/Use_E2.BSCAN_I/Use_E2.BSCANE2_I/DRCK                         | sub_BD_inst/sub_BD_i/mdm_1/U0/Use_E2.BSCAN_I/Use_E2.BSCANE2_I/DRCK                                             | sub_BD_inst/sub_BD_i/mdm_1/U0/Use_E2.BSCAN_I/drck_i                                                |
| src4      | g4        | IBUFDS/O            | IOB_X1Y134      | IOB_X1Y134      | X1Y2         |           1 |               0 |                     |                                                                                            | AD_deal_block_inst/AD_inst/ibufds_clk_inst/O                                                                   | AD_deal_block_inst/AD_inst/DCO_int                                                                 |
| src5      | g5        | LUT4/O              | None            | SLICE_X51Y95    | X0Y1         |           1 |               0 |                     |                                                                                            | ddr3_block_inst/wr_ddr3_ctrl_block/user_wr_en_inferred__0/i_/O                                                 | ddr3_block_inst/wr_ddr3_ctrl_block/wr_ram_cnt_reg[9]                                               |
| src6      | g6        | IBUF/O              | IOB_X0Y35       | IOB_X0Y35       | X0Y0         |           1 |               0 |              40.000 | mii_rtl_tx_clk                                                                             | sub_BD_inst/sub_BD_i/axi_ethernetlite_0/U0/NO_LOOPBACK_GEN.INCLUDE_BUFG_GEN.TX_IBUF_INST/O                     | sub_BD_inst/sub_BD_i/axi_ethernetlite_0/U0/o                                                       |
| src7      | g7        | IBUF/O              | IOB_X0Y45       | IOB_X0Y45       | X0Y0         |           1 |               0 |              40.000 | mii_rtl_rx_clk                                                                             | sub_BD_inst/sub_BD_i/axi_ethernetlite_0/U0/NO_LOOPBACK_GEN.INCLUDE_BUFG_GEN.RX_IBUF_INST/O                     | sub_BD_inst/sub_BD_i/axi_ethernetlite_0/U0/NO_LOOPBACK_GEN.INCLUDE_BUFG_GEN.RX_IBUF_INST_n_0       |
| src8      | g11       | FDCE/Q              | None            | SLICE_X52Y77    | X1Y1         |           1 |              33 |                     |                                                                                            | ddr3_block_inst/wr_ddr3_ctrl_block/wr_ddr3_ctrl_A/rden_sel_reg/Q                                               | ddr3_block_inst/wr_ddr3_ctrl_block/wr_ddr3_ctrl_A/rden_sel                                         |
| src9      | g12       | PLLE2_ADV/CLKOUT3   | PLLE2_ADV_X1Y1  | PLLE2_ADV_X1Y1  | X1Y1         |           1 |               0 |              12.000 | pll_clk3_out                                                                               | sub_BD_inst/sub_BD_i/mig_7series_0/u_sub_BD_mig_7series_0_1_mig/u_ddr3_infrastructure/plle2_i/CLKOUT3          | sub_BD_inst/sub_BD_i/mig_7series_0/u_sub_BD_mig_7series_0_1_mig/u_ddr3_infrastructure/pll_clk3_out |
+-----------+-----------+---------------------+-----------------+-----------------+--------------+-------------+-----------------+---------------------+--------------------------------------------------------------------------------------------+----------------------------------------------------------------------------------------------------------------+----------------------------------------------------------------------------------------------------+
* Clock Loads column represents the clock pin loads (pin count)
** Non-Clock Loads column represents the non-clock pin loads (pin count)


4. Local Clock Details
----------------------

+----------+----------------------------+---------------------+------------------------------------+--------------+-------------+-----------------+--------------+---------------+--------------------------------------------------------------------------------------------------------------------------------------------------------------------------------------------------------------------------------------+-----------------------------------------------------------------------------------------------------------------------------------------------------------------------------------------------------------------------------------+
| Local Id | Driver Type/Pin            | Constraint          | Site/BEL                           | Clock Region | Clock Loads | Non-Clock Loads | Clock Period | Clock         | Driver Pin                                                                                                                                                                                                                           | Net                                                                                                                                                                                                                               |
+----------+----------------------------+---------------------+------------------------------------+--------------+-------------+-----------------+--------------+---------------+--------------------------------------------------------------------------------------------------------------------------------------------------------------------------------------------------------------------------------------+-----------------------------------------------------------------------------------------------------------------------------------------------------------------------------------------------------------------------------------+
| 0        | PLLE2_ADV/CLKOUT0          | PLLE2_ADV_X1Y1      | PLLE2_ADV_X1Y1/PLLE2_ADV           | X1Y1         |           5 |               2 |        1.500 | freq_refclk   | sub_BD_inst/sub_BD_i/mig_7series_0/u_sub_BD_mig_7series_0_1_mig/u_ddr3_infrastructure/plle2_i/CLKOUT0                                                                                                                                | sub_BD_inst/sub_BD_i/mig_7series_0/u_sub_BD_mig_7series_0_1_mig/u_ddr3_infrastructure/freq_refclk                                                                                                                                 |
| 1        | PHASER_OUT_PHY/OCLKDELAYED | PHASER_OUT_PHY_X1Y5 | PHASER_OUT_PHY_X1Y5/PHASER_OUT_PHY | X1Y1         |           2 |               0 |        3.000 | oserdes_clk_1 | sub_BD_inst/sub_BD_i/mig_7series_0/u_sub_BD_mig_7series_0_1_mig/u_memc_ui_top_axi/mem_intfc0/ddr_phy_top0/u_ddr_mc_phy_wrapper/u_ddr_mc_phy/ddr_phy_4lanes_0.u_ddr_phy_4lanes/ddr_byte_lane_B.ddr_byte_lane_B/phaser_out/OCLKDELAYED | sub_BD_inst/sub_BD_i/mig_7series_0/u_sub_BD_mig_7series_0_1_mig/u_memc_ui_top_axi/mem_intfc0/ddr_phy_top0/u_ddr_mc_phy_wrapper/u_ddr_mc_phy/ddr_phy_4lanes_0.u_ddr_phy_4lanes/ddr_byte_lane_B.ddr_byte_lane_B/oserdes_clk_delayed |
| 2        | PHASER_OUT_PHY/OCLKDELAYED | PHASER_OUT_PHY_X1Y6 | PHASER_OUT_PHY_X1Y6/PHASER_OUT_PHY | X1Y1         |           2 |               0 |        3.000 | oserdes_clk_2 | sub_BD_inst/sub_BD_i/mig_7series_0/u_sub_BD_mig_7series_0_1_mig/u_memc_ui_top_axi/mem_intfc0/ddr_phy_top0/u_ddr_mc_phy_wrapper/u_ddr_mc_phy/ddr_phy_4lanes_0.u_ddr_phy_4lanes/ddr_byte_lane_C.ddr_byte_lane_C/phaser_out/OCLKDELAYED | sub_BD_inst/sub_BD_i/mig_7series_0/u_sub_BD_mig_7series_0_1_mig/u_memc_ui_top_axi/mem_intfc0/ddr_phy_top0/u_ddr_mc_phy_wrapper/u_ddr_mc_phy/ddr_phy_4lanes_0.u_ddr_phy_4lanes/ddr_byte_lane_C.ddr_byte_lane_C/oserdes_clk_delayed |
| 3        | LUT1/O                     | None                | SLICE_X36Y98/A6LUT                 | X0Y1         |           1 |               0 |              |               | ddr3_block_inst/wr_ddr3_ctrl_block/wr_ddr3_ctrl_A/fifo_rd_time_code_en_reg_i_1/O                                                                                                                                                     | ddr3_block_inst/wr_ddr3_ctrl_block/wr_ddr3_ctrl_A/fifo_rd_time_code_en_reg_i_1_n_0                                                                                                                                                |
| 4        | PLLE2_ADV/CLKOUT1          | PLLE2_ADV_X1Y1      | PLLE2_ADV_X1Y1/PLLE2_ADV           | X1Y1         |           1 |               6 |        3.000 | mem_refclk    | sub_BD_inst/sub_BD_i/mig_7series_0/u_sub_BD_mig_7series_0_1_mig/u_ddr3_infrastructure/plle2_i/CLKOUT1                                                                                                                                | sub_BD_inst/sub_BD_i/mig_7series_0/u_sub_BD_mig_7series_0_1_mig/u_ddr3_infrastructure/mem_refclk                                                                                                                                  |
+----------+----------------------------+---------------------+------------------------------------+--------------+-------------+-----------------+--------------+---------------+--------------------------------------------------------------------------------------------------------------------------------------------------------------------------------------------------------------------------------------+-----------------------------------------------------------------------------------------------------------------------------------------------------------------------------------------------------------------------------------+
* Local Clocks in this context represents only clocks driven by non-global buffers
** Clock Loads column represents the clock pin loads (pin count)
*** Non-Clock Loads column represents the non-clock pin loads (pin count)


5. Clock Regions: Key Resource Utilization
------------------------------------------

+-------------------+--------------+--------------+--------------+--------------+--------------+--------------+--------------+--------------+--------------+--------------+--------------+--------------+--------------+--------------+--------------+
|                   | Global Clock |     BUFRs    |    BUFMRs    |    BUFIOs    |     MMCM     |      PLL     |      GT      |      PCI     |    ILOGIC    |    OLOGIC    |      FF      |     LUTM     |    RAMB18    |    RAMB36    |    DSP48E2   |
+-------------------+------+-------+------+-------+------+-------+------+-------+------+-------+------+-------+------+-------+------+-------+------+-------+------+-------+------+-------+------+-------+------+-------+------+-------+------+-------+
| Clock Region Name | Used | Avail | Used | Avail | Used | Avail | Used | Avail | Used | Avail | Used | Avail | Used | Avail | Used | Avail | Used | Avail | Used | Avail | Used | Avail | Used | Avail | Used | Avail | Used | Avail | Used | Avail |
+-------------------+------+-------+------+-------+------+-------+------+-------+------+-------+------+-------+------+-------+------+-------+------+-------+------+-------+------+-------+------+-------+------+-------+------+-------+------+-------+
| X0Y0              |    8 |    12 |    0 |     4 |    0 |     2 |    0 |     4 |    0 |     1 |    0 |     1 |    0 |     0 |    0 |     0 |    6 |    50 |    5 |    50 | 7118 |  2600 | 1582 |   600 |    0 |    20 |    4 |    10 |    0 |    20 |
| X1Y0              |    2 |    12 |    0 |     0 |    0 |     0 |    0 |     0 |    0 |     0 |    0 |     0 |    0 |     4 |    0 |     0 |    0 |     0 |    0 |     0 | 3875 |  1500 | 1471 |   550 |    0 |    40 |    8 |    20 |    0 |    40 |
| X0Y1              |    6 |    12 |    0 |     4 |    0 |     2 |    0 |     4 |    1 |     1 |    0 |     1 |    0 |     0 |    0 |     0 |    0 |    50 |    0 |    50 | 4812 |  2000 |  927 |   600 |    0 |    20 |    0 |    10 |    0 |    20 |
| X1Y1              |    6 |    12 |    0 |     4 |    0 |     2 |    0 |     4 |    1 |     1 |    1 |     1 |    0 |     0 |    0 |     0 |    0 |    50 |    4 |    50 | 4559 |  1900 | 1452 |   650 |    0 |    60 |   11 |    30 |    0 |    40 |
| X0Y2              |    3 |    12 |    0 |     4 |    0 |     2 |    0 |     4 |    0 |     1 |    0 |     1 |    0 |     0 |    0 |     0 |    0 |    50 |    0 |    50 | 2817 |  2000 |  442 |   600 |    0 |    20 |    1 |    10 |    0 |    20 |
| X1Y2              |    4 |    12 |    1 |     4 |    0 |     2 |    0 |     4 |    0 |     1 |    0 |     1 |    0 |     0 |    0 |     0 |    2 |    50 |    0 |    50 | 2460 |  1900 |  404 |   650 |    0 |    60 |    2 |    30 |    0 |    40 |
| X0Y3              |    2 |    12 |    0 |     4 |    0 |     2 |    0 |     4 |    0 |     1 |    0 |     1 |    0 |     0 |    0 |     0 |    0 |    50 |    0 |    50 |   89 |  2600 |    9 |   600 |    0 |    20 |    0 |    10 |    0 |    20 |
| X1Y3              |    2 |    12 |    0 |     0 |    0 |     0 |    0 |     0 |    0 |     0 |    0 |     0 |    0 |     4 |    0 |     1 |    0 |     0 |    0 |     0 |   74 |  1350 |    0 |   500 |    0 |    30 |    0 |    15 |    0 |    40 |
+-------------------+------+-------+------+-------+------+-------+------+-------+------+-------+------+-------+------+-------+------+-------+------+-------+------+-------+------+-------+------+-------+------+-------+------+-------+------+-------+
* Global Clock column represents track count; while other columns represents cell counts


6. Clock Regions : Global Clock Summary
---------------------------------------

+----+----+----+
|    | X0 | X1 |
+----+----+----+
| Y3 |  2 |  2 |
| Y2 |  3 |  4 |
| Y1 |  6 |  6 |
| Y0 |  8 |  2 |
+----+----+----+


7. Device Cell Placement Summary for Global Clock g0
----------------------------------------------------

+-----------+-----------------+-------------------+-----------+-------------+---------------+-------------+----------+----------------+----------+----------------------------------------------------------------------------------------------+
| Global Id | Driver Type/Pin | Driver Region (D) | Clock     | Period (ns) | Waveform (ns) | Slice Loads | IO Loads | Clocking Loads | GT Loads | Net                                                                                          |
+-----------+-----------------+-------------------+-----------+-------------+---------------+-------------+----------+----------------+----------+----------------------------------------------------------------------------------------------+
| g0        | BUFG/O          | n/a               | clk_pll_i |      12.000 | {0.000 6.000} |       15389 |        0 |              1 |        0 | sub_BD_inst/sub_BD_i/mig_7series_0/u_sub_BD_mig_7series_0_1_mig/u_ddr3_infrastructure/ui_clk |
+-----------+-----------------+-------------------+-----------+-------------+---------------+-------------+----------+----------------+----------+----------------------------------------------------------------------------------------------+
* Logic Loads column represents load cell count of all cell types other than IO, GT and clock resources
** IO Loads column represents load cell count of IO types
*** Clocking Loads column represents load cell count that are clock resources (global clock buffer, MMCM, PLL, etc)
**** GT Loads column represents load cell count of GT types


+----+-------+-------+
|    | X0    | X1    |
+----+-------+-------+
| Y3 |    81 |    16 |
| Y2 |   312 |   416 |
| Y1 |  1055 |  3285 |
| Y0 |  6059 |  4166 |
+----+-------+-------+


8. Device Cell Placement Summary for Global Clock g1
----------------------------------------------------

+-----------+-----------------+-------------------+-----------------+-------------+---------------+-------------+----------+----------------+----------+---------------------------+
| Global Id | Driver Type/Pin | Driver Region (D) | Clock           | Period (ns) | Waveform (ns) | Slice Loads | IO Loads | Clocking Loads | GT Loads | Net                       |
+-----------+-----------------+-------------------+-----------------+-------------+---------------+-------------+----------+----------------+----------+---------------------------+
| g1        | BUFG/O          | n/a               | clk_out2_PLL_ip |      10.000 | {0.000 5.000} |       10807 |        0 |              0 |        0 | PLL_ip_inst/inst/clk_out2 |
+-----------+-----------------+-------------------+-----------------+-------------+---------------+-------------+----------+----------------+----------+---------------------------+
* Logic Loads column represents load cell count of all cell types other than IO, GT and clock resources
** IO Loads column represents load cell count of IO types
*** Clocking Loads column represents load cell count that are clock resources (global clock buffer, MMCM, PLL, etc)
**** GT Loads column represents load cell count of GT types


+----+-------+-------+
|    | X0    | X1    |
+----+-------+-------+
| Y3 |    17 |    58 |
| Y2 |  2522 |  1971 |
| Y1 |  3788 |  1753 |
| Y0 |   698 |     0 |
+----+-------+-------+


9. Device Cell Placement Summary for Global Clock g2
----------------------------------------------------

+-----------+-----------------+-------------------+--------------------------------------------------------------------------------------------+-------------+----------------+-------------+----------+----------------+----------+----------------------------------------+
| Global Id | Driver Type/Pin | Driver Region (D) | Clock                                                                                      | Period (ns) | Waveform (ns)  | Slice Loads | IO Loads | Clocking Loads | GT Loads | Net                                    |
+-----------+-----------------+-------------------+--------------------------------------------------------------------------------------------+-------------+----------------+-------------+----------+----------------+----------+----------------------------------------+
| g2        | BUFG/O          | n/a               | dbg_hub/inst/BSCANID.u_xsdbm_id/SWITCH_N_EXT_BSCAN.bscan_inst/SERIES7_BSCAN.bscan_inst/TCK |      33.000 | {0.000 16.500} |         436 |        0 |              0 |        0 | dbg_hub/inst/BSCANID.u_xsdbm_id/itck_i |
+-----------+-----------------+-------------------+--------------------------------------------------------------------------------------------+-------------+----------------+-------------+----------+----------------+----------+----------------------------------------+
* Logic Loads column represents load cell count of all cell types other than IO, GT and clock resources
** IO Loads column represents load cell count of IO types
*** Clocking Loads column represents load cell count that are clock resources (global clock buffer, MMCM, PLL, etc)
**** GT Loads column represents load cell count of GT types


+----+------+----+
|    | X0   | X1 |
+----+------+----+
| Y3 |    0 |  0 |
| Y2 |    0 |  0 |
| Y1 |   58 |  0 |
| Y0 |  378 |  0 |
+----+------+----+


10. Device Cell Placement Summary for Global Clock g3
-----------------------------------------------------

+-----------+-----------------+-------------------+--------------------------------------------------------------------+-------------+----------------+-------------+----------+----------------+----------+----------------------------------------------------------------------+
| Global Id | Driver Type/Pin | Driver Region (D) | Clock                                                              | Period (ns) | Waveform (ns)  | Slice Loads | IO Loads | Clocking Loads | GT Loads | Net                                                                  |
+-----------+-----------------+-------------------+--------------------------------------------------------------------+-------------+----------------+-------------+----------+----------------+----------+----------------------------------------------------------------------+
| g3        | BUFG/O          | n/a               | sub_BD_inst/sub_BD_i/mdm_1/U0/Use_E2.BSCAN_I/Use_E2.BSCANE2_I/DRCK |      33.333 | {0.000 16.667} |         234 |        0 |              0 |        0 | sub_BD_inst/sub_BD_i/mdm_1/U0/No_Dbg_Reg_Access.BUFG_DRCK/Dbg_Clk_31 |
+-----------+-----------------+-------------------+--------------------------------------------------------------------+-------------+----------------+-------------+----------+----------------+----------+----------------------------------------------------------------------+
* Logic Loads column represents load cell count of all cell types other than IO, GT and clock resources
** IO Loads column represents load cell count of IO types
*** Clocking Loads column represents load cell count that are clock resources (global clock buffer, MMCM, PLL, etc)
**** GT Loads column represents load cell count of GT types


+----+------+----+
|    | X0   | X1 |
+----+------+----+
| Y3 |    0 |  0 |
| Y2 |    0 |  0 |
| Y1 |    0 |  0 |
| Y0 |  233 |  1 |
+----+------+----+


11. Device Cell Placement Summary for Global Clock g4
-----------------------------------------------------

+-----------+-----------------+-------------------+-------+-------------+---------------+-------------+----------+----------------+----------+--------------------------------+
| Global Id | Driver Type/Pin | Driver Region (D) | Clock | Period (ns) | Waveform (ns) | Slice Loads | IO Loads | Clocking Loads | GT Loads | Net                            |
+-----------+-----------------+-------------------+-------+-------------+---------------+-------------+----------+----------------+----------+--------------------------------+
| g4        | BUFR/O          | X1Y2              |       |             |               |          82 |        0 |              0 |        0 | AD_deal_block_inst/AD_inst/DCO |
+-----------+-----------------+-------------------+-------+-------------+---------------+-------------+----------+----------------+----------+--------------------------------+
* Logic Loads column represents load cell count of all cell types other than IO, GT and clock resources
** IO Loads column represents load cell count of IO types
*** Clocking Loads column represents load cell count that are clock resources (global clock buffer, MMCM, PLL, etc)
**** GT Loads column represents load cell count of GT types


+----+----+---------+
|    | X0 | X1      |
+----+----+---------+
| Y3 |  0 |       0 |
| Y2 |  0 |  (D) 82 |
| Y1 |  0 |       0 |
| Y0 |  0 |       0 |
+----+----+---------+


12. Device Cell Placement Summary for Global Clock g5
-----------------------------------------------------

+-----------+-----------------+-------------------+-------+-------------+---------------+-------------+----------+----------------+----------+------------------------+
| Global Id | Driver Type/Pin | Driver Region (D) | Clock | Period (ns) | Waveform (ns) | Slice Loads | IO Loads | Clocking Loads | GT Loads | Net                    |
+-----------+-----------------+-------------------+-------+-------------+---------------+-------------+----------+----------------+----------+------------------------+
| g5        | BUFG/O          | n/a               |       |             |               |          79 |        0 |              0 |        0 | user_wr_en_reg_i_2_n_0 |
+-----------+-----------------+-------------------+-------+-------------+---------------+-------------+----------+----------------+----------+------------------------+
* Logic Loads column represents load cell count of all cell types other than IO, GT and clock resources
** IO Loads column represents load cell count of IO types
*** Clocking Loads column represents load cell count that are clock resources (global clock buffer, MMCM, PLL, etc)
**** GT Loads column represents load cell count of GT types


+----+-----+----+
|    | X0  | X1 |
+----+-----+----+
| Y3 |   0 |  0 |
| Y2 |   0 |  0 |
| Y1 |  60 |  0 |
| Y0 |  19 |  0 |
+----+-----+----+


13. Device Cell Placement Summary for Global Clock g6
-----------------------------------------------------

+-----------+-----------------+-------------------+----------------+-------------+----------------+-------------+----------+----------------+----------+------------------------------------------------------------+
| Global Id | Driver Type/Pin | Driver Region (D) | Clock          | Period (ns) | Waveform (ns)  | Slice Loads | IO Loads | Clocking Loads | GT Loads | Net                                                        |
+-----------+-----------------+-------------------+----------------+-------------+----------------+-------------+----------+----------------+----------+------------------------------------------------------------+
| g6        | BUFG/O          | n/a               | mii_rtl_tx_clk |      40.000 | {0.000 20.000} |          64 |        0 |              0 |        0 | sub_BD_inst/sub_BD_i/axi_ethernetlite_0/U0/phy_tx_clk_core |
+-----------+-----------------+-------------------+----------------+-------------+----------------+-------------+----------+----------------+----------+------------------------------------------------------------+
* Logic Loads column represents load cell count of all cell types other than IO, GT and clock resources
** IO Loads column represents load cell count of IO types
*** Clocking Loads column represents load cell count that are clock resources (global clock buffer, MMCM, PLL, etc)
**** GT Loads column represents load cell count of GT types


+----+-----+----+
|    | X0  | X1 |
+----+-----+----+
| Y3 |   0 |  0 |
| Y2 |   0 |  0 |
| Y1 |   0 |  0 |
| Y0 |  64 |  0 |
+----+-----+----+


14. Device Cell Placement Summary for Global Clock g7
-----------------------------------------------------

+-----------+-----------------+-------------------+----------------+-------------+----------------+-------------+----------+----------------+----------+----------------------------------------------+
| Global Id | Driver Type/Pin | Driver Region (D) | Clock          | Period (ns) | Waveform (ns)  | Slice Loads | IO Loads | Clocking Loads | GT Loads | Net                                          |
+-----------+-----------------+-------------------+----------------+-------------+----------------+-------------+----------+----------------+----------+----------------------------------------------+
| g7        | BUFG/O          | n/a               | mii_rtl_rx_clk |      40.000 | {0.000 20.000} |          55 |        0 |              0 |        0 | sub_BD_inst/sub_BD_i/axi_ethernetlite_0/U0/C |
+-----------+-----------------+-------------------+----------------+-------------+----------------+-------------+----------+----------------+----------+----------------------------------------------+
* Logic Loads column represents load cell count of all cell types other than IO, GT and clock resources
** IO Loads column represents load cell count of IO types
*** Clocking Loads column represents load cell count that are clock resources (global clock buffer, MMCM, PLL, etc)
**** GT Loads column represents load cell count of GT types


+----+-----+----+
|    | X0  | X1 |
+----+-----+----+
| Y3 |   0 |  0 |
| Y2 |   0 |  0 |
| Y1 |   0 |  0 |
| Y0 |  55 |  0 |
+----+-----+----+


15. Device Cell Placement Summary for Global Clock g8
-----------------------------------------------------

+-----------+-----------------+-------------------+-----------------+-------------+---------------+-------------+----------+----------------+----------+---------------------------+
| Global Id | Driver Type/Pin | Driver Region (D) | Clock           | Period (ns) | Waveform (ns) | Slice Loads | IO Loads | Clocking Loads | GT Loads | Net                       |
+-----------+-----------------+-------------------+-----------------+-------------+---------------+-------------+----------+----------------+----------+---------------------------+
| g8        | BUFG/O          | n/a               | clk_out3_PLL_ip |       5.000 | {0.000 2.500} |          16 |        0 |              0 |        0 | PLL_ip_inst/inst/clk_out3 |
+-----------+-----------------+-------------------+-----------------+-------------+---------------+-------------+----------+----------------+----------+---------------------------+
* Logic Loads column represents load cell count of all cell types other than IO, GT and clock resources
** IO Loads column represents load cell count of IO types
*** Clocking Loads column represents load cell count that are clock resources (global clock buffer, MMCM, PLL, etc)
**** GT Loads column represents load cell count of GT types


+----+----+-----+
|    | X0 | X1  |
+----+----+-----+
| Y3 |  0 |   0 |
| Y2 |  0 |   0 |
| Y1 |  0 |  16 |
| Y0 |  0 |   0 |
+----+----+-----+


16. Device Cell Placement Summary for Global Clock g9
-----------------------------------------------------

+-----------+-----------------+-------------------+-----------------+-------------+---------------+-------------+----------+----------------+----------+---------------------------+
| Global Id | Driver Type/Pin | Driver Region (D) | Clock           | Period (ns) | Waveform (ns) | Slice Loads | IO Loads | Clocking Loads | GT Loads | Net                       |
+-----------+-----------------+-------------------+-----------------+-------------+---------------+-------------+----------+----------------+----------+---------------------------+
| g9        | BUFG/O          | n/a               | clk_out4_PLL_ip |       6.000 | {0.000 3.000} |           0 |        0 |              1 |        0 | PLL_ip_inst/inst/clk_out4 |
+-----------+-----------------+-------------------+-----------------+-------------+---------------+-------------+----------+----------------+----------+---------------------------+
* Logic Loads column represents load cell count of all cell types other than IO, GT and clock resources
** IO Loads column represents load cell count of IO types
*** Clocking Loads column represents load cell count that are clock resources (global clock buffer, MMCM, PLL, etc)
**** GT Loads column represents load cell count of GT types


+----+----+----+
|    | X0 | X1 |
+----+----+----+
| Y3 |  0 |  0 |
| Y2 |  0 |  0 |
| Y1 |  0 |  1 |
| Y0 |  0 |  0 |
+----+----+----+


17. Device Cell Placement Summary for Global Clock g10
------------------------------------------------------

+-----------+-----------------+-------------------+-----------------+-------------+----------------+-------------+----------+----------------+----------+--------------------------------------+
| Global Id | Driver Type/Pin | Driver Region (D) | Clock           | Period (ns) | Waveform (ns)  | Slice Loads | IO Loads | Clocking Loads | GT Loads | Net                                  |
+-----------+-----------------+-------------------+-----------------+-------------+----------------+-------------+----------+----------------+----------+--------------------------------------+
| g10       | BUFG/O          | n/a               | clkfbout_PLL_ip |      40.000 | {0.000 20.000} |           0 |        0 |              1 |        0 | PLL_ip_inst/inst/clkfbout_buf_PLL_ip |
+-----------+-----------------+-------------------+-----------------+-------------+----------------+-------------+----------+----------------+----------+--------------------------------------+
* Logic Loads column represents load cell count of all cell types other than IO, GT and clock resources
** IO Loads column represents load cell count of IO types
*** Clocking Loads column represents load cell count that are clock resources (global clock buffer, MMCM, PLL, etc)
**** GT Loads column represents load cell count of GT types


+----+----+----+
|    | X0 | X1 |
+----+----+----+
| Y3 |  0 |  0 |
| Y2 |  0 |  0 |
| Y1 |  1 |  0 |
| Y0 |  0 |  0 |
+----+----+----+


18. Device Cell Placement Summary for Global Clock g11
------------------------------------------------------

+-----------+-----------------+-------------------+-------+-------------+---------------+-------------+----------+----------------+----------+--------------------------------------------------------------+
| Global Id | Driver Type/Pin | Driver Region (D) | Clock | Period (ns) | Waveform (ns) | Slice Loads | IO Loads | Clocking Loads | GT Loads | Net                                                          |
+-----------+-----------------+-------------------+-------+-------------+---------------+-------------+----------+----------------+----------+--------------------------------------------------------------+
| g11       | BUFG/O          | n/a               |       |             |               |           4 |        0 |              0 |        0 | ddr3_block_inst/wr_ddr3_ctrl_block/wr_ddr3_ctrl_A/rden_sel_w |
+-----------+-----------------+-------------------+-------+-------------+---------------+-------------+----------+----------------+----------+--------------------------------------------------------------+
* Logic Loads column represents load cell count of all cell types other than IO, GT and clock resources
** IO Loads column represents load cell count of IO types
*** Clocking Loads column represents load cell count that are clock resources (global clock buffer, MMCM, PLL, etc)
**** GT Loads column represents load cell count of GT types


+----+----+----+
|    | X0 | X1 |
+----+----+----+
| Y3 |  0 |  0 |
| Y2 |  1 |  0 |
| Y1 |  2 |  1 |
| Y0 |  0 |  0 |
+----+----+----+


19. Device Cell Placement Summary for Global Clock g12
------------------------------------------------------

+-----------+-----------------+-------------------+--------------+-------------+---------------+-------------+----------+----------------+----------+------------------------------------------------------------------------------------------------+
| Global Id | Driver Type/Pin | Driver Region (D) | Clock        | Period (ns) | Waveform (ns) | Slice Loads | IO Loads | Clocking Loads | GT Loads | Net                                                                                            |
+-----------+-----------------+-------------------+--------------+-------------+---------------+-------------+----------+----------------+----------+------------------------------------------------------------------------------------------------+
| g12       | BUFH/O          | X1Y1              | pll_clk3_out |      12.000 | {0.000 6.000} |           0 |        0 |              1 |        0 | sub_BD_inst/sub_BD_i/mig_7series_0/u_sub_BD_mig_7series_0_1_mig/u_ddr3_infrastructure/pll_clk3 |
+-----------+-----------------+-------------------+--------------+-------------+---------------+-------------+----------+----------------+----------+------------------------------------------------------------------------------------------------+
* Logic Loads column represents load cell count of all cell types other than IO, GT and clock resources
** IO Loads column represents load cell count of IO types
*** Clocking Loads column represents load cell count that are clock resources (global clock buffer, MMCM, PLL, etc)
**** GT Loads column represents load cell count of GT types


+----+----+--------+
|    | X0 | X1     |
+----+----+--------+
| Y3 |  0 |      0 |
| Y2 |  0 |      0 |
| Y1 |  0 |  (D) 1 |
| Y0 |  0 |      0 |
+----+----+--------+


20. Device Cell Placement Summary for Global Clock g13
------------------------------------------------------

+-----------+-----------------+-------------------+-----------------+-------------+----------------+-------------+----------+----------------+----------+---------------------------+
| Global Id | Driver Type/Pin | Driver Region (D) | Clock           | Period (ns) | Waveform (ns)  | Slice Loads | IO Loads | Clocking Loads | GT Loads | Net                       |
+-----------+-----------------+-------------------+-----------------+-------------+----------------+-------------+----------+----------------+----------+---------------------------+
| g13       | BUFG/O          | n/a               | clk_out1_PLL_ip |      50.000 | {0.000 25.000} |           0 |        1 |              0 |        0 | PLL_ip_inst/inst/clk_out1 |
+-----------+-----------------+-------------------+-----------------+-------------+----------------+-------------+----------+----------------+----------+---------------------------+
* Logic Loads column represents load cell count of all cell types other than IO, GT and clock resources
** IO Loads column represents load cell count of IO types
*** Clocking Loads column represents load cell count that are clock resources (global clock buffer, MMCM, PLL, etc)
**** GT Loads column represents load cell count of GT types


+----+----+----+
|    | X0 | X1 |
+----+----+----+
| Y3 |  0 |  0 |
| Y2 |  0 |  1 |
| Y1 |  0 |  0 |
| Y0 |  0 |  0 |
+----+----+----+


21. Device Cell Placement Summary for Global Clock g14
------------------------------------------------------

+-----------+-----------------+-------------------+-----------------+-------------+----------------+-------------+----------+----------------+----------+---------------------------+
| Global Id | Driver Type/Pin | Driver Region (D) | Clock           | Period (ns) | Waveform (ns)  | Slice Loads | IO Loads | Clocking Loads | GT Loads | Net                       |
+-----------+-----------------+-------------------+-----------------+-------------+----------------+-------------+----------+----------------+----------+---------------------------+
| g14       | BUFG/O          | n/a               | clk_out5_PLL_ip |      50.000 | {0.000 25.000} |           0 |        1 |              0 |        0 | PLL_ip_inst/inst/clk_out5 |
+-----------+-----------------+-------------------+-----------------+-------------+----------------+-------------+----------+----------------+----------+---------------------------+
* Logic Loads column represents load cell count of all cell types other than IO, GT and clock resources
** IO Loads column represents load cell count of IO types
*** Clocking Loads column represents load cell count that are clock resources (global clock buffer, MMCM, PLL, etc)
**** GT Loads column represents load cell count of GT types


+----+----+----+
|    | X0 | X1 |
+----+----+----+
| Y3 |  0 |  0 |
| Y2 |  0 |  0 |
| Y1 |  0 |  0 |
| Y0 |  1 |  0 |
+----+----+----+


22. Clock Region Cell Placement per Global Clock: Region X0Y0
-------------------------------------------------------------

+-----------+-------+-----------------+------------+-------------+-----------------+------+--------+------+-----+----+------+-----+---------+----------------------------------------------------------------------------------------------+
| Global Id | Track | Driver Type/Pin | Constraint | Clock Loads | Non-Clock Loads | FF   | LUTRAM | RAMB | DSP | GT | MMCM | PLL | Hard IP | Net                                                                                          |
+-----------+-------+-----------------+------------+-------------+-----------------+------+--------+------+-----+----+------+-----+---------+----------------------------------------------------------------------------------------------+
| g0        | n/a   | BUFG/O          | None       |        6059 |               0 | 5715 |    340 |    4 |   0 |  0 |    0 |   0 |       0 | sub_BD_inst/sub_BD_i/mig_7series_0/u_sub_BD_mig_7series_0_1_mig/u_ddr3_infrastructure/ui_clk |
| g1        | n/a   | BUFG/O          | None       |         698 |               0 |  698 |      0 |    0 |   0 |  0 |    0 |   0 |       0 | PLL_ip_inst/inst/clk_out2                                                                    |
| g2        | n/a   | BUFG/O          | None       |         378 |               0 |  378 |      0 |    0 |   0 |  0 |    0 |   0 |       0 | dbg_hub/inst/BSCANID.u_xsdbm_id/itck_i                                                       |
| g3        | n/a   | BUFG/O          | None       |         233 |               0 |  209 |     24 |    0 |   0 |  0 |    0 |   0 |       0 | sub_BD_inst/sub_BD_i/mdm_1/U0/No_Dbg_Reg_Access.BUFG_DRCK/Dbg_Clk_31                         |
| g5        | n/a   | BUFG/O          | None       |          19 |               0 |    0 |      0 |    0 |   0 |  0 |    0 |   0 |       0 | user_wr_en_reg_i_2_n_0                                                                       |
| g6        | n/a   | BUFG/O          | None       |          63 |               1 |   64 |      0 |    0 |   0 |  0 |    0 |   0 |       0 | sub_BD_inst/sub_BD_i/axi_ethernetlite_0/U0/phy_tx_clk_core                                   |
| g7        | n/a   | BUFG/O          | None       |          55 |               0 |   55 |      0 |    0 |   0 |  0 |    0 |   0 |       0 | sub_BD_inst/sub_BD_i/axi_ethernetlite_0/U0/C                                                 |
| g14       | n/a   | BUFG/O          | None       |           0 |               1 |    0 |      0 |    0 |   0 |  0 |    0 |   0 |       0 | PLL_ip_inst/inst/clk_out5                                                                    |
+-----------+-------+-----------------+------------+-------------+-----------------+------+--------+------+-----+----+------+-----+---------+----------------------------------------------------------------------------------------------+
* Clock Loads column represents the clock pin loads (pin count)
** Non-Clock Loads column represents the non-clock pin loads (pin count)
*** Columns FF, LUTRAM, RAMB through 'Hard IP' represents load cell counts


23. Clock Region Cell Placement per Global Clock: Region X1Y0
-------------------------------------------------------------

+-----------+-------+-----------------+------------+-------------+-----------------+------+--------+------+-----+----+------+-----+---------+----------------------------------------------------------------------------------------------+
| Global Id | Track | Driver Type/Pin | Constraint | Clock Loads | Non-Clock Loads | FF   | LUTRAM | RAMB | DSP | GT | MMCM | PLL | Hard IP | Net                                                                                          |
+-----------+-------+-----------------+------------+-------------+-----------------+------+--------+------+-----+----+------+-----+---------+----------------------------------------------------------------------------------------------+
| g0        | n/a   | BUFG/O          | None       |        4166 |               0 | 3874 |    284 |    8 |   0 |  0 |    0 |   0 |       0 | sub_BD_inst/sub_BD_i/mig_7series_0/u_sub_BD_mig_7series_0_1_mig/u_ddr3_infrastructure/ui_clk |
| g3        | n/a   | BUFG/O          | None       |           1 |               0 |    1 |      0 |    0 |   0 |  0 |    0 |   0 |       0 | sub_BD_inst/sub_BD_i/mdm_1/U0/No_Dbg_Reg_Access.BUFG_DRCK/Dbg_Clk_31                         |
+-----------+-------+-----------------+------------+-------------+-----------------+------+--------+------+-----+----+------+-----+---------+----------------------------------------------------------------------------------------------+
* Clock Loads column represents the clock pin loads (pin count)
** Non-Clock Loads column represents the non-clock pin loads (pin count)
*** Columns FF, LUTRAM, RAMB through 'Hard IP' represents load cell counts


24. Clock Region Cell Placement per Global Clock: Region X0Y1
-------------------------------------------------------------

+-----------+-------+-----------------+------------+-------------+-----------------+------+--------+------+-----+----+------+-----+---------+----------------------------------------------------------------------------------------------+
| Global Id | Track | Driver Type/Pin | Constraint | Clock Loads | Non-Clock Loads | FF   | LUTRAM | RAMB | DSP | GT | MMCM | PLL | Hard IP | Net                                                                                          |
+-----------+-------+-----------------+------------+-------------+-----------------+------+--------+------+-----+----+------+-----+---------+----------------------------------------------------------------------------------------------+
| g0        | n/a   | BUFG/O          | None       |        1055 |               0 | 1055 |      0 |    0 |   0 |  0 |    0 |   0 |       0 | sub_BD_inst/sub_BD_i/mig_7series_0/u_sub_BD_mig_7series_0_1_mig/u_ddr3_infrastructure/ui_clk |
| g1        | n/a   | BUFG/O          | None       |        3788 |               0 | 3699 |     89 |    0 |   0 |  0 |    0 |   0 |       0 | PLL_ip_inst/inst/clk_out2                                                                    |
| g2        | n/a   | BUFG/O          | None       |          58 |               0 |   58 |      0 |    0 |   0 |  0 |    0 |   0 |       0 | dbg_hub/inst/BSCANID.u_xsdbm_id/itck_i                                                       |
| g5        | n/a   | BUFG/O          | None       |          60 |               0 |    0 |      0 |    0 |   0 |  0 |    0 |   0 |       0 | user_wr_en_reg_i_2_n_0                                                                       |
| g10       | n/a   | BUFG/O          | None       |           1 |               0 |    0 |      0 |    0 |   0 |  0 |    1 |   0 |       0 | PLL_ip_inst/inst/clkfbout_buf_PLL_ip                                                         |
| g11       | n/a   | BUFG/O          | None       |           1 |               1 |    0 |      0 |    0 |   0 |  0 |    0 |   0 |       0 | ddr3_block_inst/wr_ddr3_ctrl_block/wr_ddr3_ctrl_A/rden_sel_w                                 |
+-----------+-------+-----------------+------------+-------------+-----------------+------+--------+------+-----+----+------+-----+---------+----------------------------------------------------------------------------------------------+
* Clock Loads column represents the clock pin loads (pin count)
** Non-Clock Loads column represents the non-clock pin loads (pin count)
*** Columns FF, LUTRAM, RAMB through 'Hard IP' represents load cell counts


25. Clock Region Cell Placement per Global Clock: Region X1Y1
-------------------------------------------------------------

+-----------+-------+-----------------+------------+-------------+-----------------+------+--------+------+-----+----+------+-----+---------+------------------------------------------------------------------------------------------------+
| Global Id | Track | Driver Type/Pin | Constraint | Clock Loads | Non-Clock Loads | FF   | LUTRAM | RAMB | DSP | GT | MMCM | PLL | Hard IP | Net                                                                                            |
+-----------+-------+-----------------+------------+-------------+-----------------+------+--------+------+-----+----+------+-----+---------+------------------------------------------------------------------------------------------------+
| g0        | n/a   | BUFG/O          | None       |        3285 |               0 | 2858 |    386 |   11 |   0 |  0 |    1 |   0 |       0 | sub_BD_inst/sub_BD_i/mig_7series_0/u_sub_BD_mig_7series_0_1_mig/u_ddr3_infrastructure/ui_clk   |
| g1        | n/a   | BUFG/O          | None       |        1753 |               0 | 1686 |     56 |   11 |   0 |  0 |    0 |   0 |       0 | PLL_ip_inst/inst/clk_out2                                                                      |
| g8        | n/a   | BUFG/O          | None       |          16 |               0 |   15 |      0 |    0 |   0 |  0 |    0 |   0 |       0 | PLL_ip_inst/inst/clk_out3                                                                      |
| g9        | n/a   | BUFG/O          | None       |           1 |               0 |    0 |      0 |    0 |   0 |  0 |    0 |   1 |       0 | PLL_ip_inst/inst/clk_out4                                                                      |
| g11       | n/a   | BUFG/O          | None       |           0 |               1 |    0 |      1 |    0 |   0 |  0 |    0 |   0 |       0 | ddr3_block_inst/wr_ddr3_ctrl_block/wr_ddr3_ctrl_A/rden_sel_w                                   |
| g12       | n/a   | BUFH/O          | None       |           1 |               0 |    0 |      0 |    0 |   0 |  0 |    1 |   0 |       0 | sub_BD_inst/sub_BD_i/mig_7series_0/u_sub_BD_mig_7series_0_1_mig/u_ddr3_infrastructure/pll_clk3 |
+-----------+-------+-----------------+------------+-------------+-----------------+------+--------+------+-----+----+------+-----+---------+------------------------------------------------------------------------------------------------+
* Clock Loads column represents the clock pin loads (pin count)
** Non-Clock Loads column represents the non-clock pin loads (pin count)
*** Columns FF, LUTRAM, RAMB through 'Hard IP' represents load cell counts


26. Clock Region Cell Placement per Global Clock: Region X0Y2
-------------------------------------------------------------

+-----------+-------+-----------------+------------+-------------+-----------------+------+--------+------+-----+----+------+-----+---------+----------------------------------------------------------------------------------------------+
| Global Id | Track | Driver Type/Pin | Constraint | Clock Loads | Non-Clock Loads | FF   | LUTRAM | RAMB | DSP | GT | MMCM | PLL | Hard IP | Net                                                                                          |
+-----------+-------+-----------------+------------+-------------+-----------------+------+--------+------+-----+----+------+-----+---------+----------------------------------------------------------------------------------------------+
| g0        | n/a   | BUFG/O          | None       |         312 |               0 |  312 |      0 |    0 |   0 |  0 |    0 |   0 |       0 | sub_BD_inst/sub_BD_i/mig_7series_0/u_sub_BD_mig_7series_0_1_mig/u_ddr3_infrastructure/ui_clk |
| g1        | n/a   | BUFG/O          | None       |        2522 |               0 | 2505 |     16 |    1 |   0 |  0 |    0 |   0 |       0 | PLL_ip_inst/inst/clk_out2                                                                    |
| g11       | n/a   | BUFG/O          | None       |           0 |               1 |    1 |      0 |    0 |   0 |  0 |    0 |   0 |       0 | ddr3_block_inst/wr_ddr3_ctrl_block/wr_ddr3_ctrl_A/rden_sel_w                                 |
+-----------+-------+-----------------+------------+-------------+-----------------+------+--------+------+-----+----+------+-----+---------+----------------------------------------------------------------------------------------------+
* Clock Loads column represents the clock pin loads (pin count)
** Non-Clock Loads column represents the non-clock pin loads (pin count)
*** Columns FF, LUTRAM, RAMB through 'Hard IP' represents load cell counts


27. Clock Region Cell Placement per Global Clock: Region X1Y2
-------------------------------------------------------------

+-----------+-------+-----------------+------------+-------------+-----------------+------+--------+------+-----+----+------+-----+---------+----------------------------------------------------------------------------------------------+
| Global Id | Track | Driver Type/Pin | Constraint | Clock Loads | Non-Clock Loads | FF   | LUTRAM | RAMB | DSP | GT | MMCM | PLL | Hard IP | Net                                                                                          |
+-----------+-------+-----------------+------------+-------------+-----------------+------+--------+------+-----+----+------+-----+---------+----------------------------------------------------------------------------------------------+
| g0        | n/a   | BUFG/O          | None       |         416 |               0 |  414 |      0 |    2 |   0 |  0 |    0 |   0 |       0 | sub_BD_inst/sub_BD_i/mig_7series_0/u_sub_BD_mig_7series_0_1_mig/u_ddr3_infrastructure/ui_clk |
| g1        | n/a   | BUFG/O          | None       |        1971 |               0 | 1967 |      1 |    2 |   0 |  0 |    0 |   0 |       0 | PLL_ip_inst/inst/clk_out2                                                                    |
| g4        | n/a   | BUFR/O          | None       |          82 |               0 |   79 |      1 |    0 |   0 |  0 |    0 |   0 |       0 | AD_deal_block_inst/AD_inst/DCO                                                               |
| g13       | n/a   | BUFG/O          | None       |           0 |               1 |    0 |      0 |    0 |   0 |  0 |    0 |   0 |       0 | PLL_ip_inst/inst/clk_out1                                                                    |
+-----------+-------+-----------------+------------+-------------+-----------------+------+--------+------+-----+----+------+-----+---------+----------------------------------------------------------------------------------------------+
* Clock Loads column represents the clock pin loads (pin count)
** Non-Clock Loads column represents the non-clock pin loads (pin count)
*** Columns FF, LUTRAM, RAMB through 'Hard IP' represents load cell counts


28. Clock Region Cell Placement per Global Clock: Region X0Y3
-------------------------------------------------------------

+-----------+-------+-----------------+------------+-------------+-----------------+----+--------+------+-----+----+------+-----+---------+----------------------------------------------------------------------------------------------+
| Global Id | Track | Driver Type/Pin | Constraint | Clock Loads | Non-Clock Loads | FF | LUTRAM | RAMB | DSP | GT | MMCM | PLL | Hard IP | Net                                                                                          |
+-----------+-------+-----------------+------------+-------------+-----------------+----+--------+------+-----+----+------+-----+---------+----------------------------------------------------------------------------------------------+
| g0        | n/a   | BUFG/O          | None       |          81 |               0 | 81 |      0 |    0 |   0 |  0 |    0 |   0 |       0 | sub_BD_inst/sub_BD_i/mig_7series_0/u_sub_BD_mig_7series_0_1_mig/u_ddr3_infrastructure/ui_clk |
| g1        | n/a   | BUFG/O          | None       |          17 |               0 |  8 |      9 |    0 |   0 |  0 |    0 |   0 |       0 | PLL_ip_inst/inst/clk_out2                                                                    |
+-----------+-------+-----------------+------------+-------------+-----------------+----+--------+------+-----+----+------+-----+---------+----------------------------------------------------------------------------------------------+
* Clock Loads column represents the clock pin loads (pin count)
** Non-Clock Loads column represents the non-clock pin loads (pin count)
*** Columns FF, LUTRAM, RAMB through 'Hard IP' represents load cell counts


29. Clock Region Cell Placement per Global Clock: Region X1Y3
-------------------------------------------------------------

+-----------+-------+-----------------+------------+-------------+-----------------+----+--------+------+-----+----+------+-----+---------+----------------------------------------------------------------------------------------------+
| Global Id | Track | Driver Type/Pin | Constraint | Clock Loads | Non-Clock Loads | FF | LUTRAM | RAMB | DSP | GT | MMCM | PLL | Hard IP | Net                                                                                          |
+-----------+-------+-----------------+------------+-------------+-----------------+----+--------+------+-----+----+------+-----+---------+----------------------------------------------------------------------------------------------+
| g0        | n/a   | BUFG/O          | None       |          16 |               0 | 16 |      0 |    0 |   0 |  0 |    0 |   0 |       0 | sub_BD_inst/sub_BD_i/mig_7series_0/u_sub_BD_mig_7series_0_1_mig/u_ddr3_infrastructure/ui_clk |
| g1        | n/a   | BUFG/O          | None       |          58 |               0 | 58 |      0 |    0 |   0 |  0 |    0 |   0 |       0 | PLL_ip_inst/inst/clk_out2                                                                    |
+-----------+-------+-----------------+------------+-------------+-----------------+----+--------+------+-----+----+------+-----+---------+----------------------------------------------------------------------------------------------+
* Clock Loads column represents the clock pin loads (pin count)
** Non-Clock Loads column represents the non-clock pin loads (pin count)
*** Columns FF, LUTRAM, RAMB through 'Hard IP' represents load cell counts



# Location of BUFG Primitives 
set_property LOC BUFGCTRL_X0Y10 [get_cells user_wr_en_reg_i_2]
set_property LOC BUFGCTRL_X0Y0 [get_cells sub_BD_inst/sub_BD_i/mig_7series_0/u_sub_BD_mig_7series_0_1_mig/u_ddr3_infrastructure/u_bufg_clkdiv0]
set_property LOC BUFGCTRL_X0Y9 [get_cells sub_BD_inst/sub_BD_i/mdm_1/U0/No_Dbg_Reg_Access.BUFG_DRCK/Using_FPGA.Native]
set_property LOC BUFGCTRL_X0Y1 [get_cells sub_BD_inst/sub_BD_i/axi_ethernetlite_0/U0/NO_LOOPBACK_GEN.INCLUDE_BUFG_GEN.CLOCK_BUFG_TX]
set_property LOC BUFGCTRL_X0Y2 [get_cells sub_BD_inst/sub_BD_i/axi_ethernetlite_0/U0/NO_LOOPBACK_GEN.INCLUDE_BUFG_GEN.CLOCK_BUFG_RX]
set_property LOC BUFGCTRL_X0Y11 [get_cells ddr3_block_inst/wr_ddr3_ctrl_block/wr_ddr3_ctrl_A/rden_sel_BUFG_inst]
set_property LOC BUFGCTRL_X0Y8 [get_cells dbg_hub/inst/BSCANID.u_xsdbm_id/SWITCH_N_EXT_BSCAN.u_bufg_icon_tck]
set_property LOC BUFGCTRL_X0Y12 [get_cells PLL_ip_inst/inst/clkf_buf]
set_property LOC BUFGCTRL_X0Y6 [get_cells PLL_ip_inst/inst/clkout5_buf]
set_property LOC BUFGCTRL_X0Y5 [get_cells PLL_ip_inst/inst/clkout4_buf]
set_property LOC BUFGCTRL_X0Y3 [get_cells PLL_ip_inst/inst/clkout3_buf]
set_property LOC BUFGCTRL_X0Y7 [get_cells PLL_ip_inst/inst/clkout2_buf]
set_property LOC BUFGCTRL_X0Y4 [get_cells PLL_ip_inst/inst/clkout1_buf]

# Location of BUFH Primitives 
set_property LOC BUFHCE_X1Y12 [get_cells sub_BD_inst/sub_BD_i/mig_7series_0/u_sub_BD_mig_7series_0_1_mig/u_ddr3_infrastructure/u_bufh_pll_clk3]

# Location of BUFR Primitives 
set_property LOC BUFR_X1Y9 [get_cells AD_deal_block_inst/AD_inst/DCO_buf_inst]

# Location of IO Primitives which is load of clock spine
set_property LOC IOB_X0Y49 [get_cells eth_ref_clk_OBUF_inst]
set_property LOC IOB_X1Y106 [get_cells OBUFDS_ad_clk_inst]

# Location of clock ports
set_property LOC IOB_X1Y133 [get_ports DCO_n]
set_property LOC IOB_X1Y134 [get_ports DCO_p]
set_property LOC IOB_X0Y76 [get_ports clk_in]
set_property LOC IOB_X0Y45 [get_ports mii_rtl_rx_clk]
set_property LOC IOB_X0Y35 [get_ports mii_rtl_tx_clk]

# Clock net "user_wr_en_reg_i_2_n_0" driven by instance "user_wr_en_reg_i_2" located at site "BUFGCTRL_X0Y10"
#startgroup
create_pblock {CLKAG_user_wr_en_reg_i_2_n_0}
add_cells_to_pblock [get_pblocks  {CLKAG_user_wr_en_reg_i_2_n_0}] [get_cells -filter { PRIMITIVE_GROUP != I/O && IS_PRIMITIVE==1 && PRIMITIVE_LEVEL !=INTERNAL } -of_object [get_pins -filter {DIRECTION==IN} -of_objects [get_nets -hierarchical -filter {PARENT=="user_wr_en_reg_i_2_n_0"}]]]
resize_pblock [get_pblocks {CLKAG_user_wr_en_reg_i_2_n_0}] -add {CLOCKREGION_X0Y0:CLOCKREGION_X0Y0 CLOCKREGION_X0Y1:CLOCKREGION_X0Y1}
#endgroup

# Clock net "sub_BD_inst/sub_BD_i/mig_7series_0/u_sub_BD_mig_7series_0_1_mig/u_ddr3_infrastructure/ui_clk" driven by instance "sub_BD_inst/sub_BD_i/mig_7series_0/u_sub_BD_mig_7series_0_1_mig/u_ddr3_infrastructure/u_bufg_clkdiv0" located at site "BUFGCTRL_X0Y0"
#startgroup
create_pblock {CLKAG_sub_BD_inst/sub_BD_i/mig_7series_0/u_sub_BD_mig_7series_0_1_mig/u_ddr3_infrastructure/ui_clk}
add_cells_to_pblock [get_pblocks  {CLKAG_sub_BD_inst/sub_BD_i/mig_7series_0/u_sub_BD_mig_7series_0_1_mig/u_ddr3_infrastructure/ui_clk}] [get_cells -filter { PRIMITIVE_GROUP != I/O && IS_PRIMITIVE==1 && PRIMITIVE_LEVEL !=INTERNAL && NAME!=sub_BD_inst/sub_BD_i/mig_7series_0/u_sub_BD_mig_7series_0_1_mig/u_ddr3_infrastructure/gen_mmcm.mmcm_i} -of_object [get_pins -filter {DIRECTION==IN} -of_objects [get_nets -hierarchical -filter {PARENT=="sub_BD_inst/sub_BD_i/mig_7series_0/u_sub_BD_mig_7series_0_1_mig/u_ddr3_infrastructure/ui_clk"}]]]
resize_pblock [get_pblocks {CLKAG_sub_BD_inst/sub_BD_i/mig_7series_0/u_sub_BD_mig_7series_0_1_mig/u_ddr3_infrastructure/ui_clk}] -add {CLOCKREGION_X0Y0:CLOCKREGION_X0Y0 CLOCKREGION_X0Y1:CLOCKREGION_X0Y1 CLOCKREGION_X0Y2:CLOCKREGION_X0Y2 CLOCKREGION_X0Y3:CLOCKREGION_X0Y3 CLOCKREGION_X1Y0:CLOCKREGION_X1Y0 CLOCKREGION_X1Y1:CLOCKREGION_X1Y1 CLOCKREGION_X1Y2:CLOCKREGION_X1Y2 CLOCKREGION_X1Y3:CLOCKREGION_X1Y3}
#endgroup

# Clock net "sub_BD_inst/sub_BD_i/mdm_1/U0/No_Dbg_Reg_Access.BUFG_DRCK/Dbg_Clk_31" driven by instance "sub_BD_inst/sub_BD_i/mdm_1/U0/No_Dbg_Reg_Access.BUFG_DRCK/Using_FPGA.Native" located at site "BUFGCTRL_X0Y9"
#startgroup
create_pblock {CLKAG_sub_BD_inst/sub_BD_i/mdm_1/U0/No_Dbg_Reg_Access.BUFG_DRCK/Dbg_Clk_31}
add_cells_to_pblock [get_pblocks  {CLKAG_sub_BD_inst/sub_BD_i/mdm_1/U0/No_Dbg_Reg_Access.BUFG_DRCK/Dbg_Clk_31}] [get_cells -filter { PRIMITIVE_GROUP != I/O && IS_PRIMITIVE==1 && PRIMITIVE_LEVEL !=INTERNAL } -of_object [get_pins -filter {DIRECTION==IN} -of_objects [get_nets -hierarchical -filter {PARENT=="sub_BD_inst/sub_BD_i/mdm_1/U0/No_Dbg_Reg_Access.BUFG_DRCK/Dbg_Clk_31"}]]]
resize_pblock [get_pblocks {CLKAG_sub_BD_inst/sub_BD_i/mdm_1/U0/No_Dbg_Reg_Access.BUFG_DRCK/Dbg_Clk_31}] -add {CLOCKREGION_X0Y0:CLOCKREGION_X0Y0 CLOCKREGION_X1Y0:CLOCKREGION_X1Y0}
#endgroup

# Clock net "sub_BD_inst/sub_BD_i/axi_ethernetlite_0/U0/phy_tx_clk_core" driven by instance "sub_BD_inst/sub_BD_i/axi_ethernetlite_0/U0/NO_LOOPBACK_GEN.INCLUDE_BUFG_GEN.CLOCK_BUFG_TX" located at site "BUFGCTRL_X0Y1"
#startgroup
create_pblock {CLKAG_sub_BD_inst/sub_BD_i/axi_ethernetlite_0/U0/phy_tx_clk_core}
add_cells_to_pblock [get_pblocks  {CLKAG_sub_BD_inst/sub_BD_i/axi_ethernetlite_0/U0/phy_tx_clk_core}] [get_cells -filter { PRIMITIVE_GROUP != I/O && IS_PRIMITIVE==1 && PRIMITIVE_LEVEL !=INTERNAL } -of_object [get_pins -filter {DIRECTION==IN} -of_objects [get_nets -hierarchical -filter {PARENT=="sub_BD_inst/sub_BD_i/axi_ethernetlite_0/U0/phy_tx_clk_core"}]]]
resize_pblock [get_pblocks {CLKAG_sub_BD_inst/sub_BD_i/axi_ethernetlite_0/U0/phy_tx_clk_core}] -add {CLOCKREGION_X0Y0:CLOCKREGION_X0Y0}
#endgroup

# Clock net "sub_BD_inst/sub_BD_i/axi_ethernetlite_0/U0/C" driven by instance "sub_BD_inst/sub_BD_i/axi_ethernetlite_0/U0/NO_LOOPBACK_GEN.INCLUDE_BUFG_GEN.CLOCK_BUFG_RX" located at site "BUFGCTRL_X0Y2"
#startgroup
create_pblock {CLKAG_sub_BD_inst/sub_BD_i/axi_ethernetlite_0/U0/C}
add_cells_to_pblock [get_pblocks  {CLKAG_sub_BD_inst/sub_BD_i/axi_ethernetlite_0/U0/C}] [get_cells -filter { PRIMITIVE_GROUP != I/O && IS_PRIMITIVE==1 && PRIMITIVE_LEVEL !=INTERNAL } -of_object [get_pins -filter {DIRECTION==IN} -of_objects [get_nets -hierarchical -filter {PARENT=="sub_BD_inst/sub_BD_i/axi_ethernetlite_0/U0/C"}]]]
resize_pblock [get_pblocks {CLKAG_sub_BD_inst/sub_BD_i/axi_ethernetlite_0/U0/C}] -add {CLOCKREGION_X0Y0:CLOCKREGION_X0Y0}
#endgroup

# Clock net "ddr3_block_inst/wr_ddr3_ctrl_block/wr_ddr3_ctrl_A/rden_sel_w" driven by instance "ddr3_block_inst/wr_ddr3_ctrl_block/wr_ddr3_ctrl_A/rden_sel_BUFG_inst" located at site "BUFGCTRL_X0Y11"
#startgroup
create_pblock {CLKAG_ddr3_block_inst/wr_ddr3_ctrl_block/wr_ddr3_ctrl_A/rden_sel_w}
add_cells_to_pblock [get_pblocks  {CLKAG_ddr3_block_inst/wr_ddr3_ctrl_block/wr_ddr3_ctrl_A/rden_sel_w}] [get_cells -filter { PRIMITIVE_GROUP != I/O && IS_PRIMITIVE==1 && PRIMITIVE_LEVEL !=INTERNAL } -of_object [get_pins -filter {DIRECTION==IN} -of_objects [get_nets -hierarchical -filter {PARENT=="ddr3_block_inst/wr_ddr3_ctrl_block/wr_ddr3_ctrl_A/rden_sel_w"}]]]
resize_pblock [get_pblocks {CLKAG_ddr3_block_inst/wr_ddr3_ctrl_block/wr_ddr3_ctrl_A/rden_sel_w}] -add {CLOCKREGION_X0Y1:CLOCKREGION_X0Y1 CLOCKREGION_X0Y2:CLOCKREGION_X0Y2 CLOCKREGION_X1Y1:CLOCKREGION_X1Y1}
#endgroup

# Clock net "dbg_hub/inst/BSCANID.u_xsdbm_id/itck_i" driven by instance "dbg_hub/inst/BSCANID.u_xsdbm_id/SWITCH_N_EXT_BSCAN.u_bufg_icon_tck" located at site "BUFGCTRL_X0Y8"
#startgroup
create_pblock {CLKAG_dbg_hub/inst/BSCANID.u_xsdbm_id/itck_i}
add_cells_to_pblock [get_pblocks  {CLKAG_dbg_hub/inst/BSCANID.u_xsdbm_id/itck_i}] [get_cells -filter { PRIMITIVE_GROUP != I/O && IS_PRIMITIVE==1 && PRIMITIVE_LEVEL !=INTERNAL } -of_object [get_pins -filter {DIRECTION==IN} -of_objects [get_nets -hierarchical -filter {PARENT=="dbg_hub/inst/BSCANID.u_xsdbm_id/itck_i"}]]]
resize_pblock [get_pblocks {CLKAG_dbg_hub/inst/BSCANID.u_xsdbm_id/itck_i}] -add {CLOCKREGION_X0Y0:CLOCKREGION_X0Y0 CLOCKREGION_X0Y1:CLOCKREGION_X0Y1}
#endgroup

# Clock net "PLL_ip_inst/inst/clk_out3" driven by instance "PLL_ip_inst/inst/clkout3_buf" located at site "BUFGCTRL_X0Y3"
#startgroup
create_pblock {CLKAG_PLL_ip_inst/inst/clk_out3}
add_cells_to_pblock [get_pblocks  {CLKAG_PLL_ip_inst/inst/clk_out3}] [get_cells -filter { PRIMITIVE_GROUP != I/O && IS_PRIMITIVE==1 && PRIMITIVE_LEVEL !=INTERNAL } -of_object [get_pins -filter {DIRECTION==IN} -of_objects [get_nets -hierarchical -filter {PARENT=="PLL_ip_inst/inst/clk_out3"}]]]
resize_pblock [get_pblocks {CLKAG_PLL_ip_inst/inst/clk_out3}] -add {CLOCKREGION_X1Y1:CLOCKREGION_X1Y1}
#endgroup

# Clock net "PLL_ip_inst/inst/clk_out2" driven by instance "PLL_ip_inst/inst/clkout2_buf" located at site "BUFGCTRL_X0Y7"
#startgroup
create_pblock {CLKAG_PLL_ip_inst/inst/clk_out2}
add_cells_to_pblock [get_pblocks  {CLKAG_PLL_ip_inst/inst/clk_out2}] [get_cells -filter { PRIMITIVE_GROUP != I/O && IS_PRIMITIVE==1 && PRIMITIVE_LEVEL !=INTERNAL } -of_object [get_pins -filter {DIRECTION==IN} -of_objects [get_nets -hierarchical -filter {PARENT=="PLL_ip_inst/inst/clk_out2"}]]]
resize_pblock [get_pblocks {CLKAG_PLL_ip_inst/inst/clk_out2}] -add {CLOCKREGION_X0Y0:CLOCKREGION_X0Y0 CLOCKREGION_X0Y1:CLOCKREGION_X0Y1 CLOCKREGION_X0Y2:CLOCKREGION_X0Y2 CLOCKREGION_X0Y3:CLOCKREGION_X0Y3 CLOCKREGION_X1Y1:CLOCKREGION_X1Y1 CLOCKREGION_X1Y2:CLOCKREGION_X1Y2 CLOCKREGION_X1Y3:CLOCKREGION_X1Y3}
#endgroup

# Clock net "AD_deal_block_inst/AD_inst/DCO" driven by instance "AD_deal_block_inst/AD_inst/DCO_buf_inst" located at site "BUFR_X1Y9"
#startgroup
create_pblock {CLKAG_AD_deal_block_inst/AD_inst/DCO}
add_cells_to_pblock [get_pblocks  {CLKAG_AD_deal_block_inst/AD_inst/DCO}] [get_cells -filter { PRIMITIVE_GROUP != I/O && IS_PRIMITIVE==1 && PRIMITIVE_LEVEL !=INTERNAL } -of_object [get_pins -filter {DIRECTION==IN} -of_objects [get_nets -hierarchical -filter {PARENT=="AD_deal_block_inst/AD_inst/DCO"}]]]
resize_pblock [get_pblocks {CLKAG_AD_deal_block_inst/AD_inst/DCO}] -add {CLOCKREGION_X1Y2:CLOCKREGION_X1Y2}
#endgroup
