
*** Running vivado
    with args -log sub_BD_dlmb_v10_0.vds -m64 -product Vivado -mode batch -messageDb vivado.pb -notrace -source sub_BD_dlmb_v10_0.tcl


****** Vivado v2017.2 (64-bit)
  **** SW Build 1909853 on Thu Jun 15 18:39:09 MDT 2017
  **** IP Build 1909766 on Thu Jun 15 19:58:00 MDT 2017
    ** Copyright 1986-2017 Xilinx, Inc. All Rights Reserved.

source sub_BD_dlmb_v10_0.tcl -notrace
Starting RTL Elaboration : Time (s): cpu = 00:00:03 ; elapsed = 00:00:03 . Memory (MB): peak = 339.965 ; gain = 80.629
INFO: [Synth 8-638] synthesizing module 'sub_BD_dlmb_v10_0' [e:/Xilinx/XD58_Project/XD58_Artix_100T_project_microblaze/Project.srcs/sources_1/bd/sub_BD/ip/sub_BD_dlmb_v10_0/synth/sub_BD_dlmb_v10_0.vhd:89]
INFO: [Synth 8-638] synthesizing module 'lmb_v10' [e:/Xilinx/XD58_Project/XD58_Artix_100T_project_microblaze/Project.srcs/sources_1/bd/sub_BD/ipshared/162e/hdl/lmb_v10_v3_0_vh_rfs.vhd:140]
INFO: [Synth 8-638] synthesizing module 'FDS' [C:/Xilinx/Vivado/2017.2/scripts/rt/data/unisim_comp.v:4087]
INFO: [Synth 8-256] done synthesizing module 'FDS' (1#1) [C:/Xilinx/Vivado/2017.2/scripts/rt/data/unisim_comp.v:4087]
INFO: [Synth 8-256] done synthesizing module 'lmb_v10' (2#1) [e:/Xilinx/XD58_Project/XD58_Artix_100T_project_microblaze/Project.srcs/sources_1/bd/sub_BD/ipshared/162e/hdl/lmb_v10_v3_0_vh_rfs.vhd:140]
INFO: [Synth 8-256] done synthesizing module 'sub_BD_dlmb_v10_0' (3#1) [e:/Xilinx/XD58_Project/XD58_Artix_100T_project_microblaze/Project.srcs/sources_1/bd/sub_BD/ip/sub_BD_dlmb_v10_0/synth/sub_BD_dlmb_v10_0.vhd:89]
Finished RTL Elaboration : Time (s): cpu = 00:00:03 ; elapsed = 00:00:04 . Memory (MB): peak = 380.289 ; gain = 120.953
Finished RTL Optimization Phase 1 : Time (s): cpu = 00:00:03 ; elapsed = 00:00:04 . Memory (MB): peak = 380.289 ; gain = 120.953
INFO: [Device 21-403] Loading part xc7a100tfgg484-2L
Constraint Validation Runtime : Time (s): cpu = 00:00:00 ; elapsed = 00:00:00.019 . Memory (MB): peak = 597.910 ; gain = 0.000
Finished Constraint Validation : Time (s): cpu = 00:00:12 ; elapsed = 00:00:13 . Memory (MB): peak = 597.910 ; gain = 338.574
Finished Loading Part and Timing Information : Time (s): cpu = 00:00:12 ; elapsed = 00:00:13 . Memory (MB): peak = 597.910 ; gain = 338.574
Finished applying 'set_property' XDC Constraints : Time (s): cpu = 00:00:12 ; elapsed = 00:00:13 . Memory (MB): peak = 597.910 ; gain = 338.574
Finished RTL Optimization Phase 2 : Time (s): cpu = 00:00:12 ; elapsed = 00:00:13 . Memory (MB): peak = 597.910 ; gain = 338.574
Finished Cross Boundary and Area Optimization : Time (s): cpu = 00:00:12 ; elapsed = 00:00:13 . Memory (MB): peak = 597.910 ; gain = 338.574
Finished Applying XDC Timing Constraints : Time (s): cpu = 00:00:22 ; elapsed = 00:00:23 . Memory (MB): peak = 626.469 ; gain = 367.133
Finished Timing Optimization : Time (s): cpu = 00:00:22 ; elapsed = 00:00:23 . Memory (MB): peak = 626.469 ; gain = 367.133
Finished Technology Mapping : Time (s): cpu = 00:00:22 ; elapsed = 00:00:23 . Memory (MB): peak = 635.609 ; gain = 376.273
Finished IO Insertion : Time (s): cpu = 00:00:23 ; elapsed = 00:00:24 . Memory (MB): peak = 635.609 ; gain = 376.273
Finished Renaming Generated Instances : Time (s): cpu = 00:00:23 ; elapsed = 00:00:24 . Memory (MB): peak = 635.609 ; gain = 376.273
Finished Rebuilding User Hierarchy : Time (s): cpu = 00:00:23 ; elapsed = 00:00:24 . Memory (MB): peak = 635.609 ; gain = 376.273
Finished Renaming Generated Ports : Time (s): cpu = 00:00:23 ; elapsed = 00:00:24 . Memory (MB): peak = 635.609 ; gain = 376.273
Finished Handling Custom Attributes : Time (s): cpu = 00:00:23 ; elapsed = 00:00:24 . Memory (MB): peak = 635.609 ; gain = 376.273
Finished Renaming Generated Nets : Time (s): cpu = 00:00:23 ; elapsed = 00:00:24 . Memory (MB): peak = 635.609 ; gain = 376.273

Report Cell Usage: 
+------+-----+------+
|      |Cell |Count |
+------+-----+------+
|1     |FDS  |     1|
+------+-----+------+
Finished Writing Synthesis Report : Time (s): cpu = 00:00:23 ; elapsed = 00:00:24 . Memory (MB): peak = 635.609 ; gain = 376.273
synth_design: Time (s): cpu = 00:00:25 ; elapsed = 00:00:26 . Memory (MB): peak = 649.137 ; gain = 392.430
