
*** Running vivado
    with args -log test_ram_ip.vds -m64 -product Vivado -mode batch -messageDb vivado.pb -notrace -source test_ram_ip.tcl


****** Vivado v2017.2 (64-bit)
  **** SW Build 1909853 on Thu Jun 15 18:39:09 MDT 2017
  **** IP Build 1909766 on Thu Jun 15 19:58:00 MDT 2017
    ** Copyright 1986-2017 Xilinx, Inc. All Rights Reserved.

source test_ram_ip.tcl -notrace
Starting RTL Elaboration : Time (s): cpu = 00:00:04 ; elapsed = 00:00:04 . Memory (MB): peak = 365.691 ; gain = 83.879
INFO: [Synth 8-638] synthesizing module 'test_ram_ip' [c:/XD58_test/XD58_Artix_100T_project/Project.srcs/sources_1/ip/test_ram_ip/synth/test_ram_ip.vhd:73]
INFO: [Synth 8-256] done synthesizing module 'test_ram_ip' (9#1) [c:/XD58_test/XD58_Artix_100T_project/Project.srcs/sources_1/ip/test_ram_ip/synth/test_ram_ip.vhd:73]
Finished RTL Elaboration : Time (s): cpu = 00:00:40 ; elapsed = 00:00:41 . Memory (MB): peak = 572.188 ; gain = 290.375
Finished RTL Optimization Phase 1 : Time (s): cpu = 00:00:40 ; elapsed = 00:00:41 . Memory (MB): peak = 572.188 ; gain = 290.375
INFO: [Device 21-403] Loading part xc7a100tfgg484-2L
Constraint Validation Runtime : Time (s): cpu = 00:00:00 ; elapsed = 00:00:00.017 . Memory (MB): peak = 645.387 ; gain = 0.000
Finished Constraint Validation : Time (s): cpu = 00:00:47 ; elapsed = 00:00:48 . Memory (MB): peak = 645.387 ; gain = 363.574
Finished Loading Part and Timing Information : Time (s): cpu = 00:00:47 ; elapsed = 00:00:48 . Memory (MB): peak = 645.387 ; gain = 363.574
Finished applying 'set_property' XDC Constraints : Time (s): cpu = 00:00:47 ; elapsed = 00:00:48 . Memory (MB): peak = 645.387 ; gain = 363.574
Finished RTL Optimization Phase 2 : Time (s): cpu = 00:00:47 ; elapsed = 00:00:48 . Memory (MB): peak = 645.387 ; gain = 363.574
Finished Cross Boundary and Area Optimization : Time (s): cpu = 00:00:48 ; elapsed = 00:00:49 . Memory (MB): peak = 645.387 ; gain = 363.574
Finished Applying XDC Timing Constraints : Time (s): cpu = 00:00:56 ; elapsed = 00:00:57 . Memory (MB): peak = 666.379 ; gain = 384.566
Finished Timing Optimization : Time (s): cpu = 00:00:56 ; elapsed = 00:00:57 . Memory (MB): peak = 666.379 ; gain = 384.566
Finished Technology Mapping : Time (s): cpu = 00:00:56 ; elapsed = 00:00:57 . Memory (MB): peak = 677.523 ; gain = 395.711
Finished IO Insertion : Time (s): cpu = 00:00:56 ; elapsed = 00:00:57 . Memory (MB): peak = 677.523 ; gain = 395.711
Finished Renaming Generated Instances : Time (s): cpu = 00:00:56 ; elapsed = 00:00:57 . Memory (MB): peak = 677.523 ; gain = 395.711
Finished Rebuilding User Hierarchy : Time (s): cpu = 00:00:56 ; elapsed = 00:00:57 . Memory (MB): peak = 677.523 ; gain = 395.711
Finished Renaming Generated Ports : Time (s): cpu = 00:00:56 ; elapsed = 00:00:57 . Memory (MB): peak = 677.523 ; gain = 395.711
Finished Handling Custom Attributes : Time (s): cpu = 00:00:56 ; elapsed = 00:00:57 . Memory (MB): peak = 677.523 ; gain = 395.711
Finished Renaming Generated Nets : Time (s): cpu = 00:00:56 ; elapsed = 00:00:57 . Memory (MB): peak = 677.523 ; gain = 395.711

Report Cell Usage: 
+------+---------+------+
|      |Cell     |Count |
+------+---------+------+
|1     |RAMB36E1 |     2|
+------+---------+------+
Finished Writing Synthesis Report : Time (s): cpu = 00:00:56 ; elapsed = 00:00:57 . Memory (MB): peak = 677.523 ; gain = 395.711
synth_design: Time (s): cpu = 00:00:58 ; elapsed = 00:00:59 . Memory (MB): peak = 690.051 ; gain = 415.828
