
*** Running vivado
    with args -log sub_BD_mig_7series_0_0.vds -m64 -product Vivado -mode batch -messageDb vivado.pb -notrace -source sub_BD_mig_7series_0_0.tcl


****** Vivado v2017.2 (64-bit)
  **** SW Build 1909853 on Thu Jun 15 18:39:09 MDT 2017
  **** IP Build 1909766 on Thu Jun 15 19:58:00 MDT 2017
    ** Copyright 1986-2017 Xilinx, Inc. All Rights Reserved.

source sub_BD_mig_7series_0_0.tcl -notrace
ERROR: [Designutils 20-414] HRTInvokeSpec : No Verilog or VHDL sources specified

*** Running vivado
    with args -log sub_BD_mig_7series_0_0.vds -m64 -product Vivado -mode batch -messageDb vivado.pb -notrace -source sub_BD_mig_7series_0_0.tcl


****** Vivado v2017.2 (64-bit)
  **** SW Build 1909853 on Thu Jun 15 18:39:09 MDT 2017
  **** IP Build 1909766 on Thu Jun 15 19:58:00 MDT 2017
    ** Copyright 1986-2017 Xilinx, Inc. All Rights Reserved.

source sub_BD_mig_7series_0_0.tcl -notrace
Starting RTL Elaboration : Time (s): cpu = 00:00:05 ; elapsed = 00:00:05 . Memory (MB): peak = 388.668 ; gain = 82.738
INFO: [Synth 8-638] synthesizing module 'sub_BD_mig_7series_0_0' [c:/Users/Administrator/Desktop/XD58_Artix_100T_project/Project.srcs/sources_1/bd/sub_BD/ip/sub_BD_mig_7series_0_0/sub_BD_mig_7series_0_0/user_design/rtl/sub_BD_mig_7series_0_0.v:70]
INFO: [Synth 8-638] synthesizing module 'sub_BD_mig_7series_0_0_mig' [c:/Users/Administrator/Desktop/XD58_Artix_100T_project/Project.srcs/sources_1/bd/sub_BD/ip/sub_BD_mig_7series_0_0/sub_BD_mig_7series_0_0/user_design/rtl/sub_BD_mig_7series_0_0_mig.v:75]
INFO: [Synth 8-638] synthesizing module 'mig_7series_v4_0_tempmon' [c:/Users/Administrator/Desktop/XD58_Artix_100T_project/Project.srcs/sources_1/bd/sub_BD/ip/sub_BD_mig_7series_0_0/sub_BD_mig_7series_0_0/user_design/rtl/clocking/mig_7series_v4_0_tempmon.v:69]
INFO: [Synth 8-256] done synthesizing module 'mig_7series_v4_0_tempmon' (1#1) [c:/Users/Administrator/Desktop/XD58_Artix_100T_project/Project.srcs/sources_1/bd/sub_BD/ip/sub_BD_mig_7series_0_0/sub_BD_mig_7series_0_0/user_design/rtl/clocking/mig_7series_v4_0_tempmon.v:69]
INFO: [Synth 8-638] synthesizing module 'mig_7series_v4_0_iodelay_ctrl' [c:/Users/Administrator/Desktop/XD58_Artix_100T_project/Project.srcs/sources_1/bd/sub_BD/ip/sub_BD_mig_7series_0_0/sub_BD_mig_7series_0_0/user_design/rtl/clocking/mig_7series_v4_0_iodelay_ctrl.v:80]
INFO: [Synth 8-638] synthesizing module 'IDELAYCTRL' [C:/Xilinx/vivado2017/Vivado/2017.2/scripts/rt/data/unisim_comp.v:16506]
INFO: [Synth 8-256] done synthesizing module 'IDELAYCTRL' (2#1) [C:/Xilinx/vivado2017/Vivado/2017.2/scripts/rt/data/unisim_comp.v:16506]
INFO: [Synth 8-256] done synthesizing module 'mig_7series_v4_0_iodelay_ctrl' (3#1) [c:/Users/Administrator/Desktop/XD58_Artix_100T_project/Project.srcs/sources_1/bd/sub_BD/ip/sub_BD_mig_7series_0_0/sub_BD_mig_7series_0_0/user_design/rtl/clocking/mig_7series_v4_0_iodelay_ctrl.v:80]
INFO: [Synth 8-638] synthesizing module 'mig_7series_v4_0_clk_ibuf' [c:/Users/Administrator/Desktop/XD58_Artix_100T_project/Project.srcs/sources_1/bd/sub_BD/ip/sub_BD_mig_7series_0_0/sub_BD_mig_7series_0_0/user_design/rtl/clocking/mig_7series_v4_0_clk_ibuf.v:68]
INFO: [Synth 8-256] done synthesizing module 'mig_7series_v4_0_clk_ibuf' (4#1) [c:/Users/Administrator/Desktop/XD58_Artix_100T_project/Project.srcs/sources_1/bd/sub_BD/ip/sub_BD_mig_7series_0_0/sub_BD_mig_7series_0_0/user_design/rtl/clocking/mig_7series_v4_0_clk_ibuf.v:68]
INFO: [Synth 8-638] synthesizing module 'mig_7series_v4_0_infrastructure' [c:/Users/Administrator/Desktop/XD58_Artix_100T_project/Project.srcs/sources_1/bd/sub_BD/ip/sub_BD_mig_7series_0_0/sub_BD_mig_7series_0_0/user_design/rtl/clocking/mig_7series_v4_0_infrastructure.v:78]
INFO: [Synth 8-638] synthesizing module 'MMCME2_ADV' [C:/Xilinx/vivado2017/Vivado/2017.2/scripts/rt/data/unisim_comp.v:20759]
INFO: [Synth 8-256] done synthesizing module 'MMCME2_ADV' (5#1) [C:/Xilinx/vivado2017/Vivado/2017.2/scripts/rt/data/unisim_comp.v:20759]
INFO: [Synth 8-638] synthesizing module 'BUFG' [C:/Xilinx/vivado2017/Vivado/2017.2/scripts/rt/data/unisim_comp.v:607]
INFO: [Synth 8-256] done synthesizing module 'BUFG' (6#1) [C:/Xilinx/vivado2017/Vivado/2017.2/scripts/rt/data/unisim_comp.v:607]
INFO: [Synth 8-638] synthesizing module 'PLLE2_ADV' [C:/Xilinx/vivado2017/Vivado/2017.2/scripts/rt/data/unisim_comp.v:33019]
INFO: [Synth 8-256] done synthesizing module 'PLLE2_ADV' (7#1) [C:/Xilinx/vivado2017/Vivado/2017.2/scripts/rt/data/unisim_comp.v:33019]
INFO: [Synth 8-638] synthesizing module 'BUFH' [C:/Xilinx/vivado2017/Vivado/2017.2/scripts/rt/data/unisim_comp.v:806]
INFO: [Synth 8-256] done synthesizing module 'BUFH' (8#1) [C:/Xilinx/vivado2017/Vivado/2017.2/scripts/rt/data/unisim_comp.v:806]
INFO: [Synth 8-256] done synthesizing module 'mig_7series_v4_0_infrastructure' (9#1) [c:/Users/Administrator/Desktop/XD58_Artix_100T_project/Project.srcs/sources_1/bd/sub_BD/ip/sub_BD_mig_7series_0_0/sub_BD_mig_7series_0_0/user_design/rtl/clocking/mig_7series_v4_0_infrastructure.v:78]
INFO: [Synth 8-638] synthesizing module 'mig_7series_v4_0_memc_ui_top_axi' [c:/Users/Administrator/Desktop/XD58_Artix_100T_project/Project.srcs/sources_1/bd/sub_BD/ip/sub_BD_mig_7series_0_0/sub_BD_mig_7series_0_0/user_design/rtl/ip_top/mig_7series_v4_0_memc_ui_top_axi.v:72]
INFO: [Synth 8-638] synthesizing module 'mig_7series_v4_0_mem_intfc' [c:/Users/Administrator/Desktop/XD58_Artix_100T_project/Project.srcs/sources_1/bd/sub_BD/ip/sub_BD_mig_7series_0_0/sub_BD_mig_7series_0_0/user_design/rtl/ip_top/mig_7series_v4_0_mem_intfc.v:70]
INFO: [Synth 8-638] synthesizing module 'mig_7series_v4_0_mc' [c:/Users/Administrator/Desktop/XD58_Artix_100T_project/Project.srcs/sources_1/bd/sub_BD/ip/sub_BD_mig_7series_0_0/sub_BD_mig_7series_0_0/user_design/rtl/controller/mig_7series_v4_0_mc.v:73]
INFO: [Synth 8-638] synthesizing module 'mig_7series_v4_0_rank_mach' [c:/Users/Administrator/Desktop/XD58_Artix_100T_project/Project.srcs/sources_1/bd/sub_BD/ip/sub_BD_mig_7series_0_0/sub_BD_mig_7series_0_0/user_design/rtl/controller/mig_7series_v4_0_rank_mach.v:71]
INFO: [Synth 8-638] synthesizing module 'mig_7series_v4_0_rank_cntrl' [c:/Users/Administrator/Desktop/XD58_Artix_100T_project/Project.srcs/sources_1/bd/sub_BD/ip/sub_BD_mig_7series_0_0/sub_BD_mig_7series_0_0/user_design/rtl/controller/mig_7series_v4_0_rank_cntrl.v:79]
INFO: [Synth 8-638] synthesizing module 'SRLC32E' [C:/Xilinx/vivado2017/Vivado/2017.2/scripts/rt/data/unisim_comp.v:43823]
INFO: [Synth 8-256] done synthesizing module 'SRLC32E' (10#1) [C:/Xilinx/vivado2017/Vivado/2017.2/scripts/rt/data/unisim_comp.v:43823]
INFO: [Synth 8-256] done synthesizing module 'mig_7series_v4_0_rank_cntrl' (11#1) [c:/Users/Administrator/Desktop/XD58_Artix_100T_project/Project.srcs/sources_1/bd/sub_BD/ip/sub_BD_mig_7series_0_0/sub_BD_mig_7series_0_0/user_design/rtl/controller/mig_7series_v4_0_rank_cntrl.v:79]
INFO: [Synth 8-638] synthesizing module 'mig_7series_v4_0_rank_common' [c:/Users/Administrator/Desktop/XD58_Artix_100T_project/Project.srcs/sources_1/bd/sub_BD/ip/sub_BD_mig_7series_0_0/sub_BD_mig_7series_0_0/user_design/rtl/controller/mig_7series_v4_0_rank_common.v:72]
INFO: [Synth 8-638] synthesizing module 'mig_7series_v4_0_round_robin_arb' [c:/Users/Administrator/Desktop/XD58_Artix_100T_project/Project.srcs/sources_1/bd/sub_BD/ip/sub_BD_mig_7series_0_0/sub_BD_mig_7series_0_0/user_design/rtl/controller/mig_7series_v4_0_round_robin_arb.v:121]
INFO: [Synth 8-256] done synthesizing module 'mig_7series_v4_0_round_robin_arb' (12#1) [c:/Users/Administrator/Desktop/XD58_Artix_100T_project/Project.srcs/sources_1/bd/sub_BD/ip/sub_BD_mig_7series_0_0/sub_BD_mig_7series_0_0/user_design/rtl/controller/mig_7series_v4_0_round_robin_arb.v:121]
INFO: [Synth 8-638] synthesizing module 'mig_7series_v4_0_round_robin_arb__parameterized0' [c:/Users/Administrator/Desktop/XD58_Artix_100T_project/Project.srcs/sources_1/bd/sub_BD/ip/sub_BD_mig_7series_0_0/sub_BD_mig_7series_0_0/user_design/rtl/controller/mig_7series_v4_0_round_robin_arb.v:121]
INFO: [Synth 8-256] done synthesizing module 'mig_7series_v4_0_round_robin_arb__parameterized0' (12#1) [c:/Users/Administrator/Desktop/XD58_Artix_100T_project/Project.srcs/sources_1/bd/sub_BD/ip/sub_BD_mig_7series_0_0/sub_BD_mig_7series_0_0/user_design/rtl/controller/mig_7series_v4_0_round_robin_arb.v:121]
INFO: [Synth 8-256] done synthesizing module 'mig_7series_v4_0_rank_common' (13#1) [c:/Users/Administrator/Desktop/XD58_Artix_100T_project/Project.srcs/sources_1/bd/sub_BD/ip/sub_BD_mig_7series_0_0/sub_BD_mig_7series_0_0/user_design/rtl/controller/mig_7series_v4_0_rank_common.v:72]
INFO: [Synth 8-256] done synthesizing module 'mig_7series_v4_0_rank_mach' (14#1) [c:/Users/Administrator/Desktop/XD58_Artix_100T_project/Project.srcs/sources_1/bd/sub_BD/ip/sub_BD_mig_7series_0_0/sub_BD_mig_7series_0_0/user_design/rtl/controller/mig_7series_v4_0_rank_mach.v:71]
INFO: [Synth 8-638] synthesizing module 'mig_7series_v4_0_bank_mach' [c:/Users/Administrator/Desktop/XD58_Artix_100T_project/Project.srcs/sources_1/bd/sub_BD/ip/sub_BD_mig_7series_0_0/sub_BD_mig_7series_0_0/user_design/rtl/controller/mig_7series_v4_0_bank_mach.v:72]
INFO: [Synth 8-638] synthesizing module 'mig_7series_v4_0_bank_cntrl' [c:/Users/Administrator/Desktop/XD58_Artix_100T_project/Project.srcs/sources_1/bd/sub_BD/ip/sub_BD_mig_7series_0_0/sub_BD_mig_7series_0_0/user_design/rtl/controller/mig_7series_v4_0_bank_cntrl.v:70]
INFO: [Synth 8-638] synthesizing module 'mig_7series_v4_0_bank_compare' [c:/Users/Administrator/Desktop/XD58_Artix_100T_project/Project.srcs/sources_1/bd/sub_BD/ip/sub_BD_mig_7series_0_0/sub_BD_mig_7series_0_0/user_design/rtl/controller/mig_7series_v4_0_bank_compare.v:74]
INFO: [Synth 8-256] done synthesizing module 'mig_7series_v4_0_bank_compare' (15#1) [c:/Users/Administrator/Desktop/XD58_Artix_100T_project/Project.srcs/sources_1/bd/sub_BD/ip/sub_BD_mig_7series_0_0/sub_BD_mig_7series_0_0/user_design/rtl/controller/mig_7series_v4_0_bank_compare.v:74]
INFO: [Synth 8-638] synthesizing module 'mig_7series_v4_0_bank_state' [c:/Users/Administrator/Desktop/XD58_Artix_100T_project/Project.srcs/sources_1/bd/sub_BD/ip/sub_BD_mig_7series_0_0/sub_BD_mig_7series_0_0/user_design/rtl/controller/mig_7series_v4_0_bank_state.v:141]
INFO: [Synth 8-256] done synthesizing module 'mig_7series_v4_0_bank_state' (16#1) [c:/Users/Administrator/Desktop/XD58_Artix_100T_project/Project.srcs/sources_1/bd/sub_BD/ip/sub_BD_mig_7series_0_0/sub_BD_mig_7series_0_0/user_design/rtl/controller/mig_7series_v4_0_bank_state.v:141]
INFO: [Synth 8-638] synthesizing module 'mig_7series_v4_0_bank_queue' [c:/Users/Administrator/Desktop/XD58_Artix_100T_project/Project.srcs/sources_1/bd/sub_BD/ip/sub_BD_mig_7series_0_0/sub_BD_mig_7series_0_0/user_design/rtl/controller/mig_7series_v4_0_bank_queue.v:174]
INFO: [Synth 8-256] done synthesizing module 'mig_7series_v4_0_bank_queue' (17#1) [c:/Users/Administrator/Desktop/XD58_Artix_100T_project/Project.srcs/sources_1/bd/sub_BD/ip/sub_BD_mig_7series_0_0/sub_BD_mig_7series_0_0/user_design/rtl/controller/mig_7series_v4_0_bank_queue.v:174]
INFO: [Synth 8-256] done synthesizing module 'mig_7series_v4_0_bank_cntrl' (18#1) [c:/Users/Administrator/Desktop/XD58_Artix_100T_project/Project.srcs/sources_1/bd/sub_BD/ip/sub_BD_mig_7series_0_0/sub_BD_mig_7series_0_0/user_design/rtl/controller/mig_7series_v4_0_bank_cntrl.v:70]
INFO: [Synth 8-638] synthesizing module 'mig_7series_v4_0_bank_cntrl__parameterized0' [c:/Users/Administrator/Desktop/XD58_Artix_100T_project/Project.srcs/sources_1/bd/sub_BD/ip/sub_BD_mig_7series_0_0/sub_BD_mig_7series_0_0/user_design/rtl/controller/mig_7series_v4_0_bank_cntrl.v:70]
INFO: [Synth 8-638] synthesizing module 'mig_7series_v4_0_bank_state__parameterized0' [c:/Users/Administrator/Desktop/XD58_Artix_100T_project/Project.srcs/sources_1/bd/sub_BD/ip/sub_BD_mig_7series_0_0/sub_BD_mig_7series_0_0/user_design/rtl/controller/mig_7series_v4_0_bank_state.v:141]
INFO: [Synth 8-256] done synthesizing module 'mig_7series_v4_0_bank_state__parameterized0' (18#1) [c:/Users/Administrator/Desktop/XD58_Artix_100T_project/Project.srcs/sources_1/bd/sub_BD/ip/sub_BD_mig_7series_0_0/sub_BD_mig_7series_0_0/user_design/rtl/controller/mig_7series_v4_0_bank_state.v:141]
INFO: [Synth 8-638] synthesizing module 'mig_7series_v4_0_bank_queue__parameterized0' [c:/Users/Administrator/Desktop/XD58_Artix_100T_project/Project.srcs/sources_1/bd/sub_BD/ip/sub_BD_mig_7series_0_0/sub_BD_mig_7series_0_0/user_design/rtl/controller/mig_7series_v4_0_bank_queue.v:174]
INFO: [Synth 8-256] done synthesizing module 'mig_7series_v4_0_bank_queue__parameterized0' (18#1) [c:/Users/Administrator/Desktop/XD58_Artix_100T_project/Project.srcs/sources_1/bd/sub_BD/ip/sub_BD_mig_7series_0_0/sub_BD_mig_7series_0_0/user_design/rtl/controller/mig_7series_v4_0_bank_queue.v:174]
INFO: [Synth 8-256] done synthesizing module 'mig_7series_v4_0_bank_cntrl__parameterized0' (18#1) [c:/Users/Administrator/Desktop/XD58_Artix_100T_project/Project.srcs/sources_1/bd/sub_BD/ip/sub_BD_mig_7series_0_0/sub_BD_mig_7series_0_0/user_design/rtl/controller/mig_7series_v4_0_bank_cntrl.v:70]
INFO: [Synth 8-638] synthesizing module 'mig_7series_v4_0_bank_cntrl__parameterized1' [c:/Users/Administrator/Desktop/XD58_Artix_100T_project/Project.srcs/sources_1/bd/sub_BD/ip/sub_BD_mig_7series_0_0/sub_BD_mig_7series_0_0/user_design/rtl/controller/mig_7series_v4_0_bank_cntrl.v:70]
INFO: [Synth 8-638] synthesizing module 'mig_7series_v4_0_bank_state__parameterized1' [c:/Users/Administrator/Desktop/XD58_Artix_100T_project/Project.srcs/sources_1/bd/sub_BD/ip/sub_BD_mig_7series_0_0/sub_BD_mig_7series_0_0/user_design/rtl/controller/mig_7series_v4_0_bank_state.v:141]
INFO: [Synth 8-256] done synthesizing module 'mig_7series_v4_0_bank_state__parameterized1' (18#1) [c:/Users/Administrator/Desktop/XD58_Artix_100T_project/Project.srcs/sources_1/bd/sub_BD/ip/sub_BD_mig_7series_0_0/sub_BD_mig_7series_0_0/user_design/rtl/controller/mig_7series_v4_0_bank_state.v:141]
INFO: [Synth 8-638] synthesizing module 'mig_7series_v4_0_bank_queue__parameterized1' [c:/Users/Administrator/Desktop/XD58_Artix_100T_project/Project.srcs/sources_1/bd/sub_BD/ip/sub_BD_mig_7series_0_0/sub_BD_mig_7series_0_0/user_design/rtl/controller/mig_7series_v4_0_bank_queue.v:174]
INFO: [Synth 8-256] done synthesizing module 'mig_7series_v4_0_bank_queue__parameterized1' (18#1) [c:/Users/Administrator/Desktop/XD58_Artix_100T_project/Project.srcs/sources_1/bd/sub_BD/ip/sub_BD_mig_7series_0_0/sub_BD_mig_7series_0_0/user_design/rtl/controller/mig_7series_v4_0_bank_queue.v:174]
INFO: [Synth 8-256] done synthesizing module 'mig_7series_v4_0_bank_cntrl__parameterized1' (18#1) [c:/Users/Administrator/Desktop/XD58_Artix_100T_project/Project.srcs/sources_1/bd/sub_BD/ip/sub_BD_mig_7series_0_0/sub_BD_mig_7series_0_0/user_design/rtl/controller/mig_7series_v4_0_bank_cntrl.v:70]
INFO: [Synth 8-638] synthesizing module 'mig_7series_v4_0_bank_cntrl__parameterized2' [c:/Users/Administrator/Desktop/XD58_Artix_100T_project/Project.srcs/sources_1/bd/sub_BD/ip/sub_BD_mig_7series_0_0/sub_BD_mig_7series_0_0/user_design/rtl/controller/mig_7series_v4_0_bank_cntrl.v:70]
INFO: [Synth 8-638] synthesizing module 'mig_7series_v4_0_bank_state__parameterized2' [c:/Users/Administrator/Desktop/XD58_Artix_100T_project/Project.srcs/sources_1/bd/sub_BD/ip/sub_BD_mig_7series_0_0/sub_BD_mig_7series_0_0/user_design/rtl/controller/mig_7series_v4_0_bank_state.v:141]
INFO: [Synth 8-256] done synthesizing module 'mig_7series_v4_0_bank_state__parameterized2' (18#1) [c:/Users/Administrator/Desktop/XD58_Artix_100T_project/Project.srcs/sources_1/bd/sub_BD/ip/sub_BD_mig_7series_0_0/sub_BD_mig_7series_0_0/user_design/rtl/controller/mig_7series_v4_0_bank_state.v:141]
INFO: [Synth 8-638] synthesizing module 'mig_7series_v4_0_bank_queue__parameterized2' [c:/Users/Administrator/Desktop/XD58_Artix_100T_project/Project.srcs/sources_1/bd/sub_BD/ip/sub_BD_mig_7series_0_0/sub_BD_mig_7series_0_0/user_design/rtl/controller/mig_7series_v4_0_bank_queue.v:174]
INFO: [Synth 8-256] done synthesizing module 'mig_7series_v4_0_bank_queue__parameterized2' (18#1) [c:/Users/Administrator/Desktop/XD58_Artix_100T_project/Project.srcs/sources_1/bd/sub_BD/ip/sub_BD_mig_7series_0_0/sub_BD_mig_7series_0_0/user_design/rtl/controller/mig_7series_v4_0_bank_queue.v:174]
INFO: [Synth 8-256] done synthesizing module 'mig_7series_v4_0_bank_cntrl__parameterized2' (18#1) [c:/Users/Administrator/Desktop/XD58_Artix_100T_project/Project.srcs/sources_1/bd/sub_BD/ip/sub_BD_mig_7series_0_0/sub_BD_mig_7series_0_0/user_design/rtl/controller/mig_7series_v4_0_bank_cntrl.v:70]
INFO: [Synth 8-638] synthesizing module 'mig_7series_v4_0_bank_common' [c:/Users/Administrator/Desktop/XD58_Artix_100T_project/Project.srcs/sources_1/bd/sub_BD/ip/sub_BD_mig_7series_0_0/sub_BD_mig_7series_0_0/user_design/rtl/controller/mig_7series_v4_0_bank_common.v:73]
INFO: [Synth 8-256] done synthesizing module 'mig_7series_v4_0_bank_common' (19#1) [c:/Users/Administrator/Desktop/XD58_Artix_100T_project/Project.srcs/sources_1/bd/sub_BD/ip/sub_BD_mig_7series_0_0/sub_BD_mig_7series_0_0/user_design/rtl/controller/mig_7series_v4_0_bank_common.v:73]
INFO: [Synth 8-638] synthesizing module 'mig_7series_v4_0_arb_mux' [c:/Users/Administrator/Desktop/XD58_Artix_100T_project/Project.srcs/sources_1/bd/sub_BD/ip/sub_BD_mig_7series_0_0/sub_BD_mig_7series_0_0/user_design/rtl/controller/mig_7series_v4_0_arb_mux.v:69]
INFO: [Synth 8-638] synthesizing module 'mig_7series_v4_0_arb_row_col' [c:/Users/Administrator/Desktop/XD58_Artix_100T_project/Project.srcs/sources_1/bd/sub_BD/ip/sub_BD_mig_7series_0_0/sub_BD_mig_7series_0_0/user_design/rtl/controller/mig_7series_v4_0_arb_row_col.v:83]
INFO: [Synth 8-638] synthesizing module 'mig_7series_v4_0_round_robin_arb__parameterized1' [c:/Users/Administrator/Desktop/XD58_Artix_100T_project/Project.srcs/sources_1/bd/sub_BD/ip/sub_BD_mig_7series_0_0/sub_BD_mig_7series_0_0/user_design/rtl/controller/mig_7series_v4_0_round_robin_arb.v:121]
INFO: [Synth 8-256] done synthesizing module 'mig_7series_v4_0_round_robin_arb__parameterized1' (19#1) [c:/Users/Administrator/Desktop/XD58_Artix_100T_project/Project.srcs/sources_1/bd/sub_BD/ip/sub_BD_mig_7series_0_0/sub_BD_mig_7series_0_0/user_design/rtl/controller/mig_7series_v4_0_round_robin_arb.v:121]
INFO: [Synth 8-256] done synthesizing module 'mig_7series_v4_0_arb_row_col' (20#1) [c:/Users/Administrator/Desktop/XD58_Artix_100T_project/Project.srcs/sources_1/bd/sub_BD/ip/sub_BD_mig_7series_0_0/sub_BD_mig_7series_0_0/user_design/rtl/controller/mig_7series_v4_0_arb_row_col.v:83]
INFO: [Synth 8-638] synthesizing module 'mig_7series_v4_0_arb_select' [c:/Users/Administrator/Desktop/XD58_Artix_100T_project/Project.srcs/sources_1/bd/sub_BD/ip/sub_BD_mig_7series_0_0/sub_BD_mig_7series_0_0/user_design/rtl/controller/mig_7series_v4_0_arb_select.v:75]
INFO: [Synth 8-256] done synthesizing module 'mig_7series_v4_0_arb_select' (21#1) [c:/Users/Administrator/Desktop/XD58_Artix_100T_project/Project.srcs/sources_1/bd/sub_BD/ip/sub_BD_mig_7series_0_0/sub_BD_mig_7series_0_0/user_design/rtl/controller/mig_7series_v4_0_arb_select.v:75]
INFO: [Synth 8-256] done synthesizing module 'mig_7series_v4_0_arb_mux' (22#1) [c:/Users/Administrator/Desktop/XD58_Artix_100T_project/Project.srcs/sources_1/bd/sub_BD/ip/sub_BD_mig_7series_0_0/sub_BD_mig_7series_0_0/user_design/rtl/controller/mig_7series_v4_0_arb_mux.v:69]
INFO: [Synth 8-256] done synthesizing module 'mig_7series_v4_0_bank_mach' (23#1) [c:/Users/Administrator/Desktop/XD58_Artix_100T_project/Project.srcs/sources_1/bd/sub_BD/ip/sub_BD_mig_7series_0_0/sub_BD_mig_7series_0_0/user_design/rtl/controller/mig_7series_v4_0_bank_mach.v:72]
INFO: [Synth 8-638] synthesizing module 'mig_7series_v4_0_col_mach' [c:/Users/Administrator/Desktop/XD58_Artix_100T_project/Project.srcs/sources_1/bd/sub_BD/ip/sub_BD_mig_7series_0_0/sub_BD_mig_7series_0_0/user_design/rtl/controller/mig_7series_v4_0_col_mach.v:88]
INFO: [Synth 8-638] synthesizing module 'RAM32M' [C:/Xilinx/vivado2017/Vivado/2017.2/scripts/rt/data/unisim_comp.v:37094]
INFO: [Synth 8-256] done synthesizing module 'RAM32M' (24#1) [C:/Xilinx/vivado2017/Vivado/2017.2/scripts/rt/data/unisim_comp.v:37094]
INFO: [Synth 8-256] done synthesizing module 'mig_7series_v4_0_col_mach' (25#1) [c:/Users/Administrator/Desktop/XD58_Artix_100T_project/Project.srcs/sources_1/bd/sub_BD/ip/sub_BD_mig_7series_0_0/sub_BD_mig_7series_0_0/user_design/rtl/controller/mig_7series_v4_0_col_mach.v:88]
INFO: [Synth 8-256] done synthesizing module 'mig_7series_v4_0_mc' (26#1) [c:/Users/Administrator/Desktop/XD58_Artix_100T_project/Project.srcs/sources_1/bd/sub_BD/ip/sub_BD_mig_7series_0_0/sub_BD_mig_7series_0_0/user_design/rtl/controller/mig_7series_v4_0_mc.v:73]
INFO: [Synth 8-638] synthesizing module 'mig_7series_v4_0_ddr_phy_top' [c:/Users/Administrator/Desktop/XD58_Artix_100T_project/Project.srcs/sources_1/bd/sub_BD/ip/sub_BD_mig_7series_0_0/sub_BD_mig_7series_0_0/user_design/rtl/phy/mig_7series_v4_0_ddr_phy_top.v:70]
INFO: [Synth 8-638] synthesizing module 'mig_7series_v4_0_ddr_mc_phy_wrapper' [c:/Users/Administrator/Desktop/XD58_Artix_100T_project/Project.srcs/sources_1/bd/sub_BD/ip/sub_BD_mig_7series_0_0/sub_BD_mig_7series_0_0/user_design/rtl/phy/mig_7series_v4_0_ddr_mc_phy_wrapper.v:71]
INFO: [Synth 8-638] synthesizing module 'OBUF' [C:/Xilinx/vivado2017/Vivado/2017.2/scripts/rt/data/unisim_comp.v:22272]
INFO: [Synth 8-256] done synthesizing module 'OBUF' (27#1) [C:/Xilinx/vivado2017/Vivado/2017.2/scripts/rt/data/unisim_comp.v:22272]
INFO: [Synth 8-638] synthesizing module 'OBUFT' [C:/Xilinx/vivado2017/Vivado/2017.2/scripts/rt/data/unisim_comp.v:22488]
INFO: [Synth 8-256] done synthesizing module 'OBUFT' (28#1) [C:/Xilinx/vivado2017/Vivado/2017.2/scripts/rt/data/unisim_comp.v:22488]
INFO: [Synth 8-638] synthesizing module 'IOBUF_INTERMDISABLE' [C:/Xilinx/vivado2017/Vivado/2017.2/scripts/rt/data/unisim_comp.v:18271]
INFO: [Synth 8-256] done synthesizing module 'IOBUF_INTERMDISABLE' (29#1) [C:/Xilinx/vivado2017/Vivado/2017.2/scripts/rt/data/unisim_comp.v:18271]
INFO: [Synth 8-638] synthesizing module 'IOBUFDS_INTERMDISABLE' [C:/Xilinx/vivado2017/Vivado/2017.2/scripts/rt/data/unisim_comp.v:17848]
INFO: [Synth 8-256] done synthesizing module 'IOBUFDS_INTERMDISABLE' (30#1) [C:/Xilinx/vivado2017/Vivado/2017.2/scripts/rt/data/unisim_comp.v:17848]
INFO: [Synth 8-638] synthesizing module 'mig_7series_v4_0_ddr_of_pre_fifo' [c:/Users/Administrator/Desktop/XD58_Artix_100T_project/Project.srcs/sources_1/bd/sub_BD/ip/sub_BD_mig_7series_0_0/sub_BD_mig_7series_0_0/user_design/rtl/phy/mig_7series_v4_0_ddr_of_pre_fifo.v:76]
INFO: [Synth 8-256] done synthesizing module 'mig_7series_v4_0_ddr_of_pre_fifo' (31#1) [c:/Users/Administrator/Desktop/XD58_Artix_100T_project/Project.srcs/sources_1/bd/sub_BD/ip/sub_BD_mig_7series_0_0/sub_BD_mig_7series_0_0/user_design/rtl/phy/mig_7series_v4_0_ddr_of_pre_fifo.v:76]
INFO: [Synth 8-638] synthesizing module 'mig_7series_v4_0_ddr_of_pre_fifo__parameterized0' [c:/Users/Administrator/Desktop/XD58_Artix_100T_project/Project.srcs/sources_1/bd/sub_BD/ip/sub_BD_mig_7series_0_0/sub_BD_mig_7series_0_0/user_design/rtl/phy/mig_7series_v4_0_ddr_of_pre_fifo.v:76]
INFO: [Synth 8-256] done synthesizing module 'mig_7series_v4_0_ddr_of_pre_fifo__parameterized0' (31#1) [c:/Users/Administrator/Desktop/XD58_Artix_100T_project/Project.srcs/sources_1/bd/sub_BD/ip/sub_BD_mig_7series_0_0/sub_BD_mig_7series_0_0/user_design/rtl/phy/mig_7series_v4_0_ddr_of_pre_fifo.v:76]
INFO: [Synth 8-638] synthesizing module 'mig_7series_v4_0_ddr_mc_phy' [c:/Users/Administrator/Desktop/XD58_Artix_100T_project/Project.srcs/sources_1/bd/sub_BD/ip/sub_BD_mig_7series_0_0/sub_BD_mig_7series_0_0/user_design/rtl/phy/mig_7series_v4_0_ddr_mc_phy.v:70]
INFO: [Synth 8-638] synthesizing module 'mig_7series_v4_0_ddr_phy_4lanes' [c:/Users/Administrator/Desktop/XD58_Artix_100T_project/Project.srcs/sources_1/bd/sub_BD/ip/sub_BD_mig_7series_0_0/sub_BD_mig_7series_0_0/user_design/rtl/phy/mig_7series_v4_0_ddr_phy_4lanes.v:72]
INFO: [Synth 8-638] synthesizing module 'mig_7series_v4_0_ddr_byte_lane' [c:/Users/Administrator/Desktop/XD58_Artix_100T_project/Project.srcs/sources_1/bd/sub_BD/ip/sub_BD_mig_7series_0_0/sub_BD_mig_7series_0_0/user_design/rtl/phy/mig_7series_v4_0_ddr_byte_lane.v:70]
INFO: [Synth 8-638] synthesizing module 'mig_7series_v4_0_ddr_if_post_fifo' [c:/Users/Administrator/Desktop/XD58_Artix_100T_project/Project.srcs/sources_1/bd/sub_BD/ip/sub_BD_mig_7series_0_0/sub_BD_mig_7series_0_0/user_design/rtl/phy/mig_7series_v4_0_ddr_if_post_fifo.v:68]
INFO: [Synth 8-256] done synthesizing module 'mig_7series_v4_0_ddr_if_post_fifo' (32#1) [c:/Users/Administrator/Desktop/XD58_Artix_100T_project/Project.srcs/sources_1/bd/sub_BD/ip/sub_BD_mig_7series_0_0/sub_BD_mig_7series_0_0/user_design/rtl/phy/mig_7series_v4_0_ddr_if_post_fifo.v:68]
INFO: [Synth 8-638] synthesizing module 'mig_7series_v4_0_ddr_of_pre_fifo__parameterized1' [c:/Users/Administrator/Desktop/XD58_Artix_100T_project/Project.srcs/sources_1/bd/sub_BD/ip/sub_BD_mig_7series_0_0/sub_BD_mig_7series_0_0/user_design/rtl/phy/mig_7series_v4_0_ddr_of_pre_fifo.v:76]
INFO: [Synth 8-256] done synthesizing module 'mig_7series_v4_0_ddr_of_pre_fifo__parameterized1' (32#1) [c:/Users/Administrator/Desktop/XD58_Artix_100T_project/Project.srcs/sources_1/bd/sub_BD/ip/sub_BD_mig_7series_0_0/sub_BD_mig_7series_0_0/user_design/rtl/phy/mig_7series_v4_0_ddr_of_pre_fifo.v:76]
INFO: [Synth 8-638] synthesizing module 'PHASER_IN_PHY' [C:/Xilinx/vivado2017/Vivado/2017.2/scripts/rt/data/unisim_comp.v:32705]
INFO: [Synth 8-256] done synthesizing module 'PHASER_IN_PHY' (33#1) [C:/Xilinx/vivado2017/Vivado/2017.2/scripts/rt/data/unisim_comp.v:32705]
INFO: [Synth 8-638] synthesizing module 'IN_FIFO' [C:/Xilinx/vivado2017/Vivado/2017.2/scripts/rt/data/unisim_comp.v:17589]
INFO: [Synth 8-256] done synthesizing module 'IN_FIFO' (34#1) [C:/Xilinx/vivado2017/Vivado/2017.2/scripts/rt/data/unisim_comp.v:17589]
INFO: [Synth 8-638] synthesizing module 'PHASER_OUT_PHY' [C:/Xilinx/vivado2017/Vivado/2017.2/scripts/rt/data/unisim_comp.v:32842]
INFO: [Synth 8-256] done synthesizing module 'PHASER_OUT_PHY' (35#1) [C:/Xilinx/vivado2017/Vivado/2017.2/scripts/rt/data/unisim_comp.v:32842]
INFO: [Synth 8-638] synthesizing module 'OUT_FIFO' [C:/Xilinx/vivado2017/Vivado/2017.2/scripts/rt/data/unisim_comp.v:26338]
INFO: [Synth 8-256] done synthesizing module 'OUT_FIFO' (36#1) [C:/Xilinx/vivado2017/Vivado/2017.2/scripts/rt/data/unisim_comp.v:26338]
INFO: [Synth 8-638] synthesizing module 'mig_7series_v4_0_ddr_byte_group_io' [c:/Users/Administrator/Desktop/XD58_Artix_100T_project/Project.srcs/sources_1/bd/sub_BD/ip/sub_BD_mig_7series_0_0/sub_BD_mig_7series_0_0/user_design/rtl/phy/mig_7series_v4_0_ddr_byte_group_io.v:69]
INFO: [Synth 8-638] synthesizing module 'IDELAYE2' [C:/Xilinx/vivado2017/Vivado/2017.2/scripts/rt/data/unisim_comp.v:16519]
INFO: [Synth 8-256] done synthesizing module 'IDELAYE2' (37#1) [C:/Xilinx/vivado2017/Vivado/2017.2/scripts/rt/data/unisim_comp.v:16519]
INFO: [Synth 8-638] synthesizing module 'ISERDESE2' [C:/Xilinx/vivado2017/Vivado/2017.2/scripts/rt/data/unisim_comp.v:20009]
INFO: [Synth 8-256] done synthesizing module 'ISERDESE2' (38#1) [C:/Xilinx/vivado2017/Vivado/2017.2/scripts/rt/data/unisim_comp.v:20009]
INFO: [Synth 8-638] synthesizing module 'OSERDESE2' [C:/Xilinx/vivado2017/Vivado/2017.2/scripts/rt/data/unisim_comp.v:26223]
INFO: [Synth 8-256] done synthesizing module 'OSERDESE2' (39#1) [C:/Xilinx/vivado2017/Vivado/2017.2/scripts/rt/data/unisim_comp.v:26223]
INFO: [Synth 8-638] synthesizing module 'OSERDESE2__parameterized0' [C:/Xilinx/vivado2017/Vivado/2017.2/scripts/rt/data/unisim_comp.v:26223]
INFO: [Synth 8-256] done synthesizing module 'OSERDESE2__parameterized0' (39#1) [C:/Xilinx/vivado2017/Vivado/2017.2/scripts/rt/data/unisim_comp.v:26223]
INFO: [Synth 8-638] synthesizing module 'ODDR' [C:/Xilinx/vivado2017/Vivado/2017.2/scripts/rt/data/unisim_comp.v:25650]
INFO: [Synth 8-256] done synthesizing module 'ODDR' (40#1) [C:/Xilinx/vivado2017/Vivado/2017.2/scripts/rt/data/unisim_comp.v:25650]
INFO: [Synth 8-256] done synthesizing module 'mig_7series_v4_0_ddr_byte_group_io' (41#1) [c:/Users/Administrator/Desktop/XD58_Artix_100T_project/Project.srcs/sources_1/bd/sub_BD/ip/sub_BD_mig_7series_0_0/sub_BD_mig_7series_0_0/user_design/rtl/phy/mig_7series_v4_0_ddr_byte_group_io.v:69]
INFO: [Synth 8-256] done synthesizing module 'mig_7series_v4_0_ddr_byte_lane' (42#1) [c:/Users/Administrator/Desktop/XD58_Artix_100T_project/Project.srcs/sources_1/bd/sub_BD/ip/sub_BD_mig_7series_0_0/sub_BD_mig_7series_0_0/user_design/rtl/phy/mig_7series_v4_0_ddr_byte_lane.v:70]
INFO: [Synth 8-638] synthesizing module 'mig_7series_v4_0_ddr_byte_lane__parameterized0' [c:/Users/Administrator/Desktop/XD58_Artix_100T_project/Project.srcs/sources_1/bd/sub_BD/ip/sub_BD_mig_7series_0_0/sub_BD_mig_7series_0_0/user_design/rtl/phy/mig_7series_v4_0_ddr_byte_lane.v:70]
INFO: [Synth 8-638] synthesizing module 'PHASER_OUT_PHY__parameterized0' [C:/Xilinx/vivado2017/Vivado/2017.2/scripts/rt/data/unisim_comp.v:32842]
INFO: [Synth 8-256] done synthesizing module 'PHASER_OUT_PHY__parameterized0' (42#1) [C:/Xilinx/vivado2017/Vivado/2017.2/scripts/rt/data/unisim_comp.v:32842]
INFO: [Synth 8-638] synthesizing module 'OUT_FIFO__parameterized0' [C:/Xilinx/vivado2017/Vivado/2017.2/scripts/rt/data/unisim_comp.v:26338]
INFO: [Synth 8-256] done synthesizing module 'OUT_FIFO__parameterized0' (42#1) [C:/Xilinx/vivado2017/Vivado/2017.2/scripts/rt/data/unisim_comp.v:26338]
INFO: [Synth 8-638] synthesizing module 'mig_7series_v4_0_ddr_byte_group_io__parameterized0' [c:/Users/Administrator/Desktop/XD58_Artix_100T_project/Project.srcs/sources_1/bd/sub_BD/ip/sub_BD_mig_7series_0_0/sub_BD_mig_7series_0_0/user_design/rtl/phy/mig_7series_v4_0_ddr_byte_group_io.v:69]
INFO: [Synth 8-638] synthesizing module 'OSERDESE2__parameterized1' [C:/Xilinx/vivado2017/Vivado/2017.2/scripts/rt/data/unisim_comp.v:26223]
INFO: [Synth 8-256] done synthesizing module 'OSERDESE2__parameterized1' (42#1) [C:/Xilinx/vivado2017/Vivado/2017.2/scripts/rt/data/unisim_comp.v:26223]
INFO: [Synth 8-256] done synthesizing module 'mig_7series_v4_0_ddr_byte_group_io__parameterized0' (42#1) [c:/Users/Administrator/Desktop/XD58_Artix_100T_project/Project.srcs/sources_1/bd/sub_BD/ip/sub_BD_mig_7series_0_0/sub_BD_mig_7series_0_0/user_design/rtl/phy/mig_7series_v4_0_ddr_byte_group_io.v:69]
INFO: [Synth 8-256] done synthesizing module 'mig_7series_v4_0_ddr_byte_lane__parameterized0' (42#1) [c:/Users/Administrator/Desktop/XD58_Artix_100T_project/Project.srcs/sources_1/bd/sub_BD/ip/sub_BD_mig_7series_0_0/sub_BD_mig_7series_0_0/user_design/rtl/phy/mig_7series_v4_0_ddr_byte_lane.v:70]
INFO: [Synth 8-638] synthesizing module 'mig_7series_v4_0_ddr_byte_lane__parameterized1' [c:/Users/Administrator/Desktop/XD58_Artix_100T_project/Project.srcs/sources_1/bd/sub_BD/ip/sub_BD_mig_7series_0_0/sub_BD_mig_7series_0_0/user_design/rtl/phy/mig_7series_v4_0_ddr_byte_lane.v:70]
INFO: [Synth 8-638] synthesizing module 'mig_7series_v4_0_ddr_byte_group_io__parameterized1' [c:/Users/Administrator/Desktop/XD58_Artix_100T_project/Project.srcs/sources_1/bd/sub_BD/ip/sub_BD_mig_7series_0_0/sub_BD_mig_7series_0_0/user_design/rtl/phy/mig_7series_v4_0_ddr_byte_group_io.v:69]
INFO: [Synth 8-256] done synthesizing module 'mig_7series_v4_0_ddr_byte_group_io__parameterized1' (42#1) [c:/Users/Administrator/Desktop/XD58_Artix_100T_project/Project.srcs/sources_1/bd/sub_BD/ip/sub_BD_mig_7series_0_0/sub_BD_mig_7series_0_0/user_design/rtl/phy/mig_7series_v4_0_ddr_byte_group_io.v:69]
INFO: [Synth 8-256] done synthesizing module 'mig_7series_v4_0_ddr_byte_lane__parameterized1' (42#1) [c:/Users/Administrator/Desktop/XD58_Artix_100T_project/Project.srcs/sources_1/bd/sub_BD/ip/sub_BD_mig_7series_0_0/sub_BD_mig_7series_0_0/user_design/rtl/phy/mig_7series_v4_0_ddr_byte_lane.v:70]
INFO: [Synth 8-638] synthesizing module 'mig_7series_v4_0_ddr_byte_lane__parameterized2' [c:/Users/Administrator/Desktop/XD58_Artix_100T_project/Project.srcs/sources_1/bd/sub_BD/ip/sub_BD_mig_7series_0_0/sub_BD_mig_7series_0_0/user_design/rtl/phy/mig_7series_v4_0_ddr_byte_lane.v:70]
INFO: [Synth 8-638] synthesizing module 'OBUFDS' [C:/Xilinx/vivado2017/Vivado/2017.2/scripts/rt/data/unisim_comp.v:22286]
INFO: [Synth 8-256] done synthesizing module 'OBUFDS' (43#1) [C:/Xilinx/vivado2017/Vivado/2017.2/scripts/rt/data/unisim_comp.v:22286]
INFO: [Synth 8-638] synthesizing module 'mig_7series_v4_0_ddr_byte_group_io__parameterized2' [c:/Users/Administrator/Desktop/XD58_Artix_100T_project/Project.srcs/sources_1/bd/sub_BD/ip/sub_BD_mig_7series_0_0/sub_BD_mig_7series_0_0/user_design/rtl/phy/mig_7series_v4_0_ddr_byte_group_io.v:69]
INFO: [Synth 8-256] done synthesizing module 'mig_7series_v4_0_ddr_byte_group_io__parameterized2' (43#1) [c:/Users/Administrator/Desktop/XD58_Artix_100T_project/Project.srcs/sources_1/bd/sub_BD/ip/sub_BD_mig_7series_0_0/sub_BD_mig_7series_0_0/user_design/rtl/phy/mig_7series_v4_0_ddr_byte_group_io.v:69]
INFO: [Synth 8-256] done synthesizing module 'mig_7series_v4_0_ddr_byte_lane__parameterized2' (43#1) [c:/Users/Administrator/Desktop/XD58_Artix_100T_project/Project.srcs/sources_1/bd/sub_BD/ip/sub_BD_mig_7series_0_0/sub_BD_mig_7series_0_0/user_design/rtl/phy/mig_7series_v4_0_ddr_byte_lane.v:70]
INFO: [Synth 8-638] synthesizing module 'BUFIO' [C:/Xilinx/vivado2017/Vivado/2017.2/scripts/rt/data/unisim_comp.v:831]
INFO: [Synth 8-256] done synthesizing module 'BUFIO' (44#1) [C:/Xilinx/vivado2017/Vivado/2017.2/scripts/rt/data/unisim_comp.v:831]
INFO: [Synth 8-638] synthesizing module 'PHY_CONTROL' [C:/Xilinx/vivado2017/Vivado/2017.2/scripts/rt/data/unisim_comp.v:32933]
INFO: [Synth 8-256] done synthesizing module 'PHY_CONTROL' (45#1) [C:/Xilinx/vivado2017/Vivado/2017.2/scripts/rt/data/unisim_comp.v:32933]
INFO: [Synth 8-638] synthesizing module 'PHASER_REF' [C:/Xilinx/vivado2017/Vivado/2017.2/scripts/rt/data/unisim_comp.v:32917]
INFO: [Synth 8-256] done synthesizing module 'PHASER_REF' (46#1) [C:/Xilinx/vivado2017/Vivado/2017.2/scripts/rt/data/unisim_comp.v:32917]
INFO: [Synth 8-256] done synthesizing module 'mig_7series_v4_0_ddr_phy_4lanes' (47#1) [c:/Users/Administrator/Desktop/XD58_Artix_100T_project/Project.srcs/sources_1/bd/sub_BD/ip/sub_BD_mig_7series_0_0/sub_BD_mig_7series_0_0/user_design/rtl/phy/mig_7series_v4_0_ddr_phy_4lanes.v:72]
INFO: [Synth 8-638] synthesizing module 'mig_7series_v4_0_ddr_phy_4lanes__parameterized0' [c:/Users/Administrator/Desktop/XD58_Artix_100T_project/Project.srcs/sources_1/bd/sub_BD/ip/sub_BD_mig_7series_0_0/sub_BD_mig_7series_0_0/user_design/rtl/phy/mig_7series_v4_0_ddr_phy_4lanes.v:72]
INFO: [Synth 8-638] synthesizing module 'mig_7series_v4_0_ddr_byte_lane__parameterized3' [c:/Users/Administrator/Desktop/XD58_Artix_100T_project/Project.srcs/sources_1/bd/sub_BD/ip/sub_BD_mig_7series_0_0/sub_BD_mig_7series_0_0/user_design/rtl/phy/mig_7series_v4_0_ddr_byte_lane.v:70]
INFO: [Synth 8-256] done synthesizing module 'mig_7series_v4_0_ddr_byte_lane__parameterized3' (47#1) [c:/Users/Administrator/Desktop/XD58_Artix_100T_project/Project.srcs/sources_1/bd/sub_BD/ip/sub_BD_mig_7series_0_0/sub_BD_mig_7series_0_0/user_design/rtl/phy/mig_7series_v4_0_ddr_byte_lane.v:70]
INFO: [Synth 8-638] synthesizing module 'PHY_CONTROL__parameterized0' [C:/Xilinx/vivado2017/Vivado/2017.2/scripts/rt/data/unisim_comp.v:32933]
INFO: [Synth 8-256] done synthesizing module 'PHY_CONTROL__parameterized0' (47#1) [C:/Xilinx/vivado2017/Vivado/2017.2/scripts/rt/data/unisim_comp.v:32933]
INFO: [Synth 8-256] done synthesizing module 'mig_7series_v4_0_ddr_phy_4lanes__parameterized0' (47#1) [c:/Users/Administrator/Desktop/XD58_Artix_100T_project/Project.srcs/sources_1/bd/sub_BD/ip/sub_BD_mig_7series_0_0/sub_BD_mig_7series_0_0/user_design/rtl/phy/mig_7series_v4_0_ddr_phy_4lanes.v:72]
INFO: [Synth 8-256] done synthesizing module 'mig_7series_v4_0_ddr_mc_phy' (48#1) [c:/Users/Administrator/Desktop/XD58_Artix_100T_project/Project.srcs/sources_1/bd/sub_BD/ip/sub_BD_mig_7series_0_0/sub_BD_mig_7series_0_0/user_design/rtl/phy/mig_7series_v4_0_ddr_mc_phy.v:70]
INFO: [Synth 8-256] done synthesizing module 'mig_7series_v4_0_ddr_mc_phy_wrapper' (49#1) [c:/Users/Administrator/Desktop/XD58_Artix_100T_project/Project.srcs/sources_1/bd/sub_BD/ip/sub_BD_mig_7series_0_0/sub_BD_mig_7series_0_0/user_design/rtl/phy/mig_7series_v4_0_ddr_mc_phy_wrapper.v:71]
INFO: [Synth 8-638] synthesizing module 'mig_7series_v4_0_ddr_calib_top' [c:/Users/Administrator/Desktop/XD58_Artix_100T_project/Project.srcs/sources_1/bd/sub_BD/ip/sub_BD_mig_7series_0_0/sub_BD_mig_7series_0_0/user_design/rtl/phy/mig_7series_v4_0_ddr_calib_top.v:82]
INFO: [Synth 8-638] synthesizing module 'mig_7series_v4_0_ddr_phy_wrlvl' [c:/Users/Administrator/Desktop/XD58_Artix_100T_project/Project.srcs/sources_1/bd/sub_BD/ip/sub_BD_mig_7series_0_0/sub_BD_mig_7series_0_0/user_design/rtl/phy/mig_7series_v4_0_ddr_phy_wrlvl.v:90]
INFO: [Synth 8-256] done synthesizing module 'mig_7series_v4_0_ddr_phy_wrlvl' (50#1) [c:/Users/Administrator/Desktop/XD58_Artix_100T_project/Project.srcs/sources_1/bd/sub_BD/ip/sub_BD_mig_7series_0_0/sub_BD_mig_7series_0_0/user_design/rtl/phy/mig_7series_v4_0_ddr_phy_wrlvl.v:90]
INFO: [Synth 8-638] synthesizing module 'mig_7series_v4_0_ddr_phy_ck_addr_cmd_delay' [c:/Users/Administrator/Desktop/XD58_Artix_100T_project/Project.srcs/sources_1/bd/sub_BD/ip/sub_BD_mig_7series_0_0/sub_BD_mig_7series_0_0/user_design/rtl/phy/mig_7series_v4_0_ddr_phy_ck_addr_cmd_delay.v:68]
INFO: [Synth 8-256] done synthesizing module 'mig_7series_v4_0_ddr_phy_ck_addr_cmd_delay' (51#1) [c:/Users/Administrator/Desktop/XD58_Artix_100T_project/Project.srcs/sources_1/bd/sub_BD/ip/sub_BD_mig_7series_0_0/sub_BD_mig_7series_0_0/user_design/rtl/phy/mig_7series_v4_0_ddr_phy_ck_addr_cmd_delay.v:68]
INFO: [Synth 8-638] synthesizing module 'mig_7series_v4_0_ddr_phy_dqs_found_cal_hr' [c:/Users/Administrator/Desktop/XD58_Artix_100T_project/Project.srcs/sources_1/bd/sub_BD/ip/sub_BD_mig_7series_0_0/sub_BD_mig_7series_0_0/user_design/rtl/phy/mig_7series_v4_0_ddr_phy_dqs_found_cal_hr.v:79]
INFO: [Synth 8-256] done synthesizing module 'mig_7series_v4_0_ddr_phy_dqs_found_cal_hr' (52#1) [c:/Users/Administrator/Desktop/XD58_Artix_100T_project/Project.srcs/sources_1/bd/sub_BD/ip/sub_BD_mig_7series_0_0/sub_BD_mig_7series_0_0/user_design/rtl/phy/mig_7series_v4_0_ddr_phy_dqs_found_cal_hr.v:79]
INFO: [Synth 8-638] synthesizing module 'mig_7series_v4_0_ddr_phy_rdlvl' [c:/Users/Administrator/Desktop/XD58_Artix_100T_project/Project.srcs/sources_1/bd/sub_BD/ip/sub_BD_mig_7series_0_0/sub_BD_mig_7series_0_0/user_design/rtl/phy/mig_7series_v4_0_ddr_phy_rdlvl.v:81]
INFO: [Synth 8-256] done synthesizing module 'mig_7series_v4_0_ddr_phy_rdlvl' (53#1) [c:/Users/Administrator/Desktop/XD58_Artix_100T_project/Project.srcs/sources_1/bd/sub_BD/ip/sub_BD_mig_7series_0_0/sub_BD_mig_7series_0_0/user_design/rtl/phy/mig_7series_v4_0_ddr_phy_rdlvl.v:81]
INFO: [Synth 8-638] synthesizing module 'mig_7series_v4_0_ddr_prbs_gen' [c:/Users/Administrator/Desktop/XD58_Artix_100T_project/Project.srcs/sources_1/bd/sub_BD/ip/sub_BD_mig_7series_0_0/sub_BD_mig_7series_0_0/user_design/rtl/phy/mig_7series_v4_0_ddr_prbs_gen.v:92]
INFO: [Synth 8-256] done synthesizing module 'mig_7series_v4_0_ddr_prbs_gen' (54#1) [c:/Users/Administrator/Desktop/XD58_Artix_100T_project/Project.srcs/sources_1/bd/sub_BD/ip/sub_BD_mig_7series_0_0/sub_BD_mig_7series_0_0/user_design/rtl/phy/mig_7series_v4_0_ddr_prbs_gen.v:92]
INFO: [Synth 8-638] synthesizing module 'mig_7series_v4_0_ddr_phy_init' [c:/Users/Administrator/Desktop/XD58_Artix_100T_project/Project.srcs/sources_1/bd/sub_BD/ip/sub_BD_mig_7series_0_0/sub_BD_mig_7series_0_0/user_design/rtl/phy/mig_7series_v4_0_ddr_phy_init.v:89]
INFO: [Synth 8-256] done synthesizing module 'mig_7series_v4_0_ddr_phy_init' (55#1) [c:/Users/Administrator/Desktop/XD58_Artix_100T_project/Project.srcs/sources_1/bd/sub_BD/ip/sub_BD_mig_7series_0_0/sub_BD_mig_7series_0_0/user_design/rtl/phy/mig_7series_v4_0_ddr_phy_init.v:89]
INFO: [Synth 8-638] synthesizing module 'mig_7series_v4_0_ddr_phy_wrcal' [c:/Users/Administrator/Desktop/XD58_Artix_100T_project/Project.srcs/sources_1/bd/sub_BD/ip/sub_BD_mig_7series_0_0/sub_BD_mig_7series_0_0/user_design/rtl/phy/mig_7series_v4_0_ddr_phy_wrcal.v:77]
INFO: [Synth 8-256] done synthesizing module 'mig_7series_v4_0_ddr_phy_wrcal' (56#1) [c:/Users/Administrator/Desktop/XD58_Artix_100T_project/Project.srcs/sources_1/bd/sub_BD/ip/sub_BD_mig_7series_0_0/sub_BD_mig_7series_0_0/user_design/rtl/phy/mig_7series_v4_0_ddr_phy_wrcal.v:77]
INFO: [Synth 8-638] synthesizing module 'mig_7series_v4_0_ddr_phy_tempmon' [c:/Users/Administrator/Desktop/XD58_Artix_100T_project/Project.srcs/sources_1/bd/sub_BD/ip/sub_BD_mig_7series_0_0/sub_BD_mig_7series_0_0/user_design/rtl/phy/mig_7series_v4_0_ddr_phy_tempmon.v:69]
INFO: [Synth 8-256] done synthesizing module 'mig_7series_v4_0_ddr_phy_tempmon' (57#1) [c:/Users/Administrator/Desktop/XD58_Artix_100T_project/Project.srcs/sources_1/bd/sub_BD/ip/sub_BD_mig_7series_0_0/sub_BD_mig_7series_0_0/user_design/rtl/phy/mig_7series_v4_0_ddr_phy_tempmon.v:69]
INFO: [Synth 8-256] done synthesizing module 'mig_7series_v4_0_ddr_calib_top' (58#1) [c:/Users/Administrator/Desktop/XD58_Artix_100T_project/Project.srcs/sources_1/bd/sub_BD/ip/sub_BD_mig_7series_0_0/sub_BD_mig_7series_0_0/user_design/rtl/phy/mig_7series_v4_0_ddr_calib_top.v:82]
INFO: [Synth 8-256] done synthesizing module 'mig_7series_v4_0_ddr_phy_top' (59#1) [c:/Users/Administrator/Desktop/XD58_Artix_100T_project/Project.srcs/sources_1/bd/sub_BD/ip/sub_BD_mig_7series_0_0/sub_BD_mig_7series_0_0/user_design/rtl/phy/mig_7series_v4_0_ddr_phy_top.v:70]
INFO: [Synth 8-256] done synthesizing module 'mig_7series_v4_0_mem_intfc' (60#1) [c:/Users/Administrator/Desktop/XD58_Artix_100T_project/Project.srcs/sources_1/bd/sub_BD/ip/sub_BD_mig_7series_0_0/sub_BD_mig_7series_0_0/user_design/rtl/ip_top/mig_7series_v4_0_mem_intfc.v:70]
INFO: [Synth 8-638] synthesizing module 'mig_7series_v4_0_ui_top' [c:/Users/Administrator/Desktop/XD58_Artix_100T_project/Project.srcs/sources_1/bd/sub_BD/ip/sub_BD_mig_7series_0_0/sub_BD_mig_7series_0_0/user_design/rtl/ui/mig_7series_v4_0_ui_top.v:71]
INFO: [Synth 8-638] synthesizing module 'mig_7series_v4_0_ui_cmd' [c:/Users/Administrator/Desktop/XD58_Artix_100T_project/Project.srcs/sources_1/bd/sub_BD/ip/sub_BD_mig_7series_0_0/sub_BD_mig_7series_0_0/user_design/rtl/ui/mig_7series_v4_0_ui_cmd.v:70]
INFO: [Synth 8-256] done synthesizing module 'mig_7series_v4_0_ui_cmd' (61#1) [c:/Users/Administrator/Desktop/XD58_Artix_100T_project/Project.srcs/sources_1/bd/sub_BD/ip/sub_BD_mig_7series_0_0/sub_BD_mig_7series_0_0/user_design/rtl/ui/mig_7series_v4_0_ui_cmd.v:70]
INFO: [Synth 8-638] synthesizing module 'mig_7series_v4_0_ui_wr_data' [c:/Users/Administrator/Desktop/XD58_Artix_100T_project/Project.srcs/sources_1/bd/sub_BD/ip/sub_BD_mig_7series_0_0/sub_BD_mig_7series_0_0/user_design/rtl/ui/mig_7series_v4_0_ui_wr_data.v:131]
INFO: [Synth 8-256] done synthesizing module 'mig_7series_v4_0_ui_wr_data' (62#1) [c:/Users/Administrator/Desktop/XD58_Artix_100T_project/Project.srcs/sources_1/bd/sub_BD/ip/sub_BD_mig_7series_0_0/sub_BD_mig_7series_0_0/user_design/rtl/ui/mig_7series_v4_0_ui_wr_data.v:131]
INFO: [Synth 8-638] synthesizing module 'mig_7series_v4_0_ui_rd_data' [c:/Users/Administrator/Desktop/XD58_Artix_100T_project/Project.srcs/sources_1/bd/sub_BD/ip/sub_BD_mig_7series_0_0/sub_BD_mig_7series_0_0/user_design/rtl/ui/mig_7series_v4_0_ui_rd_data.v:140]
INFO: [Synth 8-256] done synthesizing module 'mig_7series_v4_0_ui_rd_data' (63#1) [c:/Users/Administrator/Desktop/XD58_Artix_100T_project/Project.srcs/sources_1/bd/sub_BD/ip/sub_BD_mig_7series_0_0/sub_BD_mig_7series_0_0/user_design/rtl/ui/mig_7series_v4_0_ui_rd_data.v:140]
INFO: [Synth 8-256] done synthesizing module 'mig_7series_v4_0_ui_top' (64#1) [c:/Users/Administrator/Desktop/XD58_Artix_100T_project/Project.srcs/sources_1/bd/sub_BD/ip/sub_BD_mig_7series_0_0/sub_BD_mig_7series_0_0/user_design/rtl/ui/mig_7series_v4_0_ui_top.v:71]
INFO: [Synth 8-638] synthesizing module 'mig_7series_v4_0_axi_mc' [c:/Users/Administrator/Desktop/XD58_Artix_100T_project/Project.srcs/sources_1/bd/sub_BD/ip/sub_BD_mig_7series_0_0/sub_BD_mig_7series_0_0/user_design/rtl/axi/mig_7series_v4_0_axi_mc.v:90]
INFO: [Synth 8-638] synthesizing module 'mig_7series_v4_0_ddr_axi_register_slice' [c:/Users/Administrator/Desktop/XD58_Artix_100T_project/Project.srcs/sources_1/bd/sub_BD/ip/sub_BD_mig_7series_0_0/sub_BD_mig_7series_0_0/user_design/rtl/axi/mig_7series_v4_0_ddr_axi_register_slice.v:63]
INFO: [Synth 8-638] synthesizing module 'mig_7series_v4_0_ddr_axic_register_slice' [c:/Users/Administrator/Desktop/XD58_Artix_100T_project/Project.srcs/sources_1/bd/sub_BD/ip/sub_BD_mig_7series_0_0/sub_BD_mig_7series_0_0/user_design/rtl/axi/mig_7series_v4_0_ddr_axic_register_slice.v:61]
INFO: [Synth 8-256] done synthesizing module 'mig_7series_v4_0_ddr_axic_register_slice' (65#1) [c:/Users/Administrator/Desktop/XD58_Artix_100T_project/Project.srcs/sources_1/bd/sub_BD/ip/sub_BD_mig_7series_0_0/sub_BD_mig_7series_0_0/user_design/rtl/axi/mig_7series_v4_0_ddr_axic_register_slice.v:61]
INFO: [Synth 8-638] synthesizing module 'mig_7series_v4_0_ddr_axic_register_slice__parameterized0' [c:/Users/Administrator/Desktop/XD58_Artix_100T_project/Project.srcs/sources_1/bd/sub_BD/ip/sub_BD_mig_7series_0_0/sub_BD_mig_7series_0_0/user_design/rtl/axi/mig_7series_v4_0_ddr_axic_register_slice.v:61]
INFO: [Synth 8-256] done synthesizing module 'mig_7series_v4_0_ddr_axic_register_slice__parameterized0' (65#1) [c:/Users/Administrator/Desktop/XD58_Artix_100T_project/Project.srcs/sources_1/bd/sub_BD/ip/sub_BD_mig_7series_0_0/sub_BD_mig_7series_0_0/user_design/rtl/axi/mig_7series_v4_0_ddr_axic_register_slice.v:61]
INFO: [Synth 8-638] synthesizing module 'mig_7series_v4_0_ddr_axic_register_slice__parameterized1' [c:/Users/Administrator/Desktop/XD58_Artix_100T_project/Project.srcs/sources_1/bd/sub_BD/ip/sub_BD_mig_7series_0_0/sub_BD_mig_7series_0_0/user_design/rtl/axi/mig_7series_v4_0_ddr_axic_register_slice.v:61]
INFO: [Synth 8-256] done synthesizing module 'mig_7series_v4_0_ddr_axic_register_slice__parameterized1' (65#1) [c:/Users/Administrator/Desktop/XD58_Artix_100T_project/Project.srcs/sources_1/bd/sub_BD/ip/sub_BD_mig_7series_0_0/sub_BD_mig_7series_0_0/user_design/rtl/axi/mig_7series_v4_0_ddr_axic_register_slice.v:61]
INFO: [Synth 8-638] synthesizing module 'mig_7series_v4_0_ddr_axic_register_slice__parameterized2' [c:/Users/Administrator/Desktop/XD58_Artix_100T_project/Project.srcs/sources_1/bd/sub_BD/ip/sub_BD_mig_7series_0_0/sub_BD_mig_7series_0_0/user_design/rtl/axi/mig_7series_v4_0_ddr_axic_register_slice.v:61]
INFO: [Synth 8-256] done synthesizing module 'mig_7series_v4_0_ddr_axic_register_slice__parameterized2' (65#1) [c:/Users/Administrator/Desktop/XD58_Artix_100T_project/Project.srcs/sources_1/bd/sub_BD/ip/sub_BD_mig_7series_0_0/sub_BD_mig_7series_0_0/user_design/rtl/axi/mig_7series_v4_0_ddr_axic_register_slice.v:61]
INFO: [Synth 8-256] done synthesizing module 'mig_7series_v4_0_ddr_axi_register_slice' (66#1) [c:/Users/Administrator/Desktop/XD58_Artix_100T_project/Project.srcs/sources_1/bd/sub_BD/ip/sub_BD_mig_7series_0_0/sub_BD_mig_7series_0_0/user_design/rtl/axi/mig_7series_v4_0_ddr_axi_register_slice.v:63]
INFO: [Synth 8-638] synthesizing module 'mig_7series_v4_0_axi_mc_aw_channel' [c:/Users/Administrator/Desktop/XD58_Artix_100T_project/Project.srcs/sources_1/bd/sub_BD/ip/sub_BD_mig_7series_0_0/sub_BD_mig_7series_0_0/user_design/rtl/axi/mig_7series_v4_0_axi_mc_aw_channel.v:57]
INFO: [Synth 8-638] synthesizing module 'mig_7series_v4_0_axi_mc_cmd_translator' [c:/Users/Administrator/Desktop/XD58_Artix_100T_project/Project.srcs/sources_1/bd/sub_BD/ip/sub_BD_mig_7series_0_0/sub_BD_mig_7series_0_0/user_design/rtl/axi/mig_7series_v4_0_axi_mc_cmd_translator.v:62]
INFO: [Synth 8-638] synthesizing module 'mig_7series_v4_0_axi_mc_incr_cmd' [c:/Users/Administrator/Desktop/XD58_Artix_100T_project/Project.srcs/sources_1/bd/sub_BD/ip/sub_BD_mig_7series_0_0/sub_BD_mig_7series_0_0/user_design/rtl/axi/mig_7series_v4_0_axi_mc_incr_cmd.v:64]
INFO: [Synth 8-256] done synthesizing module 'mig_7series_v4_0_axi_mc_incr_cmd' (67#1) [c:/Users/Administrator/Desktop/XD58_Artix_100T_project/Project.srcs/sources_1/bd/sub_BD/ip/sub_BD_mig_7series_0_0/sub_BD_mig_7series_0_0/user_design/rtl/axi/mig_7series_v4_0_axi_mc_incr_cmd.v:64]
INFO: [Synth 8-638] synthesizing module 'mig_7series_v4_0_axi_mc_wrap_cmd' [c:/Users/Administrator/Desktop/XD58_Artix_100T_project/Project.srcs/sources_1/bd/sub_BD/ip/sub_BD_mig_7series_0_0/sub_BD_mig_7series_0_0/user_design/rtl/axi/mig_7series_v4_0_axi_mc_wrap_cmd.v:97]
INFO: [Synth 8-256] done synthesizing module 'mig_7series_v4_0_axi_mc_wrap_cmd' (68#1) [c:/Users/Administrator/Desktop/XD58_Artix_100T_project/Project.srcs/sources_1/bd/sub_BD/ip/sub_BD_mig_7series_0_0/sub_BD_mig_7series_0_0/user_design/rtl/axi/mig_7series_v4_0_axi_mc_wrap_cmd.v:97]
INFO: [Synth 8-256] done synthesizing module 'mig_7series_v4_0_axi_mc_cmd_translator' (69#1) [c:/Users/Administrator/Desktop/XD58_Artix_100T_project/Project.srcs/sources_1/bd/sub_BD/ip/sub_BD_mig_7series_0_0/sub_BD_mig_7series_0_0/user_design/rtl/axi/mig_7series_v4_0_axi_mc_cmd_translator.v:62]
INFO: [Synth 8-638] synthesizing module 'mig_7series_v4_0_axi_mc_wr_cmd_fsm' [c:/Users/Administrator/Desktop/XD58_Artix_100T_project/Project.srcs/sources_1/bd/sub_BD/ip/sub_BD_mig_7series_0_0/sub_BD_mig_7series_0_0/user_design/rtl/axi/mig_7series_v4_0_axi_mc_wr_cmd_fsm.v:76]
INFO: [Synth 8-256] done synthesizing module 'mig_7series_v4_0_axi_mc_wr_cmd_fsm' (70#1) [c:/Users/Administrator/Desktop/XD58_Artix_100T_project/Project.srcs/sources_1/bd/sub_BD/ip/sub_BD_mig_7series_0_0/sub_BD_mig_7series_0_0/user_design/rtl/axi/mig_7series_v4_0_axi_mc_wr_cmd_fsm.v:76]
INFO: [Synth 8-256] done synthesizing module 'mig_7series_v4_0_axi_mc_aw_channel' (71#1) [c:/Users/Administrator/Desktop/XD58_Artix_100T_project/Project.srcs/sources_1/bd/sub_BD/ip/sub_BD_mig_7series_0_0/sub_BD_mig_7series_0_0/user_design/rtl/axi/mig_7series_v4_0_axi_mc_aw_channel.v:57]
INFO: [Synth 8-638] synthesizing module 'mig_7series_v4_0_axi_mc_w_channel' [c:/Users/Administrator/Desktop/XD58_Artix_100T_project/Project.srcs/sources_1/bd/sub_BD/ip/sub_BD_mig_7series_0_0/sub_BD_mig_7series_0_0/user_design/rtl/axi/mig_7series_v4_0_axi_mc_w_channel.v:64]
INFO: [Synth 8-256] done synthesizing module 'mig_7series_v4_0_axi_mc_w_channel' (72#1) [c:/Users/Administrator/Desktop/XD58_Artix_100T_project/Project.srcs/sources_1/bd/sub_BD/ip/sub_BD_mig_7series_0_0/sub_BD_mig_7series_0_0/user_design/rtl/axi/mig_7series_v4_0_axi_mc_w_channel.v:64]
INFO: [Synth 8-638] synthesizing module 'mig_7series_v4_0_axi_mc_b_channel' [c:/Users/Administrator/Desktop/XD58_Artix_100T_project/Project.srcs/sources_1/bd/sub_BD/ip/sub_BD_mig_7series_0_0/sub_BD_mig_7series_0_0/user_design/rtl/axi/mig_7series_v4_0_axi_mc_b_channel.v:83]
INFO: [Synth 8-638] synthesizing module 'mig_7series_v4_0_axi_mc_fifo' [c:/Users/Administrator/Desktop/XD58_Artix_100T_project/Project.srcs/sources_1/bd/sub_BD/ip/sub_BD_mig_7series_0_0/sub_BD_mig_7series_0_0/user_design/rtl/axi/mig_7series_v4_0_axi_mc_fifo.v:70]
INFO: [Synth 8-256] done synthesizing module 'mig_7series_v4_0_axi_mc_fifo' (73#1) [c:/Users/Administrator/Desktop/XD58_Artix_100T_project/Project.srcs/sources_1/bd/sub_BD/ip/sub_BD_mig_7series_0_0/sub_BD_mig_7series_0_0/user_design/rtl/axi/mig_7series_v4_0_axi_mc_fifo.v:70]
INFO: [Synth 8-256] done synthesizing module 'mig_7series_v4_0_axi_mc_b_channel' (74#1) [c:/Users/Administrator/Desktop/XD58_Artix_100T_project/Project.srcs/sources_1/bd/sub_BD/ip/sub_BD_mig_7series_0_0/sub_BD_mig_7series_0_0/user_design/rtl/axi/mig_7series_v4_0_axi_mc_b_channel.v:83]
INFO: [Synth 8-638] synthesizing module 'mig_7series_v4_0_axi_mc_ar_channel' [c:/Users/Administrator/Desktop/XD58_Artix_100T_project/Project.srcs/sources_1/bd/sub_BD/ip/sub_BD_mig_7series_0_0/sub_BD_mig_7series_0_0/user_design/rtl/axi/mig_7series_v4_0_axi_mc_ar_channel.v:57]
INFO: [Synth 8-638] synthesizing module 'mig_7series_v4_0_axi_mc_cmd_translator__parameterized0' [c:/Users/Administrator/Desktop/XD58_Artix_100T_project/Project.srcs/sources_1/bd/sub_BD/ip/sub_BD_mig_7series_0_0/sub_BD_mig_7series_0_0/user_design/rtl/axi/mig_7series_v4_0_axi_mc_cmd_translator.v:62]
INFO: [Synth 8-638] synthesizing module 'mig_7series_v4_0_axi_mc_incr_cmd__parameterized0' [c:/Users/Administrator/Desktop/XD58_Artix_100T_project/Project.srcs/sources_1/bd/sub_BD/ip/sub_BD_mig_7series_0_0/sub_BD_mig_7series_0_0/user_design/rtl/axi/mig_7series_v4_0_axi_mc_incr_cmd.v:64]
INFO: [Synth 8-256] done synthesizing module 'mig_7series_v4_0_axi_mc_incr_cmd__parameterized0' (74#1) [c:/Users/Administrator/Desktop/XD58_Artix_100T_project/Project.srcs/sources_1/bd/sub_BD/ip/sub_BD_mig_7series_0_0/sub_BD_mig_7series_0_0/user_design/rtl/axi/mig_7series_v4_0_axi_mc_incr_cmd.v:64]
INFO: [Synth 8-638] synthesizing module 'mig_7series_v4_0_axi_mc_wrap_cmd__parameterized0' [c:/Users/Administrator/Desktop/XD58_Artix_100T_project/Project.srcs/sources_1/bd/sub_BD/ip/sub_BD_mig_7series_0_0/sub_BD_mig_7series_0_0/user_design/rtl/axi/mig_7series_v4_0_axi_mc_wrap_cmd.v:97]
INFO: [Synth 8-256] done synthesizing module 'mig_7series_v4_0_axi_mc_wrap_cmd__parameterized0' (74#1) [c:/Users/Administrator/Desktop/XD58_Artix_100T_project/Project.srcs/sources_1/bd/sub_BD/ip/sub_BD_mig_7series_0_0/sub_BD_mig_7series_0_0/user_design/rtl/axi/mig_7series_v4_0_axi_mc_wrap_cmd.v:97]
INFO: [Synth 8-256] done synthesizing module 'mig_7series_v4_0_axi_mc_cmd_translator__parameterized0' (74#1) [c:/Users/Administrator/Desktop/XD58_Artix_100T_project/Project.srcs/sources_1/bd/sub_BD/ip/sub_BD_mig_7series_0_0/sub_BD_mig_7series_0_0/user_design/rtl/axi/mig_7series_v4_0_axi_mc_cmd_translator.v:62]
INFO: [Synth 8-638] synthesizing module 'mig_7series_v4_0_axi_mc_cmd_fsm' [c:/Users/Administrator/Desktop/XD58_Artix_100T_project/Project.srcs/sources_1/bd/sub_BD/ip/sub_BD_mig_7series_0_0/sub_BD_mig_7series_0_0/user_design/rtl/axi/mig_7series_v4_0_axi_mc_cmd_fsm.v:72]
INFO: [Synth 8-256] done synthesizing module 'mig_7series_v4_0_axi_mc_cmd_fsm' (75#1) [c:/Users/Administrator/Desktop/XD58_Artix_100T_project/Project.srcs/sources_1/bd/sub_BD/ip/sub_BD_mig_7series_0_0/sub_BD_mig_7series_0_0/user_design/rtl/axi/mig_7series_v4_0_axi_mc_cmd_fsm.v:72]
INFO: [Synth 8-256] done synthesizing module 'mig_7series_v4_0_axi_mc_ar_channel' (76#1) [c:/Users/Administrator/Desktop/XD58_Artix_100T_project/Project.srcs/sources_1/bd/sub_BD/ip/sub_BD_mig_7series_0_0/sub_BD_mig_7series_0_0/user_design/rtl/axi/mig_7series_v4_0_axi_mc_ar_channel.v:57]
INFO: [Synth 8-638] synthesizing module 'mig_7series_v4_0_axi_mc_r_channel' [c:/Users/Administrator/Desktop/XD58_Artix_100T_project/Project.srcs/sources_1/bd/sub_BD/ip/sub_BD_mig_7series_0_0/sub_BD_mig_7series_0_0/user_design/rtl/axi/mig_7series_v4_0_axi_mc_r_channel.v:67]
INFO: [Synth 8-638] synthesizing module 'mig_7series_v4_0_axi_mc_fifo__parameterized0' [c:/Users/Administrator/Desktop/XD58_Artix_100T_project/Project.srcs/sources_1/bd/sub_BD/ip/sub_BD_mig_7series_0_0/sub_BD_mig_7series_0_0/user_design/rtl/axi/mig_7series_v4_0_axi_mc_fifo.v:70]
INFO: [Synth 8-256] done synthesizing module 'mig_7series_v4_0_axi_mc_fifo__parameterized0' (76#1) [c:/Users/Administrator/Desktop/XD58_Artix_100T_project/Project.srcs/sources_1/bd/sub_BD/ip/sub_BD_mig_7series_0_0/sub_BD_mig_7series_0_0/user_design/rtl/axi/mig_7series_v4_0_axi_mc_fifo.v:70]
INFO: [Synth 8-638] synthesizing module 'mig_7series_v4_0_axi_mc_fifo__parameterized1' [c:/Users/Administrator/Desktop/XD58_Artix_100T_project/Project.srcs/sources_1/bd/sub_BD/ip/sub_BD_mig_7series_0_0/sub_BD_mig_7series_0_0/user_design/rtl/axi/mig_7series_v4_0_axi_mc_fifo.v:70]
INFO: [Synth 8-256] done synthesizing module 'mig_7series_v4_0_axi_mc_fifo__parameterized1' (76#1) [c:/Users/Administrator/Desktop/XD58_Artix_100T_project/Project.srcs/sources_1/bd/sub_BD/ip/sub_BD_mig_7series_0_0/sub_BD_mig_7series_0_0/user_design/rtl/axi/mig_7series_v4_0_axi_mc_fifo.v:70]
INFO: [Synth 8-256] done synthesizing module 'mig_7series_v4_0_axi_mc_r_channel' (77#1) [c:/Users/Administrator/Desktop/XD58_Artix_100T_project/Project.srcs/sources_1/bd/sub_BD/ip/sub_BD_mig_7series_0_0/sub_BD_mig_7series_0_0/user_design/rtl/axi/mig_7series_v4_0_axi_mc_r_channel.v:67]
INFO: [Synth 8-638] synthesizing module 'mig_7series_v4_0_axi_mc_cmd_arbiter' [c:/Users/Administrator/Desktop/XD58_Artix_100T_project/Project.srcs/sources_1/bd/sub_BD/ip/sub_BD_mig_7series_0_0/sub_BD_mig_7series_0_0/user_design/rtl/axi/mig_7series_v4_0_axi_mc_cmd_arbiter.v:61]
INFO: [Synth 8-256] done synthesizing module 'mig_7series_v4_0_axi_mc_cmd_arbiter' (78#1) [c:/Users/Administrator/Desktop/XD58_Artix_100T_project/Project.srcs/sources_1/bd/sub_BD/ip/sub_BD_mig_7series_0_0/sub_BD_mig_7series_0_0/user_design/rtl/axi/mig_7series_v4_0_axi_mc_cmd_arbiter.v:61]
INFO: [Synth 8-256] done synthesizing module 'mig_7series_v4_0_axi_mc' (79#1) [c:/Users/Administrator/Desktop/XD58_Artix_100T_project/Project.srcs/sources_1/bd/sub_BD/ip/sub_BD_mig_7series_0_0/sub_BD_mig_7series_0_0/user_design/rtl/axi/mig_7series_v4_0_axi_mc.v:90]
INFO: [Synth 8-256] done synthesizing module 'mig_7series_v4_0_memc_ui_top_axi' (80#1) [c:/Users/Administrator/Desktop/XD58_Artix_100T_project/Project.srcs/sources_1/bd/sub_BD/ip/sub_BD_mig_7series_0_0/sub_BD_mig_7series_0_0/user_design/rtl/ip_top/mig_7series_v4_0_memc_ui_top_axi.v:72]
INFO: [Synth 8-256] done synthesizing module 'sub_BD_mig_7series_0_0_mig' (81#1) [c:/Users/Administrator/Desktop/XD58_Artix_100T_project/Project.srcs/sources_1/bd/sub_BD/ip/sub_BD_mig_7series_0_0/sub_BD_mig_7series_0_0/user_design/rtl/sub_BD_mig_7series_0_0_mig.v:75]
INFO: [Synth 8-256] done synthesizing module 'sub_BD_mig_7series_0_0' (82#1) [c:/Users/Administrator/Desktop/XD58_Artix_100T_project/Project.srcs/sources_1/bd/sub_BD/ip/sub_BD_mig_7series_0_0/sub_BD_mig_7series_0_0/user_design/rtl/sub_BD_mig_7series_0_0.v:70]
Finished RTL Elaboration : Time (s): cpu = 00:00:17 ; elapsed = 00:00:18 . Memory (MB): peak = 574.656 ; gain = 268.727
Finished RTL Optimization Phase 1 : Time (s): cpu = 00:00:20 ; elapsed = 00:00:20 . Memory (MB): peak = 574.656 ; gain = 268.727
INFO: [Device 21-403] Loading part xc7a100tfgg484-2L
Constraint Validation Runtime : Time (s): cpu = 00:00:00 ; elapsed = 00:00:00.226 . Memory (MB): peak = 880.707 ; gain = 0.000
Finished Constraint Validation : Time (s): cpu = 00:00:45 ; elapsed = 00:00:45 . Memory (MB): peak = 880.707 ; gain = 574.777
Finished Loading Part and Timing Information : Time (s): cpu = 00:00:45 ; elapsed = 00:00:45 . Memory (MB): peak = 880.707 ; gain = 574.777
Finished applying 'set_property' XDC Constraints : Time (s): cpu = 00:00:45 ; elapsed = 00:00:45 . Memory (MB): peak = 880.707 ; gain = 574.777
Finished RTL Optimization Phase 2 : Time (s): cpu = 00:01:05 ; elapsed = 00:01:05 . Memory (MB): peak = 880.707 ; gain = 574.777
Finished Cross Boundary and Area Optimization : Time (s): cpu = 00:02:55 ; elapsed = 00:02:59 . Memory (MB): peak = 1288.051 ; gain = 982.121
---------------------------------------------------------------------------------
Start ROM, RAM, DSP and Shift Register Reporting
---------------------------------------------------------------------------------

ROM:
+------------------------------+------------+---------------+----------------+
|Module Name                   | RTL Object | Depth x Width | Implemented As | 
+------------------------------+------------+---------------+----------------+
|mig_7series_v4_0_ddr_prbs_gen | mem_out    | 256x18        | LUT            | 
|mig_7series_v4_0_ddr_prbs_gen | mem_out    | 256x18        | LUT            | 
+------------------------------+------------+---------------+----------------+


Distributed RAM: Preliminary Mapping  Report (see note below)
+-----------------------+-------------------------------------------------------------------------------------------------------------------------+-----------+----------------------+---------------+
|Module Name            | RTL Object                                                                                                              | Inference | Size (Depth x Width) | Primitives    | 
+-----------------------+-------------------------------------------------------------------------------------------------------------------------+-----------+----------------------+---------------+
|sub_BD_mig_7series_0_0 | of_pre_fifo_gen.u_ddr_of_pre_fifo/mem_reg                                                                               | Implied   | 16 x 80              | RAM32M x 14   | 
|sub_BD_mig_7series_0_0 | ddr_byte_lane_A.ddr_byte_lane_A/dq_gen_40.if_post_fifo_gen.u_ddr_if_post_fifo/mem_reg                                   | Implied   | 4 x 80               | RAM32M x 14   | 
|sub_BD_mig_7series_0_0 | ddr_byte_lane_A.ddr_byte_lane_A/of_pre_fifo_gen.u_ddr_of_pre_fifo/mem_reg                                               | Implied   | 16 x 80              | RAM32M x 14   | 
|sub_BD_mig_7series_0_0 | ddr_byte_lane_B.ddr_byte_lane_B/of_pre_fifo_gen.u_ddr_of_pre_fifo/mem_reg                                               | Implied   | 16 x 80              | RAM32M x 14   | 
|sub_BD_mig_7series_0_0 | ddr_byte_lane_C.ddr_byte_lane_C/of_pre_fifo_gen.u_ddr_of_pre_fifo/mem_reg                                               | Implied   | 16 x 80              | RAM32M x 14   | 
|sub_BD_mig_7series_0_0 | ddr_phy_4lanes_1.u_ddr_phy_4lanes/ddr_byte_lane_D.ddr_byte_lane_D/dq_gen_40.if_post_fifo_gen.u_ddr_if_post_fifo/mem_reg | Implied   | 4 x 80               | RAM32M x 14   | 
|sub_BD_mig_7series_0_0 | ddr_phy_4lanes_1.u_ddr_phy_4lanes/ddr_byte_lane_D.ddr_byte_lane_D/of_pre_fifo_gen.u_ddr_of_pre_fifo/mem_reg             | Implied   | 16 x 80              | RAM32M x 14   | 
+-----------------------+-------------------------------------------------------------------------------------------------------------------------+-----------+----------------------+---------------+

Note: The table above is a preliminary report that shows the Distributed RAMs at the current stage of the synthesis flow. Some Distributed RAMs may be reimplemented as non Distributed RAM primitives later in the synthesis flow. Multiple instantiated RAMs are reported only once.
---------------------------------------------------------------------------------
Finished ROM, RAM, DSP and Shift Register Reporting
---------------------------------------------------------------------------------
Finished Applying XDC Timing Constraints : Time (s): cpu = 00:03:10 ; elapsed = 00:03:14 . Memory (MB): peak = 1364.008 ; gain = 1058.078
Finished Timing Optimization : Time (s): cpu = 00:03:13 ; elapsed = 00:03:16 . Memory (MB): peak = 1372.023 ; gain = 1066.094
Finished Technology Mapping : Time (s): cpu = 00:03:28 ; elapsed = 00:03:32 . Memory (MB): peak = 1372.023 ; gain = 1066.094
Finished IO Insertion : Time (s): cpu = 00:03:30 ; elapsed = 00:03:34 . Memory (MB): peak = 1372.023 ; gain = 1066.094
Finished Renaming Generated Instances : Time (s): cpu = 00:03:30 ; elapsed = 00:03:34 . Memory (MB): peak = 1372.023 ; gain = 1066.094
Finished Rebuilding User Hierarchy : Time (s): cpu = 00:03:33 ; elapsed = 00:03:37 . Memory (MB): peak = 1372.023 ; gain = 1066.094
Finished Renaming Generated Ports : Time (s): cpu = 00:03:33 ; elapsed = 00:03:37 . Memory (MB): peak = 1372.023 ; gain = 1066.094
Finished Handling Custom Attributes : Time (s): cpu = 00:03:34 ; elapsed = 00:03:37 . Memory (MB): peak = 1372.023 ; gain = 1066.094
Finished Renaming Generated Nets : Time (s): cpu = 00:03:34 ; elapsed = 00:03:38 . Memory (MB): peak = 1372.023 ; gain = 1066.094

Report Cell Usage: 
+------+----------------------+------+
|      |Cell                  |Count |
+------+----------------------+------+
|1     |BUFG                  |     3|
|2     |BUFH                  |     1|
|3     |BUFIO                 |     2|
|4     |CARRY4                |   120|
|5     |IDELAYCTRL            |     1|
|6     |IDELAYE2              |    16|
|7     |IN_FIFO               |     2|
|8     |ISERDESE2             |    16|
|9     |LUT1                  |   459|
|10    |LUT2                  |   512|
|11    |LUT3                  |   972|
|12    |LUT4                  |   898|
|13    |LUT5                  |  1398|
|14    |LUT6                  |  1441|
|15    |MMCME2_ADV            |     1|
|16    |MUXF7                 |    43|
|17    |ODDR                  |     5|
|18    |OSERDESE2             |    23|
|19    |OSERDESE2_1           |     2|
|20    |OSERDESE2_2           |    18|
|21    |OUT_FIFO              |     3|
|22    |OUT_FIFO_1            |     2|
|23    |PHASER_IN_PHY         |     2|
|24    |PHASER_OUT_PHY        |     3|
|25    |PHASER_OUT_PHY_1      |     2|
|26    |PHASER_REF            |     2|
|27    |PHY_CONTROL           |     2|
|28    |PLLE2_ADV             |     1|
|29    |RAM32M                |   132|
|30    |SRL16E                |    23|
|31    |SRLC32E               |   134|
|32    |XORCY                 |     6|
|33    |FDCE                  |     3|
|34    |FDPE                  |    72|
|35    |FDRE                  |  4069|
|36    |FDSE                  |   119|
|37    |IOBUFDS_INTERMDISABLE |     2|
|38    |IOBUF_INTERMDISABLE   |    16|
|39    |OBUF                  |    24|
|40    |OBUFDS                |     1|
|41    |OBUFT                 |     2|
+------+----------------------+------+
Finished Writing Synthesis Report : Time (s): cpu = 00:03:34 ; elapsed = 00:03:38 . Memory (MB): peak = 1372.023 ; gain = 1066.094
synth_design: Time (s): cpu = 00:03:41 ; elapsed = 00:03:45 . Memory (MB): peak = 1372.023 ; gain = 1066.094
